{"content": {"suites": {"0": {"status": {"total_pass": 7, "total_skip": 0, "total_xpass": 0, "total_xfail": 0, "total_rerun": 0, "total_fail": 7, "total_error": 0}, "tests": {"0": {"status": "PASS", "message": "", "test_name": "test_close_popup[chromium]", "rerun": "0"}, "1": {"status": "PASS", "message": "", "test_name": "test_get_main_page_title[chromium]", "rerun": "0"}, "2": {"status": "FAIL", "message": "   selenium.common.exceptions.TimeoutException: Message:\n", "test_name": "test_nav_to_course_schedules[chromium]", "rerun": "0"}, "3": {"status": "FAIL", "message": "   AttributeError: type object 'Testdata' has no attribute 'COURSE_SCHEDULES_TITLE'\n", "test_name": "test_get_course_schedules_page_title[chromium]", "rerun": "0"}, "4": {"status": "PASS", "message": "", "test_name": "test_nav_to_mainpage_from_course_schedules[chromium]", "rerun": "0"}, "5": {"status": "PASS", "message": "", "test_name": "test_nav_to_discounts[chromium]", "rerun": "0"}, "6": {"status": "PASS", "message": "", "test_name": "test_get_discount_page_title[chromium]", "rerun": "0"}, "7": {"status": "PASS", "message": "", "test_name": "test_nav_to_mainpage_from_discounts[chromium]", "rerun": "0"}, "8": {"status": "PASS", "message": "", "test_name": "test_nav_to_news[chromium]", "rerun": "0"}, "9": {"status": "FAIL", "message": "   selenium.common.exceptions.NoSuchWindowException: Message: no such window: target window already closed\n   from unknown error: web view not found\n     (Session info: chrome=97.0.4692.71)\n", "test_name": "test_get_news_page_title[chromium]", "rerun": "0"}, "10": {"status": "FAIL", "message": "   selenium.common.exceptions.NoSuchWindowException: Message: no such window: target window already closed\n   from unknown error: web view not found\n     (Session info: chrome=97.0.4692.71)\n", "test_name": "test_nav_to_mainpage_from_news[chromium]", "rerun": "0"}, "11": {"status": "FAIL", "message": "   selenium.common.exceptions.NoSuchWindowException: Message: no such window: target window already closed\n   from unknown error: web view not found\n     (Session info: chrome=97.0.4692.71)\n", "test_name": "test_nav_to_contacts[chromium]", "rerun": "0"}, "12": {"status": "FAIL", "message": "   selenium.common.exceptions.NoSuchWindowException: Message: no such window: target window already closed\n   from unknown error: web view not found\n     (Session info: chrome=97.0.4692.71)\n", "test_name": "test_nav_to_mainpage_from_contacts[chromium]", "rerun": "0"}, "13": {"status": "FAIL", "message": "   selenium.common.exceptions.NoSuchWindowException: Message: no such window: target window already closed\n   from unknown error: web view not found\n     (Session info: chrome=97.0.4692.71)\n", "test_name": "test_get_contacts_page_title[chromium]", "rerun": "0"}}, "suite_name": "test_nav_mainpage.py"}}}, "date": "January 13, 2022", "start_time": 1642112809.070991, "total_suite": 1, "status": "FAIL", "status_list": {"pass": "7", "fail": "7", "skip": "0", "error": "0", "xpass": "0", "xfail": "0", "rerun": "0"}, "total_tests": "14"}