{"content": {"suites": {"0": {"status": {"total_pass": 2, "total_skip": 0, "total_xpass": 0, "total_xfail": 0, "total_rerun": 0, "total_fail": 11, "total_error": 0}, "tests": {"0": {"status": "PASS", "message": "", "test_name": "test_close_popup[chromium]", "rerun": "0"}, "1": {"status": "FAIL", "message": "   selenium.common.exceptions.TimeoutException: Message:\n", "test_name": "test_course_shedule_button_exists[chromium]", "rerun": "0"}, "2": {"status": "FAIL", "message": "   selenium.common.exceptions.TimeoutException: Message:\n", "test_name": "test_discount_button_exists[chromium]", "rerun": "0"}, "3": {"status": "FAIL", "message": "   selenium.common.exceptions.TimeoutException: Message:\n", "test_name": "test_news_button_exists[chromium]", "rerun": "0"}, "4": {"status": "FAIL", "message": "   selenium.common.exceptions.TimeoutException: Message:\n", "test_name": "test_contacts_button_exists[chromium]", "rerun": "0"}, "5": {"status": "PASS", "message": "", "test_name": "test_nav_to_course_schedule[chromium]", "rerun": "0"}, "6": {"status": "FAIL", "message": "   AttributeError: 'Course_Schedule' object has no attribute 'get_page_title'\n", "test_name": "test_get_course_schedule_page_title[chromium]", "rerun": "0"}, "7": {"status": "FAIL", "message": "   AttributeError: 'Course_Schedule' object has no attribute 'nav_to_discounts'\n", "test_name": "test_nav_to_discounts[chromium]", "rerun": "0"}, "8": {"status": "FAIL", "message": "   AttributeError: 'Discounts' object has no attribute 'get_page_title'\n", "test_name": "test_get_discount_page_title[chromium]", "rerun": "0"}, "9": {"status": "FAIL", "message": "   AttributeError: 'Discounts' object has no attribute 'nav_to_news'\n", "test_name": "test_nav_to_news[chromium]", "rerun": "0"}, "10": {"status": "FAIL", "message": "   AttributeError: 'News' object has no attribute 'get_page_title'\n", "test_name": "test_get_news_page_title[chromium]", "rerun": "0"}, "11": {"status": "FAIL", "message": "   AttributeError: 'News' object has no attribute 'nav_to_contacts'\n", "test_name": "test_nav_to_contacts[chromium]", "rerun": "0"}, "12": {"status": "FAIL", "message": "   AttributeError: type object 'Testdata' has no attribute 'CONTACT_URL'\n", "test_name": "test_get_contacts_page_title[chromium]", "rerun": "0"}}, "suite_name": "test_nav_mainpage.py"}}}, "date": "January 12, 2022", "start_time": 1642007824.809054, "total_suite": 1, "status": "FAIL", "status_list": {"pass": "2", "fail": "11", "skip": "0", "error": "0", "xpass": "0", "xfail": "0", "rerun": "0"}, "total_tests": "13"}