{"content": {"suites": {"0": {"status": {"total_pass": 4, "total_skip": 0, "total_xpass": 0, "total_xfail": 0, "total_rerun": 0, "total_fail": 0, "total_error": 0}, "tests": {"0": {"status": "PASS", "message": "", "test_name": "test_loginpage_title[chromium]", "rerun": "0"}, "1": {"status": "PASS", "message": "", "test_name": "test_signup_link_visible[chromium]", "rerun": "0"}, "2": {"status": "PASS", "message": "", "test_name": "test_login[chromium]", "rerun": "0"}, "3": {"status": "PASS", "message": "", "test_name": "test_check_login_succesful[chromium]", "rerun": "0"}}, "suite_name": "Functional/test_login.py"}, "1": {"suite_name": "Functional/test_msg_to_comp.py", "tests": {"0": {"status": "PASS", "message": "", "test_name": "test_get_contacts_page_title[chromium]", "rerun": "0"}, "1": {"status": "PASS", "message": "", "test_name": "test_nav_to_message_form[chromium]", "rerun": "0"}, "2": {"status": "PASS", "message": "", "test_name": "test_fill_dataform[chromium]", "rerun": "0"}}, "status": {"total_pass": 3, "total_skip": 0, "total_xpass": 0, "total_xfail": 0, "total_rerun": 0, "total_fail": 0, "total_error": 0}}, "2": {"suite_name": "Navigation/test_hover.py", "tests": {"0": {"status": "FAIL", "message": "   selenium.common.exceptions.WebDriverException: Message: chrome not reachable\n     (Session info: chrome=97.0.4692.71)\n   Stacktrace:\n   0   chromedriver                        0x0000000103006269 __gxx_personality_v0 + 582729\n   1   chromedriver                        0x0000000102f91c33 __gxx_personality_v0 + 106003\n   2   chromedriver                        0x0000000102b4ecdf chromedriver + 171231\n   3   chromedriver                        0x0000000102b3d7c2 chromedriver + 100290\n   4   chromedriver                        0x0000000102b3e155 chromedriver + 102741\n   5   chromedriver                        0x0000000102b3ff42 chromedriver + 110402\n   6   chromedriver                        0x0000000102b38c22 chromedriver + 80930\n   7   chromedriver                        0x0000000102b502b3 chromedriver + 176819\n   8   chromedriver                        0x0000000102bb3b0c chromedriver + 584460\n   9   chromedriver                        0x0000000102ba1c23 chromedriver + 511011\n   10  chromedriver                        0x0000000102b7775e chromedriver + 337758\n   11  chromedriver                        0x0000000102b78a95 chromedriver + 342677\n   12  chromedriver                        0x0000000102fc28ab __gxx_personality_v0 + 305803\n   13  chromedriver                        0x0000000102fd9863 __gxx_personality_v0 + 399939\n   14  chromedriver                        0x0000000102fdec7f __gxx_personality_v0 + 421471\n   15  chromedriver                        0x0000000102fdabba __gxx_personality_v0 + 404890\n   16  chromedriver                        0x0000000102fb6e51 __gxx_personality_v0 + 258097\n   17  chromedriver                        0x0000000102ff6158 __gxx_personality_v0 + 516920\n   18  chromedriver                        0x0000000102ff62e1 __gxx_personality_v0 + 517313\n   19  chromedriver                        0x000000010300d6f8 __gxx_personality_v0 + 612568\n   20  libsystem_pthread.dylib             0x00007ff81e8084f4 _pthread_start + 125\n   21  libsystem_pthread.dylib             0x00007ff81e80400f thread_start + 15\n", "test_name": "test_close_popup[chromium]", "rerun": "0"}, "1": {"status": "FAIL", "message": "   selenium.common.exceptions.WebDriverException: Message: chrome not reachable\n     (Session info: chrome=97.0.4692.71)\n   Stacktrace:\n   0   chromedriver                        0x0000000103006269 __gxx_personality_v0 + 582729\n   1   chromedriver                        0x0000000102f91c33 __gxx_personality_v0 + 106003\n   2   chromedriver                        0x0000000102b4ecdf chromedriver + 171231\n   3   chromedriver                        0x0000000102b3d7c2 chromedriver + 100290\n   4   chromedriver                        0x0000000102b3e155 chromedriver + 102741\n   5   chromedriver                        0x0000000102b3ff42 chromedriver + 110402\n   6   chromedriver                        0x0000000102b38c22 chromedriver + 80930\n   7   chromedriver                        0x0000000102b502b3 chromedriver + 176819\n   8   chromedriver                        0x0000000102bb3b0c chromedriver + 584460\n   9   chromedriver                        0x0000000102ba1c23 chromedriver + 511011\n   10  chromedriver                        0x0000000102b7775e chromedriver + 337758\n   11  chromedriver                        0x0000000102b78a95 chromedriver + 342677\n   12  chromedriver                        0x0000000102fc28ab __gxx_personality_v0 + 305803\n   13  chromedriver                        0x0000000102fd9863 __gxx_personality_v0 + 399939\n   14  chromedriver                        0x0000000102fdec7f __gxx_personality_v0 + 421471\n   15  chromedriver                        0x0000000102fdabba __gxx_personality_v0 + 404890\n   16  chromedriver                        0x0000000102fb6e51 __gxx_personality_v0 + 258097\n   17  chromedriver                        0x0000000102ff6158 __gxx_personality_v0 + 516920\n   18  chromedriver                        0x0000000102ff62e1 __gxx_personality_v0 + 517313\n   19  chromedriver                        0x000000010300d6f8 __gxx_personality_v0 + 612568\n   20  libsystem_pthread.dylib             0x00007ff81e8084f4 _pthread_start + 125\n   21  libsystem_pthread.dylib             0x00007ff81e80400f thread_start + 15\n", "test_name": "test_get_main_page_title[chromium]", "rerun": "0"}, "2": {"status": "FAIL", "message": "   selenium.common.exceptions.WebDriverException: Message: chrome not reachable\n     (Session info: chrome=97.0.4692.71)\n   Stacktrace:\n   0   chromedriver                        0x0000000103006269 __gxx_personality_v0 + 582729\n   1   chromedriver                        0x0000000102f91c33 __gxx_personality_v0 + 106003\n   2   chromedriver                        0x0000000102b4ecdf chromedriver + 171231\n   3   chromedriver                        0x0000000102b3d7c2 chromedriver + 100290\n   4   chromedriver                        0x0000000102b3e155 chromedriver + 102741\n   5   chromedriver                        0x0000000102b3ff42 chromedriver + 110402\n   6   chromedriver                        0x0000000102b38c22 chromedriver + 80930\n   7   chromedriver                        0x0000000102b502b3 chromedriver + 176819\n   8   chromedriver                        0x0000000102bb3b0c chromedriver + 584460\n   9   chromedriver                        0x0000000102ba1c23 chromedriver + 511011\n   10  chromedriver                        0x0000000102b7775e chromedriver + 337758\n   11  chromedriver                        0x0000000102b78a95 chromedriver + 342677\n   12  chromedriver                        0x0000000102fc28ab __gxx_personality_v0 + 305803\n   13  chromedriver                        0x0000000102fd9863 __gxx_personality_v0 + 399939\n   14  chromedriver                        0x0000000102fdec7f __gxx_personality_v0 + 421471\n   15  chromedriver                        0x0000000102fdabba __gxx_personality_v0 + 404890\n   16  chromedriver                        0x0000000102fb6e51 __gxx_personality_v0 + 258097\n   17  chromedriver                        0x0000000102ff6158 __gxx_personality_v0 + 516920\n   18  chromedriver                        0x0000000102ff62e1 __gxx_personality_v0 + 517313\n   19  chromedriver                        0x000000010300d6f8 __gxx_personality_v0 + 612568\n   20  libsystem_pthread.dylib             0x00007ff81e8084f4 _pthread_start + 125\n   21  libsystem_pthread.dylib             0x00007ff81e80400f thread_start + 15\n", "test_name": "test_nav_to_btn_nav_bar_it_courses[chromium]", "rerun": "0"}, "3": {"status": "FAIL", "message": "   selenium.common.exceptions.WebDriverException: Message: chrome not reachable\n     (Session info: chrome=97.0.4692.71)\n   Stacktrace:\n   0   chromedriver                        0x0000000103006269 __gxx_personality_v0 + 582729\n   1   chromedriver                        0x0000000102f91c33 __gxx_personality_v0 + 106003\n   2   chromedriver                        0x0000000102b4ecdf chromedriver + 171231\n   3   chromedriver                        0x0000000102b3d7c2 chromedriver + 100290\n   4   chromedriver                        0x0000000102b3e155 chromedriver + 102741\n   5   chromedriver                        0x0000000102b3ff42 chromedriver + 110402\n   6   chromedriver                        0x0000000102b38c22 chromedriver + 80930\n   7   chromedriver                        0x0000000102b502b3 chromedriver + 176819\n   8   chromedriver                        0x0000000102bb3b0c chromedriver + 584460\n   9   chromedriver                        0x0000000102ba1c23 chromedriver + 511011\n   10  chromedriver                        0x0000000102b7775e chromedriver + 337758\n   11  chromedriver                        0x0000000102b78a95 chromedriver + 342677\n   12  chromedriver                        0x0000000102fc28ab __gxx_personality_v0 + 305803\n   13  chromedriver                        0x0000000102fd9863 __gxx_personality_v0 + 399939\n   14  chromedriver                        0x0000000102fdec7f __gxx_personality_v0 + 421471\n   15  chromedriver                        0x0000000102fdabba __gxx_personality_v0 + 404890\n   16  chromedriver                        0x0000000102fb6e51 __gxx_personality_v0 + 258097\n   17  chromedriver                        0x0000000102ff6158 __gxx_personality_v0 + 516920\n   18  chromedriver                        0x0000000102ff62e1 __gxx_personality_v0 + 517313\n   19  chromedriver                        0x000000010300d6f8 __gxx_personality_v0 + 612568\n   20  libsystem_pthread.dylib             0x00007ff81e8084f4 _pthread_start + 125\n   21  libsystem_pthread.dylib             0x00007ff81e80400f thread_start + 15\n", "test_name": "test_hover_to_btn_it_courses[chromium]", "rerun": "0"}, "4": {"status": "FAIL", "message": "   selenium.common.exceptions.WebDriverException: Message: chrome not reachable\n     (Session info: chrome=97.0.4692.71)\n   Stacktrace:\n   0   chromedriver                        0x0000000103006269 __gxx_personality_v0 + 582729\n   1   chromedriver                        0x0000000102f91c33 __gxx_personality_v0 + 106003\n   2   chromedriver                        0x0000000102b4ecdf chromedriver + 171231\n   3   chromedriver                        0x0000000102b3d7c2 chromedriver + 100290\n   4   chromedriver                        0x0000000102b3e155 chromedriver + 102741\n   5   chromedriver                        0x0000000102b3ff42 chromedriver + 110402\n   6   chromedriver                        0x0000000102b38c22 chromedriver + 80930\n   7   chromedriver                        0x0000000102b502b3 chromedriver + 176819\n   8   chromedriver                        0x0000000102bb3b0c chromedriver + 584460\n   9   chromedriver                        0x0000000102ba1c23 chromedriver + 511011\n   10  chromedriver                        0x0000000102b7775e chromedriver + 337758\n   11  chromedriver                        0x0000000102b78a95 chromedriver + 342677\n   12  chromedriver                        0x0000000102fc28ab __gxx_personality_v0 + 305803\n   13  chromedriver                        0x0000000102fd9863 __gxx_personality_v0 + 399939\n   14  chromedriver                        0x0000000102fdec7f __gxx_personality_v0 + 421471\n   15  chromedriver                        0x0000000102fdabba __gxx_personality_v0 + 404890\n   16  chromedriver                        0x0000000102fb6e51 __gxx_personality_v0 + 258097\n   17  chromedriver                        0x0000000102ff6158 __gxx_personality_v0 + 516920\n   18  chromedriver                        0x0000000102ff62e1 __gxx_personality_v0 + 517313\n   19  chromedriver                        0x000000010300d6f8 __gxx_personality_v0 + 612568\n   20  libsystem_pthread.dylib             0x00007ff81e8084f4 _pthread_start + 125\n   21  libsystem_pthread.dylib             0x00007ff81e80400f thread_start + 15\n", "test_name": "test_hover_to_btn_office_it[chromium]", "rerun": "0"}, "5": {"status": "FAIL", "message": "   selenium.common.exceptions.WebDriverException: Message: chrome not reachable\n     (Session info: chrome=97.0.4692.71)\n   Stacktrace:\n   0   chromedriver                        0x0000000103006269 __gxx_personality_v0 + 582729\n   1   chromedriver                        0x0000000102f91c33 __gxx_personality_v0 + 106003\n   2   chromedriver                        0x0000000102b4ecdf chromedriver + 171231\n   3   chromedriver                        0x0000000102b3d7c2 chromedriver + 100290\n   4   chromedriver                        0x0000000102b3e155 chromedriver + 102741\n   5   chromedriver                        0x0000000102b3ff42 chromedriver + 110402\n   6   chromedriver                        0x0000000102b38c22 chromedriver + 80930\n   7   chromedriver                        0x0000000102b502b3 chromedriver + 176819\n   8   chromedriver                        0x0000000102bb3b0c chromedriver + 584460\n   9   chromedriver                        0x0000000102ba1c23 chromedriver + 511011\n   10  chromedriver                        0x0000000102b7775e chromedriver + 337758\n   11  chromedriver                        0x0000000102b78a95 chromedriver + 342677\n   12  chromedriver                        0x0000000102fc28ab __gxx_personality_v0 + 305803\n   13  chromedriver                        0x0000000102fd9863 __gxx_personality_v0 + 399939\n   14  chromedriver                        0x0000000102fdec7f __gxx_personality_v0 + 421471\n   15  chromedriver                        0x0000000102fdabba __gxx_personality_v0 + 404890\n   16  chromedriver                        0x0000000102fb6e51 __gxx_personality_v0 + 258097\n   17  chromedriver                        0x0000000102ff6158 __gxx_personality_v0 + 516920\n   18  chromedriver                        0x0000000102ff62e1 __gxx_personality_v0 + 517313\n   19  chromedriver                        0x000000010300d6f8 __gxx_personality_v0 + 612568\n   20  libsystem_pthread.dylib             0x00007ff81e8084f4 _pthread_start + 125\n   21  libsystem_pthread.dylib             0x00007ff81e80400f thread_start + 15\n", "test_name": "test_hover_to_btn_to_comp_man[chromium]", "rerun": "0"}, "6": {"status": "FAIL", "message": "   selenium.common.exceptions.WebDriverException: Message: chrome not reachable\n     (Session info: chrome=97.0.4692.71)\n   Stacktrace:\n   0   chromedriver                        0x0000000103006269 __gxx_personality_v0 + 582729\n   1   chromedriver                        0x0000000102f91c33 __gxx_personality_v0 + 106003\n   2   chromedriver                        0x0000000102b4ecdf chromedriver + 171231\n   3   chromedriver                        0x0000000102b3d7c2 chromedriver + 100290\n   4   chromedriver                        0x0000000102b3e155 chromedriver + 102741\n   5   chromedriver                        0x0000000102b3ff42 chromedriver + 110402\n   6   chromedriver                        0x0000000102b38c22 chromedriver + 80930\n   7   chromedriver                        0x0000000102b502b3 chromedriver + 176819\n   8   chromedriver                        0x0000000102bb3b0c chromedriver + 584460\n   9   chromedriver                        0x0000000102ba1c23 chromedriver + 511011\n   10  chromedriver                        0x0000000102b7775e chromedriver + 337758\n   11  chromedriver                        0x0000000102b78a95 chromedriver + 342677\n   12  chromedriver                        0x0000000102fc28ab __gxx_personality_v0 + 305803\n   13  chromedriver                        0x0000000102fd9863 __gxx_personality_v0 + 399939\n   14  chromedriver                        0x0000000102fdec7f __gxx_personality_v0 + 421471\n   15  chromedriver                        0x0000000102fdabba __gxx_personality_v0 + 404890\n   16  chromedriver                        0x0000000102fb6e51 __gxx_personality_v0 + 258097\n   17  chromedriver                        0x0000000102ff6158 __gxx_personality_v0 + 516920\n   18  chromedriver                        0x0000000102ff62e1 __gxx_personality_v0 + 517313\n   19  chromedriver                        0x000000010300d6f8 __gxx_personality_v0 + 612568\n   20  libsystem_pthread.dylib             0x00007ff81e8084f4 _pthread_start + 125\n   21  libsystem_pthread.dylib             0x00007ff81e80400f thread_start + 15\n", "test_name": "test_hover_to_btn_career_start_programs[chromium]", "rerun": "0"}}, "status": {"total_pass": 0, "total_skip": 0, "total_xpass": 0, "total_xfail": 0, "total_rerun": 0, "total_fail": 7, "total_error": 0}}, "3": {"suite_name": "Navigation/test_nav_e_learning.py", "tests": {"0": {"status": "FAIL", "message": "   selenium.common.exceptions.WebDriverException: Message: chrome not reachable\n     (Session info: chrome=97.0.4692.71)\n   Stacktrace:\n   0   chromedriver                        0x0000000103006269 __gxx_personality_v0 + 582729\n   1   chromedriver                        0x0000000102f91c33 __gxx_personality_v0 + 106003\n   2   chromedriver                        0x0000000102b4ecdf chromedriver + 171231\n   3   chromedriver                        0x0000000102b3d7c2 chromedriver + 100290\n   4   chromedriver                        0x0000000102b3e155 chromedriver + 102741\n   5   chromedriver                        0x0000000102b3ff42 chromedriver + 110402\n   6   chromedriver                        0x0000000102b38c22 chromedriver + 80930\n   7   chromedriver                        0x0000000102b502b3 chromedriver + 176819\n   8   chromedriver                        0x0000000102bb3b0c chromedriver + 584460\n   9   chromedriver                        0x0000000102ba1c23 chromedriver + 511011\n   10  chromedriver                        0x0000000102b7775e chromedriver + 337758\n   11  chromedriver                        0x0000000102b78a95 chromedriver + 342677\n   12  chromedriver                        0x0000000102fc28ab __gxx_personality_v0 + 305803\n   13  chromedriver                        0x0000000102fd9863 __gxx_personality_v0 + 399939\n   14  chromedriver                        0x0000000102fdec7f __gxx_personality_v0 + 421471\n   15  chromedriver                        0x0000000102fdabba __gxx_personality_v0 + 404890\n   16  chromedriver                        0x0000000102fb6e51 __gxx_personality_v0 + 258097\n   17  chromedriver                        0x0000000102ff6158 __gxx_personality_v0 + 516920\n   18  chromedriver                        0x0000000102ff62e1 __gxx_personality_v0 + 517313\n   19  chromedriver                        0x000000010300d6f8 __gxx_personality_v0 + 612568\n   20  libsystem_pthread.dylib             0x00007ff81e8084f4 _pthread_start + 125\n   21  libsystem_pthread.dylib             0x00007ff81e80400f thread_start + 15\n", "test_name": "test_get_e_learning_page_title[chromium]", "rerun": "0"}, "1": {"status": "FAIL", "message": "   selenium.common.exceptions.WebDriverException: Message: chrome not reachable\n     (Session info: chrome=97.0.4692.71)\n   Stacktrace:\n   0   chromedriver                        0x0000000103006269 __gxx_personality_v0 + 582729\n   1   chromedriver                        0x0000000102f91c33 __gxx_personality_v0 + 106003\n   2   chromedriver                        0x0000000102b4ecdf chromedriver + 171231\n   3   chromedriver                        0x0000000102b3d7c2 chromedriver + 100290\n   4   chromedriver                        0x0000000102b3e155 chromedriver + 102741\n   5   chromedriver                        0x0000000102b3ff42 chromedriver + 110402\n   6   chromedriver                        0x0000000102b38c22 chromedriver + 80930\n   7   chromedriver                        0x0000000102b502b3 chromedriver + 176819\n   8   chromedriver                        0x0000000102bb3b0c chromedriver + 584460\n   9   chromedriver                        0x0000000102ba1c23 chromedriver + 511011\n   10  chromedriver                        0x0000000102b7775e chromedriver + 337758\n   11  chromedriver                        0x0000000102b78a95 chromedriver + 342677\n   12  chromedriver                        0x0000000102fc28ab __gxx_personality_v0 + 305803\n   13  chromedriver                        0x0000000102fd9863 __gxx_personality_v0 + 399939\n   14  chromedriver                        0x0000000102fdec7f __gxx_personality_v0 + 421471\n   15  chromedriver                        0x0000000102fdabba __gxx_personality_v0 + 404890\n   16  chromedriver                        0x0000000102fb6e51 __gxx_personality_v0 + 258097\n   17  chromedriver                        0x0000000102ff6158 __gxx_personality_v0 + 516920\n   18  chromedriver                        0x0000000102ff62e1 __gxx_personality_v0 + 517313\n   19  chromedriver                        0x000000010300d6f8 __gxx_personality_v0 + 612568\n   20  libsystem_pthread.dylib             0x00007ff81e8084f4 _pthread_start + 125\n   21  libsystem_pthread.dylib             0x00007ff81e80400f thread_start + 15\n", "test_name": "test_hyper_link_owndev_exists[chromium]", "rerun": "0"}, "2": {"status": "FAIL", "message": "   selenium.common.exceptions.WebDriverException: Message: chrome not reachable\n     (Session info: chrome=97.0.4692.71)\n   Stacktrace:\n   0   chromedriver                        0x0000000103006269 __gxx_personality_v0 + 582729\n   1   chromedriver                        0x0000000102f91c33 __gxx_personality_v0 + 106003\n   2   chromedriver                        0x0000000102b4ecdf chromedriver + 171231\n   3   chromedriver                        0x0000000102b3d7c2 chromedriver + 100290\n   4   chromedriver                        0x0000000102b3e155 chromedriver + 102741\n   5   chromedriver                        0x0000000102b3ff42 chromedriver + 110402\n   6   chromedriver                        0x0000000102b38c22 chromedriver + 80930\n   7   chromedriver                        0x0000000102b502b3 chromedriver + 176819\n   8   chromedriver                        0x0000000102bb3b0c chromedriver + 584460\n   9   chromedriver                        0x0000000102ba1c23 chromedriver + 511011\n   10  chromedriver                        0x0000000102b7775e chromedriver + 337758\n   11  chromedriver                        0x0000000102b78a95 chromedriver + 342677\n   12  chromedriver                        0x0000000102fc28ab __gxx_personality_v0 + 305803\n   13  chromedriver                        0x0000000102fd9863 __gxx_personality_v0 + 399939\n   14  chromedriver                        0x0000000102fdec7f __gxx_personality_v0 + 421471\n   15  chromedriver                        0x0000000102fdabba __gxx_personality_v0 + 404890\n   16  chromedriver                        0x0000000102fb6e51 __gxx_personality_v0 + 258097\n   17  chromedriver                        0x0000000102ff6158 __gxx_personality_v0 + 516920\n   18  chromedriver                        0x0000000102ff62e1 __gxx_personality_v0 + 517313\n   19  chromedriver                        0x000000010300d6f8 __gxx_personality_v0 + 612568\n   20  libsystem_pthread.dylib             0x00007ff81e8084f4 _pthread_start + 125\n   21  libsystem_pthread.dylib             0x00007ff81e80400f thread_start + 15\n", "test_name": "test_hyper_link_e_learning_lessons_exists[chromium]", "rerun": "0"}, "3": {"status": "FAIL", "message": "   selenium.common.exceptions.WebDriverException: Message: chrome not reachable\n     (Session info: chrome=97.0.4692.71)\n   Stacktrace:\n   0   chromedriver                        0x0000000103006269 __gxx_personality_v0 + 582729\n   1   chromedriver                        0x0000000102f91c33 __gxx_personality_v0 + 106003\n   2   chromedriver                        0x0000000102b4ecdf chromedriver + 171231\n   3   chromedriver                        0x0000000102b3d7c2 chromedriver + 100290\n   4   chromedriver                        0x0000000102b3e155 chromedriver + 102741\n   5   chromedriver                        0x0000000102b3ff42 chromedriver + 110402\n   6   chromedriver                        0x0000000102b38c22 chromedriver + 80930\n   7   chromedriver                        0x0000000102b502b3 chromedriver + 176819\n   8   chromedriver                        0x0000000102bb3b0c chromedriver + 584460\n   9   chromedriver                        0x0000000102ba1c23 chromedriver + 511011\n   10  chromedriver                        0x0000000102b7775e chromedriver + 337758\n   11  chromedriver                        0x0000000102b78a95 chromedriver + 342677\n   12  chromedriver                        0x0000000102fc28ab __gxx_personality_v0 + 305803\n   13  chromedriver                        0x0000000102fd9863 __gxx_personality_v0 + 399939\n   14  chromedriver                        0x0000000102fdec7f __gxx_personality_v0 + 421471\n   15  chromedriver                        0x0000000102fdabba __gxx_personality_v0 + 404890\n   16  chromedriver                        0x0000000102fb6e51 __gxx_personality_v0 + 258097\n   17  chromedriver                        0x0000000102ff6158 __gxx_personality_v0 + 516920\n   18  chromedriver                        0x0000000102ff62e1 __gxx_personality_v0 + 517313\n   19  chromedriver                        0x000000010300d6f8 __gxx_personality_v0 + 612568\n   20  libsystem_pthread.dylib             0x00007ff81e8084f4 _pthread_start + 125\n   21  libsystem_pthread.dylib             0x00007ff81e80400f thread_start + 15\n", "test_name": "test_hyper_link_official_exists[chromium]", "rerun": "0"}, "4": {"status": "FAIL", "message": "   selenium.common.exceptions.WebDriverException: Message: chrome not reachable\n     (Session info: chrome=97.0.4692.71)\n   Stacktrace:\n   0   chromedriver                        0x0000000103006269 __gxx_personality_v0 + 582729\n   1   chromedriver                        0x0000000102f91c33 __gxx_personality_v0 + 106003\n   2   chromedriver                        0x0000000102b4ecdf chromedriver + 171231\n   3   chromedriver                        0x0000000102b3d7c2 chromedriver + 100290\n   4   chromedriver                        0x0000000102b3e155 chromedriver + 102741\n   5   chromedriver                        0x0000000102b3ff42 chromedriver + 110402\n   6   chromedriver                        0x0000000102b38c22 chromedriver + 80930\n   7   chromedriver                        0x0000000102b502b3 chromedriver + 176819\n   8   chromedriver                        0x0000000102bb3b0c chromedriver + 584460\n   9   chromedriver                        0x0000000102ba1c23 chromedriver + 511011\n   10  chromedriver                        0x0000000102b7775e chromedriver + 337758\n   11  chromedriver                        0x0000000102b78a95 chromedriver + 342677\n   12  chromedriver                        0x0000000102fc28ab __gxx_personality_v0 + 305803\n   13  chromedriver                        0x0000000102fd9863 __gxx_personality_v0 + 399939\n   14  chromedriver                        0x0000000102fdec7f __gxx_personality_v0 + 421471\n   15  chromedriver                        0x0000000102fdabba __gxx_personality_v0 + 404890\n   16  chromedriver                        0x0000000102fb6e51 __gxx_personality_v0 + 258097\n   17  chromedriver                        0x0000000102ff6158 __gxx_personality_v0 + 516920\n   18  chromedriver                        0x0000000102ff62e1 __gxx_personality_v0 + 517313\n   19  chromedriver                        0x000000010300d6f8 __gxx_personality_v0 + 612568\n   20  libsystem_pthread.dylib             0x00007ff81e8084f4 _pthread_start + 125\n   21  libsystem_pthread.dylib             0x00007ff81e80400f thread_start + 15\n", "test_name": "test_hyper_link_mentored_exists[chromium]", "rerun": "0"}, "5": {"status": "FAIL", "message": "   selenium.common.exceptions.WebDriverException: Message: chrome not reachable\n     (Session info: chrome=97.0.4692.71)\n   Stacktrace:\n   0   chromedriver                        0x0000000103006269 __gxx_personality_v0 + 582729\n   1   chromedriver                        0x0000000102f91c33 __gxx_personality_v0 + 106003\n   2   chromedriver                        0x0000000102b4ecdf chromedriver + 171231\n   3   chromedriver                        0x0000000102b3d7c2 chromedriver + 100290\n   4   chromedriver                        0x0000000102b3e155 chromedriver + 102741\n   5   chromedriver                        0x0000000102b3ff42 chromedriver + 110402\n   6   chromedriver                        0x0000000102b38c22 chromedriver + 80930\n   7   chromedriver                        0x0000000102b502b3 chromedriver + 176819\n   8   chromedriver                        0x0000000102bb3b0c chromedriver + 584460\n   9   chromedriver                        0x0000000102ba1c23 chromedriver + 511011\n   10  chromedriver                        0x0000000102b7775e chromedriver + 337758\n   11  chromedriver                        0x0000000102b78a95 chromedriver + 342677\n   12  chromedriver                        0x0000000102fc28ab __gxx_personality_v0 + 305803\n   13  chromedriver                        0x0000000102fd9863 __gxx_personality_v0 + 399939\n   14  chromedriver                        0x0000000102fdec7f __gxx_personality_v0 + 421471\n   15  chromedriver                        0x0000000102fdabba __gxx_personality_v0 + 404890\n   16  chromedriver                        0x0000000102fb6e51 __gxx_personality_v0 + 258097\n   17  chromedriver                        0x0000000102ff6158 __gxx_personality_v0 + 516920\n   18  chromedriver                        0x0000000102ff62e1 __gxx_personality_v0 + 517313\n   19  chromedriver                        0x000000010300d6f8 __gxx_personality_v0 + 612568\n   20  libsystem_pthread.dylib             0x00007ff81e8084f4 _pthread_start + 125\n   21  libsystem_pthread.dylib             0x00007ff81e80400f thread_start + 15\n", "test_name": "test_hyper_link_unique_exists[chromium]", "rerun": "0"}, "6": {"status": "FAIL", "message": "   selenium.common.exceptions.WebDriverException: Message: chrome not reachable\n     (Session info: chrome=97.0.4692.71)\n   Stacktrace:\n   0   chromedriver                        0x0000000103006269 __gxx_personality_v0 + 582729\n   1   chromedriver                        0x0000000102f91c33 __gxx_personality_v0 + 106003\n   2   chromedriver                        0x0000000102b4ecdf chromedriver + 171231\n   3   chromedriver                        0x0000000102b3d7c2 chromedriver + 100290\n   4   chromedriver                        0x0000000102b3e155 chromedriver + 102741\n   5   chromedriver                        0x0000000102b3ff42 chromedriver + 110402\n   6   chromedriver                        0x0000000102b38c22 chromedriver + 80930\n   7   chromedriver                        0x0000000102b502b3 chromedriver + 176819\n   8   chromedriver                        0x0000000102bb3b0c chromedriver + 584460\n   9   chromedriver                        0x0000000102ba1c23 chromedriver + 511011\n   10  chromedriver                        0x0000000102b7775e chromedriver + 337758\n   11  chromedriver                        0x0000000102b78a95 chromedriver + 342677\n   12  chromedriver                        0x0000000102fc28ab __gxx_personality_v0 + 305803\n   13  chromedriver                        0x0000000102fd9863 __gxx_personality_v0 + 399939\n   14  chromedriver                        0x0000000102fdec7f __gxx_personality_v0 + 421471\n   15  chromedriver                        0x0000000102fdabba __gxx_personality_v0 + 404890\n   16  chromedriver                        0x0000000102fb6e51 __gxx_personality_v0 + 258097\n   17  chromedriver                        0x0000000102ff6158 __gxx_personality_v0 + 516920\n   18  chromedriver                        0x0000000102ff62e1 __gxx_personality_v0 + 517313\n   19  chromedriver                        0x000000010300d6f8 __gxx_personality_v0 + 612568\n   20  libsystem_pthread.dylib             0x00007ff81e8084f4 _pthread_start + 125\n   21  libsystem_pthread.dylib             0x00007ff81e80400f thread_start + 15\n", "test_name": "test_nav_to_e_learning_owndev[chromium]", "rerun": "0"}, "7": {"status": "FAIL", "message": "   selenium.common.exceptions.WebDriverException: Message: chrome not reachable\n     (Session info: chrome=97.0.4692.71)\n   Stacktrace:\n   0   chromedriver                        0x0000000103006269 __gxx_personality_v0 + 582729\n   1   chromedriver                        0x0000000102f91c33 __gxx_personality_v0 + 106003\n   2   chromedriver                        0x0000000102b4ecdf chromedriver + 171231\n   3   chromedriver                        0x0000000102b3d7c2 chromedriver + 100290\n   4   chromedriver                        0x0000000102b3e155 chromedriver + 102741\n   5   chromedriver                        0x0000000102b3ff42 chromedriver + 110402\n   6   chromedriver                        0x0000000102b38c22 chromedriver + 80930\n   7   chromedriver                        0x0000000102b502b3 chromedriver + 176819\n   8   chromedriver                        0x0000000102bb3b0c chromedriver + 584460\n   9   chromedriver                        0x0000000102ba1c23 chromedriver + 511011\n   10  chromedriver                        0x0000000102b7775e chromedriver + 337758\n   11  chromedriver                        0x0000000102b78a95 chromedriver + 342677\n   12  chromedriver                        0x0000000102fc28ab __gxx_personality_v0 + 305803\n   13  chromedriver                        0x0000000102fd9863 __gxx_personality_v0 + 399939\n   14  chromedriver                        0x0000000102fdec7f __gxx_personality_v0 + 421471\n   15  chromedriver                        0x0000000102fdabba __gxx_personality_v0 + 404890\n   16  chromedriver                        0x0000000102fb6e51 __gxx_personality_v0 + 258097\n   17  chromedriver                        0x0000000102ff6158 __gxx_personality_v0 + 516920\n   18  chromedriver                        0x0000000102ff62e1 __gxx_personality_v0 + 517313\n   19  chromedriver                        0x000000010300d6f8 __gxx_personality_v0 + 612568\n   20  libsystem_pthread.dylib             0x00007ff81e8084f4 _pthread_start + 125\n   21  libsystem_pthread.dylib             0x00007ff81e80400f thread_start + 15\n", "test_name": "test_get_e_learning_owndev_title[chromium]", "rerun": "0"}, "8": {"status": "FAIL", "message": "   selenium.common.exceptions.WebDriverException: Message: chrome not reachable\n     (Session info: chrome=97.0.4692.71)\n   Stacktrace:\n   0   chromedriver                        0x0000000103006269 __gxx_personality_v0 + 582729\n   1   chromedriver                        0x0000000102f91c33 __gxx_personality_v0 + 106003\n   2   chromedriver                        0x0000000102b4ecdf chromedriver + 171231\n   3   chromedriver                        0x0000000102b3d7c2 chromedriver + 100290\n   4   chromedriver                        0x0000000102b3e155 chromedriver + 102741\n   5   chromedriver                        0x0000000102b3ff42 chromedriver + 110402\n   6   chromedriver                        0x0000000102b38c22 chromedriver + 80930\n   7   chromedriver                        0x0000000102b502b3 chromedriver + 176819\n   8   chromedriver                        0x0000000102bb3b0c chromedriver + 584460\n   9   chromedriver                        0x0000000102ba1c23 chromedriver + 511011\n   10  chromedriver                        0x0000000102b7775e chromedriver + 337758\n   11  chromedriver                        0x0000000102b78a95 chromedriver + 342677\n   12  chromedriver                        0x0000000102fc28ab __gxx_personality_v0 + 305803\n   13  chromedriver                        0x0000000102fd9863 __gxx_personality_v0 + 399939\n   14  chromedriver                        0x0000000102fdec7f __gxx_personality_v0 + 421471\n   15  chromedriver                        0x0000000102fdabba __gxx_personality_v0 + 404890\n   16  chromedriver                        0x0000000102fb6e51 __gxx_personality_v0 + 258097\n   17  chromedriver                        0x0000000102ff6158 __gxx_personality_v0 + 516920\n   18  chromedriver                        0x0000000102ff62e1 __gxx_personality_v0 + 517313\n   19  chromedriver                        0x000000010300d6f8 __gxx_personality_v0 + 612568\n   20  libsystem_pthread.dylib             0x00007ff81e8084f4 _pthread_start + 125\n   21  libsystem_pthread.dylib             0x00007ff81e80400f thread_start + 15\n", "test_name": "test_nav_back1[chromium]", "rerun": "0"}, "9": {"status": "FAIL", "message": "   selenium.common.exceptions.WebDriverException: Message: chrome not reachable\n     (Session info: chrome=97.0.4692.71)\n   Stacktrace:\n   0   chromedriver                        0x0000000103006269 __gxx_personality_v0 + 582729\n   1   chromedriver                        0x0000000102f91c33 __gxx_personality_v0 + 106003\n   2   chromedriver                        0x0000000102b4ecdf chromedriver + 171231\n   3   chromedriver                        0x0000000102b3d7c2 chromedriver + 100290\n   4   chromedriver                        0x0000000102b3e155 chromedriver + 102741\n   5   chromedriver                        0x0000000102b3ff42 chromedriver + 110402\n   6   chromedriver                        0x0000000102b38c22 chromedriver + 80930\n   7   chromedriver                        0x0000000102b502b3 chromedriver + 176819\n   8   chromedriver                        0x0000000102bb3b0c chromedriver + 584460\n   9   chromedriver                        0x0000000102ba1c23 chromedriver + 511011\n   10  chromedriver                        0x0000000102b7775e chromedriver + 337758\n   11  chromedriver                        0x0000000102b78a95 chromedriver + 342677\n   12  chromedriver                        0x0000000102fc28ab __gxx_personality_v0 + 305803\n   13  chromedriver                        0x0000000102fd9863 __gxx_personality_v0 + 399939\n   14  chromedriver                        0x0000000102fdec7f __gxx_personality_v0 + 421471\n   15  chromedriver                        0x0000000102fdabba __gxx_personality_v0 + 404890\n   16  chromedriver                        0x0000000102fb6e51 __gxx_personality_v0 + 258097\n   17  chromedriver                        0x0000000102ff6158 __gxx_personality_v0 + 516920\n   18  chromedriver                        0x0000000102ff62e1 __gxx_personality_v0 + 517313\n   19  chromedriver                        0x000000010300d6f8 __gxx_personality_v0 + 612568\n   20  libsystem_pthread.dylib             0x00007ff81e8084f4 _pthread_start + 125\n   21  libsystem_pthread.dylib             0x00007ff81e80400f thread_start + 15\n", "test_name": "test_nav_to_e_learning_official[chromium]", "rerun": "0"}, "10": {"status": "FAIL", "message": "   selenium.common.exceptions.WebDriverException: Message: chrome not reachable\n     (Session info: chrome=97.0.4692.71)\n   Stacktrace:\n   0   chromedriver                        0x0000000103006269 __gxx_personality_v0 + 582729\n   1   chromedriver                        0x0000000102f91c33 __gxx_personality_v0 + 106003\n   2   chromedriver                        0x0000000102b4ecdf chromedriver + 171231\n   3   chromedriver                        0x0000000102b3d7c2 chromedriver + 100290\n   4   chromedriver                        0x0000000102b3e155 chromedriver + 102741\n   5   chromedriver                        0x0000000102b3ff42 chromedriver + 110402\n   6   chromedriver                        0x0000000102b38c22 chromedriver + 80930\n   7   chromedriver                        0x0000000102b502b3 chromedriver + 176819\n   8   chromedriver                        0x0000000102bb3b0c chromedriver + 584460\n   9   chromedriver                        0x0000000102ba1c23 chromedriver + 511011\n   10  chromedriver                        0x0000000102b7775e chromedriver + 337758\n   11  chromedriver                        0x0000000102b78a95 chromedriver + 342677\n   12  chromedriver                        0x0000000102fc28ab __gxx_personality_v0 + 305803\n   13  chromedriver                        0x0000000102fd9863 __gxx_personality_v0 + 399939\n   14  chromedriver                        0x0000000102fdec7f __gxx_personality_v0 + 421471\n   15  chromedriver                        0x0000000102fdabba __gxx_personality_v0 + 404890\n   16  chromedriver                        0x0000000102fb6e51 __gxx_personality_v0 + 258097\n   17  chromedriver                        0x0000000102ff6158 __gxx_personality_v0 + 516920\n   18  chromedriver                        0x0000000102ff62e1 __gxx_personality_v0 + 517313\n   19  chromedriver                        0x000000010300d6f8 __gxx_personality_v0 + 612568\n   20  libsystem_pthread.dylib             0x00007ff81e8084f4 _pthread_start + 125\n   21  libsystem_pthread.dylib             0x00007ff81e80400f thread_start + 15\n", "test_name": "test_get_e_learning_official_title[chromium]", "rerun": "0"}, "11": {"status": "FAIL", "message": "   selenium.common.exceptions.WebDriverException: Message: chrome not reachable\n     (Session info: chrome=97.0.4692.71)\n   Stacktrace:\n   0   chromedriver                        0x0000000103006269 __gxx_personality_v0 + 582729\n   1   chromedriver                        0x0000000102f91c33 __gxx_personality_v0 + 106003\n   2   chromedriver                        0x0000000102b4ecdf chromedriver + 171231\n   3   chromedriver                        0x0000000102b3d7c2 chromedriver + 100290\n   4   chromedriver                        0x0000000102b3e155 chromedriver + 102741\n   5   chromedriver                        0x0000000102b3ff42 chromedriver + 110402\n   6   chromedriver                        0x0000000102b38c22 chromedriver + 80930\n   7   chromedriver                        0x0000000102b502b3 chromedriver + 176819\n   8   chromedriver                        0x0000000102bb3b0c chromedriver + 584460\n   9   chromedriver                        0x0000000102ba1c23 chromedriver + 511011\n   10  chromedriver                        0x0000000102b7775e chromedriver + 337758\n   11  chromedriver                        0x0000000102b78a95 chromedriver + 342677\n   12  chromedriver                        0x0000000102fc28ab __gxx_personality_v0 + 305803\n   13  chromedriver                        0x0000000102fd9863 __gxx_personality_v0 + 399939\n   14  chromedriver                        0x0000000102fdec7f __gxx_personality_v0 + 421471\n   15  chromedriver                        0x0000000102fdabba __gxx_personality_v0 + 404890\n   16  chromedriver                        0x0000000102fb6e51 __gxx_personality_v0 + 258097\n   17  chromedriver                        0x0000000102ff6158 __gxx_personality_v0 + 516920\n   18  chromedriver                        0x0000000102ff62e1 __gxx_personality_v0 + 517313\n   19  chromedriver                        0x000000010300d6f8 __gxx_personality_v0 + 612568\n   20  libsystem_pthread.dylib             0x00007ff81e8084f4 _pthread_start + 125\n   21  libsystem_pthread.dylib             0x00007ff81e80400f thread_start + 15\n", "test_name": "test_nav_back2[chromium]", "rerun": "0"}, "12": {"status": "FAIL", "message": "   selenium.common.exceptions.WebDriverException: Message: chrome not reachable\n     (Session info: chrome=97.0.4692.71)\n   Stacktrace:\n   0   chromedriver                        0x0000000103006269 __gxx_personality_v0 + 582729\n   1   chromedriver                        0x0000000102f91c33 __gxx_personality_v0 + 106003\n   2   chromedriver                        0x0000000102b4ecdf chromedriver + 171231\n   3   chromedriver                        0x0000000102b3d7c2 chromedriver + 100290\n   4   chromedriver                        0x0000000102b3e155 chromedriver + 102741\n   5   chromedriver                        0x0000000102b3ff42 chromedriver + 110402\n   6   chromedriver                        0x0000000102b38c22 chromedriver + 80930\n   7   chromedriver                        0x0000000102b502b3 chromedriver + 176819\n   8   chromedriver                        0x0000000102bb3b0c chromedriver + 584460\n   9   chromedriver                        0x0000000102ba1c23 chromedriver + 511011\n   10  chromedriver                        0x0000000102b7775e chromedriver + 337758\n   11  chromedriver                        0x0000000102b78a95 chromedriver + 342677\n   12  chromedriver                        0x0000000102fc28ab __gxx_personality_v0 + 305803\n   13  chromedriver                        0x0000000102fd9863 __gxx_personality_v0 + 399939\n   14  chromedriver                        0x0000000102fdec7f __gxx_personality_v0 + 421471\n   15  chromedriver                        0x0000000102fdabba __gxx_personality_v0 + 404890\n   16  chromedriver                        0x0000000102fb6e51 __gxx_personality_v0 + 258097\n   17  chromedriver                        0x0000000102ff6158 __gxx_personality_v0 + 516920\n   18  chromedriver                        0x0000000102ff62e1 __gxx_personality_v0 + 517313\n   19  chromedriver                        0x000000010300d6f8 __gxx_personality_v0 + 612568\n   20  libsystem_pthread.dylib             0x00007ff81e8084f4 _pthread_start + 125\n   21  libsystem_pthread.dylib             0x00007ff81e80400f thread_start + 15\n", "test_name": "test_nav_to_mentored_courses[chromium]", "rerun": "0"}, "13": {"status": "FAIL", "message": "   selenium.common.exceptions.WebDriverException: Message: chrome not reachable\n     (Session info: chrome=97.0.4692.71)\n   Stacktrace:\n   0   chromedriver                        0x0000000103006269 __gxx_personality_v0 + 582729\n   1   chromedriver                        0x0000000102f91c33 __gxx_personality_v0 + 106003\n   2   chromedriver                        0x0000000102b4ecdf chromedriver + 171231\n   3   chromedriver                        0x0000000102b3d7c2 chromedriver + 100290\n   4   chromedriver                        0x0000000102b3e155 chromedriver + 102741\n   5   chromedriver                        0x0000000102b3ff42 chromedriver + 110402\n   6   chromedriver                        0x0000000102b38c22 chromedriver + 80930\n   7   chromedriver                        0x0000000102b502b3 chromedriver + 176819\n   8   chromedriver                        0x0000000102bb3b0c chromedriver + 584460\n   9   chromedriver                        0x0000000102ba1c23 chromedriver + 511011\n   10  chromedriver                        0x0000000102b7775e chromedriver + 337758\n   11  chromedriver                        0x0000000102b78a95 chromedriver + 342677\n   12  chromedriver                        0x0000000102fc28ab __gxx_personality_v0 + 305803\n   13  chromedriver                        0x0000000102fd9863 __gxx_personality_v0 + 399939\n   14  chromedriver                        0x0000000102fdec7f __gxx_personality_v0 + 421471\n   15  chromedriver                        0x0000000102fdabba __gxx_personality_v0 + 404890\n   16  chromedriver                        0x0000000102fb6e51 __gxx_personality_v0 + 258097\n   17  chromedriver                        0x0000000102ff6158 __gxx_personality_v0 + 516920\n   18  chromedriver                        0x0000000102ff62e1 __gxx_personality_v0 + 517313\n   19  chromedriver                        0x000000010300d6f8 __gxx_personality_v0 + 612568\n   20  libsystem_pthread.dylib             0x00007ff81e8084f4 _pthread_start + 125\n   21  libsystem_pthread.dylib             0x00007ff81e80400f thread_start + 15\n", "test_name": "test_get_mentored_courses_title[chromium]", "rerun": "0"}, "14": {"status": "FAIL", "message": "   selenium.common.exceptions.WebDriverException: Message: chrome not reachable\n     (Session info: chrome=97.0.4692.71)\n   Stacktrace:\n   0   chromedriver                        0x0000000103006269 __gxx_personality_v0 + 582729\n   1   chromedriver                        0x0000000102f91c33 __gxx_personality_v0 + 106003\n   2   chromedriver                        0x0000000102b4ecdf chromedriver + 171231\n   3   chromedriver                        0x0000000102b3d7c2 chromedriver + 100290\n   4   chromedriver                        0x0000000102b3e155 chromedriver + 102741\n   5   chromedriver                        0x0000000102b3ff42 chromedriver + 110402\n   6   chromedriver                        0x0000000102b38c22 chromedriver + 80930\n   7   chromedriver                        0x0000000102b502b3 chromedriver + 176819\n   8   chromedriver                        0x0000000102bb3b0c chromedriver + 584460\n   9   chromedriver                        0x0000000102ba1c23 chromedriver + 511011\n   10  chromedriver                        0x0000000102b7775e chromedriver + 337758\n   11  chromedriver                        0x0000000102b78a95 chromedriver + 342677\n   12  chromedriver                        0x0000000102fc28ab __gxx_personality_v0 + 305803\n   13  chromedriver                        0x0000000102fd9863 __gxx_personality_v0 + 399939\n   14  chromedriver                        0x0000000102fdec7f __gxx_personality_v0 + 421471\n   15  chromedriver                        0x0000000102fdabba __gxx_personality_v0 + 404890\n   16  chromedriver                        0x0000000102fb6e51 __gxx_personality_v0 + 258097\n   17  chromedriver                        0x0000000102ff6158 __gxx_personality_v0 + 516920\n   18  chromedriver                        0x0000000102ff62e1 __gxx_personality_v0 + 517313\n   19  chromedriver                        0x000000010300d6f8 __gxx_personality_v0 + 612568\n   20  libsystem_pthread.dylib             0x00007ff81e8084f4 _pthread_start + 125\n   21  libsystem_pthread.dylib             0x00007ff81e80400f thread_start + 15\n", "test_name": "test_nav_back3[chromium]", "rerun": "0"}, "15": {"status": "FAIL", "message": "   selenium.common.exceptions.WebDriverException: Message: chrome not reachable\n     (Session info: chrome=97.0.4692.71)\n   Stacktrace:\n   0   chromedriver                        0x0000000103006269 __gxx_personality_v0 + 582729\n   1   chromedriver                        0x0000000102f91c33 __gxx_personality_v0 + 106003\n   2   chromedriver                        0x0000000102b4ecdf chromedriver + 171231\n   3   chromedriver                        0x0000000102b3d7c2 chromedriver + 100290\n   4   chromedriver                        0x0000000102b3e155 chromedriver + 102741\n   5   chromedriver                        0x0000000102b3ff42 chromedriver + 110402\n   6   chromedriver                        0x0000000102b38c22 chromedriver + 80930\n   7   chromedriver                        0x0000000102b502b3 chromedriver + 176819\n   8   chromedriver                        0x0000000102bb3b0c chromedriver + 584460\n   9   chromedriver                        0x0000000102ba1c23 chromedriver + 511011\n   10  chromedriver                        0x0000000102b7775e chromedriver + 337758\n   11  chromedriver                        0x0000000102b78a95 chromedriver + 342677\n   12  chromedriver                        0x0000000102fc28ab __gxx_personality_v0 + 305803\n   13  chromedriver                        0x0000000102fd9863 __gxx_personality_v0 + 399939\n   14  chromedriver                        0x0000000102fdec7f __gxx_personality_v0 + 421471\n   15  chromedriver                        0x0000000102fdabba __gxx_personality_v0 + 404890\n   16  chromedriver                        0x0000000102fb6e51 __gxx_personality_v0 + 258097\n   17  chromedriver                        0x0000000102ff6158 __gxx_personality_v0 + 516920\n   18  chromedriver                        0x0000000102ff62e1 __gxx_personality_v0 + 517313\n   19  chromedriver                        0x000000010300d6f8 __gxx_personality_v0 + 612568\n   20  libsystem_pthread.dylib             0x00007ff81e8084f4 _pthread_start + 125\n   21  libsystem_pthread.dylib             0x00007ff81e80400f thread_start + 15\n", "test_name": "test_nav_to_e_learning_unique[chromium]", "rerun": "0"}, "16": {"status": "FAIL", "message": "   selenium.common.exceptions.WebDriverException: Message: chrome not reachable\n     (Session info: chrome=97.0.4692.71)\n   Stacktrace:\n   0   chromedriver                        0x0000000103006269 __gxx_personality_v0 + 582729\n   1   chromedriver                        0x0000000102f91c33 __gxx_personality_v0 + 106003\n   2   chromedriver                        0x0000000102b4ecdf chromedriver + 171231\n   3   chromedriver                        0x0000000102b3d7c2 chromedriver + 100290\n   4   chromedriver                        0x0000000102b3e155 chromedriver + 102741\n   5   chromedriver                        0x0000000102b3ff42 chromedriver + 110402\n   6   chromedriver                        0x0000000102b38c22 chromedriver + 80930\n   7   chromedriver                        0x0000000102b502b3 chromedriver + 176819\n   8   chromedriver                        0x0000000102bb3b0c chromedriver + 584460\n   9   chromedriver                        0x0000000102ba1c23 chromedriver + 511011\n   10  chromedriver                        0x0000000102b7775e chromedriver + 337758\n   11  chromedriver                        0x0000000102b78a95 chromedriver + 342677\n   12  chromedriver                        0x0000000102fc28ab __gxx_personality_v0 + 305803\n   13  chromedriver                        0x0000000102fd9863 __gxx_personality_v0 + 399939\n   14  chromedriver                        0x0000000102fdec7f __gxx_personality_v0 + 421471\n   15  chromedriver                        0x0000000102fdabba __gxx_personality_v0 + 404890\n   16  chromedriver                        0x0000000102fb6e51 __gxx_personality_v0 + 258097\n   17  chromedriver                        0x0000000102ff6158 __gxx_personality_v0 + 516920\n   18  chromedriver                        0x0000000102ff62e1 __gxx_personality_v0 + 517313\n   19  chromedriver                        0x000000010300d6f8 __gxx_personality_v0 + 612568\n   20  libsystem_pthread.dylib             0x00007ff81e8084f4 _pthread_start + 125\n   21  libsystem_pthread.dylib             0x00007ff81e80400f thread_start + 15\n", "test_name": "test_get_e_learning_unique_title[chromium]", "rerun": "0"}, "17": {"status": "FAIL", "message": "   selenium.common.exceptions.WebDriverException: Message: chrome not reachable\n     (Session info: chrome=97.0.4692.71)\n   Stacktrace:\n   0   chromedriver                        0x0000000103006269 __gxx_personality_v0 + 582729\n   1   chromedriver                        0x0000000102f91c33 __gxx_personality_v0 + 106003\n   2   chromedriver                        0x0000000102b4ecdf chromedriver + 171231\n   3   chromedriver                        0x0000000102b3d7c2 chromedriver + 100290\n   4   chromedriver                        0x0000000102b3e155 chromedriver + 102741\n   5   chromedriver                        0x0000000102b3ff42 chromedriver + 110402\n   6   chromedriver                        0x0000000102b38c22 chromedriver + 80930\n   7   chromedriver                        0x0000000102b502b3 chromedriver + 176819\n   8   chromedriver                        0x0000000102bb3b0c chromedriver + 584460\n   9   chromedriver                        0x0000000102ba1c23 chromedriver + 511011\n   10  chromedriver                        0x0000000102b7775e chromedriver + 337758\n   11  chromedriver                        0x0000000102b78a95 chromedriver + 342677\n   12  chromedriver                        0x0000000102fc28ab __gxx_personality_v0 + 305803\n   13  chromedriver                        0x0000000102fd9863 __gxx_personality_v0 + 399939\n   14  chromedriver                        0x0000000102fdec7f __gxx_personality_v0 + 421471\n   15  chromedriver                        0x0000000102fdabba __gxx_personality_v0 + 404890\n   16  chromedriver                        0x0000000102fb6e51 __gxx_personality_v0 + 258097\n   17  chromedriver                        0x0000000102ff6158 __gxx_personality_v0 + 516920\n   18  chromedriver                        0x0000000102ff62e1 __gxx_personality_v0 + 517313\n   19  chromedriver                        0x000000010300d6f8 __gxx_personality_v0 + 612568\n   20  libsystem_pthread.dylib             0x00007ff81e8084f4 _pthread_start + 125\n   21  libsystem_pthread.dylib             0x00007ff81e80400f thread_start + 15\n", "test_name": "test_nav_back4[chromium]", "rerun": "0"}}, "status": {"total_pass": 0, "total_skip": 0, "total_xpass": 0, "total_xfail": 0, "total_rerun": 0, "total_fail": 18, "total_error": 0}}, "4": {"suite_name": "Navigation/test_nav_mainpage_navbar.py", "tests": {"0": {"status": "FAIL", "message": "   selenium.common.exceptions.WebDriverException: Message: chrome not reachable\n     (Session info: chrome=97.0.4692.71)\n   Stacktrace:\n   0   chromedriver                        0x0000000103006269 __gxx_personality_v0 + 582729\n   1   chromedriver                        0x0000000102f91c33 __gxx_personality_v0 + 106003\n   2   chromedriver                        0x0000000102b4ecdf chromedriver + 171231\n   3   chromedriver                        0x0000000102b3d7c2 chromedriver + 100290\n   4   chromedriver                        0x0000000102b3e155 chromedriver + 102741\n   5   chromedriver                        0x0000000102b3ff42 chromedriver + 110402\n   6   chromedriver                        0x0000000102b38c22 chromedriver + 80930\n   7   chromedriver                        0x0000000102b502b3 chromedriver + 176819\n   8   chromedriver                        0x0000000102bb3b0c chromedriver + 584460\n   9   chromedriver                        0x0000000102ba1c23 chromedriver + 511011\n   10  chromedriver                        0x0000000102b7775e chromedriver + 337758\n   11  chromedriver                        0x0000000102b78a95 chromedriver + 342677\n   12  chromedriver                        0x0000000102fc28ab __gxx_personality_v0 + 305803\n   13  chromedriver                        0x0000000102fd9863 __gxx_personality_v0 + 399939\n   14  chromedriver                        0x0000000102fdec7f __gxx_personality_v0 + 421471\n   15  chromedriver                        0x0000000102fdabba __gxx_personality_v0 + 404890\n   16  chromedriver                        0x0000000102fb6e51 __gxx_personality_v0 + 258097\n   17  chromedriver                        0x0000000102ff6158 __gxx_personality_v0 + 516920\n   18  chromedriver                        0x0000000102ff62e1 __gxx_personality_v0 + 517313\n   19  chromedriver                        0x000000010300d6f8 __gxx_personality_v0 + 612568\n   20  libsystem_pthread.dylib             0x00007ff81e8084f4 _pthread_start + 125\n   21  libsystem_pthread.dylib             0x00007ff81e80400f thread_start + 15\n", "test_name": "test_close_popup[chromium]", "rerun": "0"}, "1": {"status": "FAIL", "message": "   selenium.common.exceptions.WebDriverException: Message: chrome not reachable\n     (Session info: chrome=97.0.4692.71)\n   Stacktrace:\n   0   chromedriver                        0x0000000103006269 __gxx_personality_v0 + 582729\n   1   chromedriver                        0x0000000102f91c33 __gxx_personality_v0 + 106003\n   2   chromedriver                        0x0000000102b4ecdf chromedriver + 171231\n   3   chromedriver                        0x0000000102b3d7c2 chromedriver + 100290\n   4   chromedriver                        0x0000000102b3e155 chromedriver + 102741\n   5   chromedriver                        0x0000000102b3ff42 chromedriver + 110402\n   6   chromedriver                        0x0000000102b38c22 chromedriver + 80930\n   7   chromedriver                        0x0000000102b502b3 chromedriver + 176819\n   8   chromedriver                        0x0000000102bb3b0c chromedriver + 584460\n   9   chromedriver                        0x0000000102ba1c23 chromedriver + 511011\n   10  chromedriver                        0x0000000102b7775e chromedriver + 337758\n   11  chromedriver                        0x0000000102b78a95 chromedriver + 342677\n   12  chromedriver                        0x0000000102fc28ab __gxx_personality_v0 + 305803\n   13  chromedriver                        0x0000000102fd9863 __gxx_personality_v0 + 399939\n   14  chromedriver                        0x0000000102fdec7f __gxx_personality_v0 + 421471\n   15  chromedriver                        0x0000000102fdabba __gxx_personality_v0 + 404890\n   16  chromedriver                        0x0000000102fb6e51 __gxx_personality_v0 + 258097\n   17  chromedriver                        0x0000000102ff6158 __gxx_personality_v0 + 516920\n   18  chromedriver                        0x0000000102ff62e1 __gxx_personality_v0 + 517313\n   19  chromedriver                        0x000000010300d6f8 __gxx_personality_v0 + 612568\n   20  libsystem_pthread.dylib             0x00007ff81e8084f4 _pthread_start + 125\n   21  libsystem_pthread.dylib             0x00007ff81e80400f thread_start + 15\n", "test_name": "test_get_main_page_title[chromium]", "rerun": "0"}, "2": {"status": "PASS", "message": "", "test_name": "test_nav_to_trainings_softskill[chromium]", "rerun": "0"}, "3": {"status": "PASS", "message": "", "test_name": "test_nav_to_trainings_projectmanagement[chromium]", "rerun": "0"}, "4": {"status": "PASS", "message": "", "test_name": "test_nav_to_trainings_trainings[chromium]", "rerun": "0"}, "5": {"status": "PASS", "message": "", "test_name": "test_nav_to_trainings_softskill_leader_trainings[chromium]", "rerun": "0"}, "6": {"status": "PASS", "message": "", "test_name": "test_nav_to_trainings_softskill_salesforce_trainings[chromium]", "rerun": "0"}, "7": {"status": "PASS", "message": "", "test_name": "test_nav_to_trainings_softskill_competence_improvement_trainings[chromium]", "rerun": "0"}, "8": {"status": "PASS", "message": "", "test_name": "test_nav_to_trainings_softskill_coaching[chromium]", "rerun": "0"}, "9": {"status": "PASS", "message": "", "test_name": "test_nav_to_trainings_projectmanagement_traditional[chromium]", "rerun": "0"}, "10": {"status": "PASS", "message": "", "test_name": "test_nav_to_trainings_projectmanagement_agile[chromium]", "rerun": "0"}, "11": {"status": "PASS", "message": "", "test_name": "test_nav_to_trainings_projectmanagement_lean[chromium]", "rerun": "0"}, "12": {"status": "PASS", "message": "", "test_name": "test_nav_to_trainings_trainings_open_trainings_schedule[chromium]", "rerun": "0"}, "13": {"status": "PASS", "message": "", "test_name": "test_nav_to_trainings_trainings_catalogue[chromium]", "rerun": "0"}, "14": {"status": "FAIL", "message": "   selenium.common.exceptions.WebDriverException: Message: chrome not reachable\n     (Session info: chrome=97.0.4692.71)\n   Stacktrace:\n   0   chromedriver                        0x0000000103006269 __gxx_personality_v0 + 582729\n   1   chromedriver                        0x0000000102f91c33 __gxx_personality_v0 + 106003\n   2   chromedriver                        0x0000000102b4ecdf chromedriver + 171231\n   3   chromedriver                        0x0000000102b3d7c2 chromedriver + 100290\n   4   chromedriver                        0x0000000102b3e155 chromedriver + 102741\n   5   chromedriver                        0x0000000102b3ff42 chromedriver + 110402\n   6   chromedriver                        0x0000000102b38c22 chromedriver + 80930\n   7   chromedriver                        0x0000000102b502b3 chromedriver + 176819\n   8   chromedriver                        0x0000000102bb3b0c chromedriver + 584460\n   9   chromedriver                        0x0000000102ba1c23 chromedriver + 511011\n   10  chromedriver                        0x0000000102b7775e chromedriver + 337758\n   11  chromedriver                        0x0000000102b78a95 chromedriver + 342677\n   12  chromedriver                        0x0000000102fc28ab __gxx_personality_v0 + 305803\n   13  chromedriver                        0x0000000102fd9863 __gxx_personality_v0 + 399939\n   14  chromedriver                        0x0000000102fdec7f __gxx_personality_v0 + 421471\n   15  chromedriver                        0x0000000102fdabba __gxx_personality_v0 + 404890\n   16  chromedriver                        0x0000000102fb6e51 __gxx_personality_v0 + 258097\n   17  chromedriver                        0x0000000102ff6158 __gxx_personality_v0 + 516920\n   18  chromedriver                        0x0000000102ff62e1 __gxx_personality_v0 + 517313\n   19  chromedriver                        0x000000010300d6f8 __gxx_personality_v0 + 612568\n   20  libsystem_pthread.dylib             0x00007ff81e8084f4 _pthread_start + 125\n   21  libsystem_pthread.dylib             0x00007ff81e80400f thread_start + 15\n", "test_name": "test_nav_to_course_schedules[chromium]", "rerun": "0"}, "15": {"status": "FAIL", "message": "   selenium.common.exceptions.WebDriverException: Message: chrome not reachable\n     (Session info: chrome=97.0.4692.71)\n   Stacktrace:\n   0   chromedriver                        0x0000000103006269 __gxx_personality_v0 + 582729\n   1   chromedriver                        0x0000000102f91c33 __gxx_personality_v0 + 106003\n   2   chromedriver                        0x0000000102b4ecdf chromedriver + 171231\n   3   chromedriver                        0x0000000102b3d7c2 chromedriver + 100290\n   4   chromedriver                        0x0000000102b3e155 chromedriver + 102741\n   5   chromedriver                        0x0000000102b3ff42 chromedriver + 110402\n   6   chromedriver                        0x0000000102b38c22 chromedriver + 80930\n   7   chromedriver                        0x0000000102b502b3 chromedriver + 176819\n   8   chromedriver                        0x0000000102bb3b0c chromedriver + 584460\n   9   chromedriver                        0x0000000102ba1c23 chromedriver + 511011\n   10  chromedriver                        0x0000000102b7775e chromedriver + 337758\n   11  chromedriver                        0x0000000102b78a95 chromedriver + 342677\n   12  chromedriver                        0x0000000102fc28ab __gxx_personality_v0 + 305803\n   13  chromedriver                        0x0000000102fd9863 __gxx_personality_v0 + 399939\n   14  chromedriver                        0x0000000102fdec7f __gxx_personality_v0 + 421471\n   15  chromedriver                        0x0000000102fdabba __gxx_personality_v0 + 404890\n   16  chromedriver                        0x0000000102fb6e51 __gxx_personality_v0 + 258097\n   17  chromedriver                        0x0000000102ff6158 __gxx_personality_v0 + 516920\n   18  chromedriver                        0x0000000102ff62e1 __gxx_personality_v0 + 517313\n   19  chromedriver                        0x000000010300d6f8 __gxx_personality_v0 + 612568\n   20  libsystem_pthread.dylib             0x00007ff81e8084f4 _pthread_start + 125\n   21  libsystem_pthread.dylib             0x00007ff81e80400f thread_start + 15\n", "test_name": "test_get_course_schedules_page_title[chromium]", "rerun": "0"}, "16": {"status": "FAIL", "message": "   selenium.common.exceptions.WebDriverException: Message: chrome not reachable\n     (Session info: chrome=97.0.4692.71)\n   Stacktrace:\n   0   chromedriver                        0x0000000103006269 __gxx_personality_v0 + 582729\n   1   chromedriver                        0x0000000102f91c33 __gxx_personality_v0 + 106003\n   2   chromedriver                        0x0000000102b4ecdf chromedriver + 171231\n   3   chromedriver                        0x0000000102b3d7c2 chromedriver + 100290\n   4   chromedriver                        0x0000000102b3e155 chromedriver + 102741\n   5   chromedriver                        0x0000000102b3ff42 chromedriver + 110402\n   6   chromedriver                        0x0000000102b38c22 chromedriver + 80930\n   7   chromedriver                        0x0000000102b502b3 chromedriver + 176819\n   8   chromedriver                        0x0000000102bb3b0c chromedriver + 584460\n   9   chromedriver                        0x0000000102ba1c23 chromedriver + 511011\n   10  chromedriver                        0x0000000102b7775e chromedriver + 337758\n   11  chromedriver                        0x0000000102b78a95 chromedriver + 342677\n   12  chromedriver                        0x0000000102fc28ab __gxx_personality_v0 + 305803\n   13  chromedriver                        0x0000000102fd9863 __gxx_personality_v0 + 399939\n   14  chromedriver                        0x0000000102fdec7f __gxx_personality_v0 + 421471\n   15  chromedriver                        0x0000000102fdabba __gxx_personality_v0 + 404890\n   16  chromedriver                        0x0000000102fb6e51 __gxx_personality_v0 + 258097\n   17  chromedriver                        0x0000000102ff6158 __gxx_personality_v0 + 516920\n   18  chromedriver                        0x0000000102ff62e1 __gxx_personality_v0 + 517313\n   19  chromedriver                        0x000000010300d6f8 __gxx_personality_v0 + 612568\n   20  libsystem_pthread.dylib             0x00007ff81e8084f4 _pthread_start + 125\n   21  libsystem_pthread.dylib             0x00007ff81e80400f thread_start + 15\n", "test_name": "test_nav_to_mainpage_from_course_schedules[chromium]", "rerun": "0"}, "17": {"status": "FAIL", "message": "   selenium.common.exceptions.WebDriverException: Message: chrome not reachable\n     (Session info: chrome=97.0.4692.71)\n   Stacktrace:\n   0   chromedriver                        0x0000000103006269 __gxx_personality_v0 + 582729\n   1   chromedriver                        0x0000000102f91c33 __gxx_personality_v0 + 106003\n   2   chromedriver                        0x0000000102b4ecdf chromedriver + 171231\n   3   chromedriver                        0x0000000102b3d7c2 chromedriver + 100290\n   4   chromedriver                        0x0000000102b3e155 chromedriver + 102741\n   5   chromedriver                        0x0000000102b3ff42 chromedriver + 110402\n   6   chromedriver                        0x0000000102b38c22 chromedriver + 80930\n   7   chromedriver                        0x0000000102b502b3 chromedriver + 176819\n   8   chromedriver                        0x0000000102bb3b0c chromedriver + 584460\n   9   chromedriver                        0x0000000102ba1c23 chromedriver + 511011\n   10  chromedriver                        0x0000000102b7775e chromedriver + 337758\n   11  chromedriver                        0x0000000102b78a95 chromedriver + 342677\n   12  chromedriver                        0x0000000102fc28ab __gxx_personality_v0 + 305803\n   13  chromedriver                        0x0000000102fd9863 __gxx_personality_v0 + 399939\n   14  chromedriver                        0x0000000102fdec7f __gxx_personality_v0 + 421471\n   15  chromedriver                        0x0000000102fdabba __gxx_personality_v0 + 404890\n   16  chromedriver                        0x0000000102fb6e51 __gxx_personality_v0 + 258097\n   17  chromedriver                        0x0000000102ff6158 __gxx_personality_v0 + 516920\n   18  chromedriver                        0x0000000102ff62e1 __gxx_personality_v0 + 517313\n   19  chromedriver                        0x000000010300d6f8 __gxx_personality_v0 + 612568\n   20  libsystem_pthread.dylib             0x00007ff81e8084f4 _pthread_start + 125\n   21  libsystem_pthread.dylib             0x00007ff81e80400f thread_start + 15\n", "test_name": "test_nav_to_discounts[chromium]", "rerun": "0"}, "18": {"status": "FAIL", "message": "   selenium.common.exceptions.WebDriverException: Message: chrome not reachable\n     (Session info: chrome=97.0.4692.71)\n   Stacktrace:\n   0   chromedriver                        0x0000000103006269 __gxx_personality_v0 + 582729\n   1   chromedriver                        0x0000000102f91c33 __gxx_personality_v0 + 106003\n   2   chromedriver                        0x0000000102b4ecdf chromedriver + 171231\n   3   chromedriver                        0x0000000102b3d7c2 chromedriver + 100290\n   4   chromedriver                        0x0000000102b3e155 chromedriver + 102741\n   5   chromedriver                        0x0000000102b3ff42 chromedriver + 110402\n   6   chromedriver                        0x0000000102b38c22 chromedriver + 80930\n   7   chromedriver                        0x0000000102b502b3 chromedriver + 176819\n   8   chromedriver                        0x0000000102bb3b0c chromedriver + 584460\n   9   chromedriver                        0x0000000102ba1c23 chromedriver + 511011\n   10  chromedriver                        0x0000000102b7775e chromedriver + 337758\n   11  chromedriver                        0x0000000102b78a95 chromedriver + 342677\n   12  chromedriver                        0x0000000102fc28ab __gxx_personality_v0 + 305803\n   13  chromedriver                        0x0000000102fd9863 __gxx_personality_v0 + 399939\n   14  chromedriver                        0x0000000102fdec7f __gxx_personality_v0 + 421471\n   15  chromedriver                        0x0000000102fdabba __gxx_personality_v0 + 404890\n   16  chromedriver                        0x0000000102fb6e51 __gxx_personality_v0 + 258097\n   17  chromedriver                        0x0000000102ff6158 __gxx_personality_v0 + 516920\n   18  chromedriver                        0x0000000102ff62e1 __gxx_personality_v0 + 517313\n   19  chromedriver                        0x000000010300d6f8 __gxx_personality_v0 + 612568\n   20  libsystem_pthread.dylib             0x00007ff81e8084f4 _pthread_start + 125\n   21  libsystem_pthread.dylib             0x00007ff81e80400f thread_start + 15\n", "test_name": "test_get_discount_page_title[chromium]", "rerun": "0"}, "19": {"status": "FAIL", "message": "   selenium.common.exceptions.WebDriverException: Message: chrome not reachable\n     (Session info: chrome=97.0.4692.71)\n   Stacktrace:\n   0   chromedriver                        0x0000000103006269 __gxx_personality_v0 + 582729\n   1   chromedriver                        0x0000000102f91c33 __gxx_personality_v0 + 106003\n   2   chromedriver                        0x0000000102b4ecdf chromedriver + 171231\n   3   chromedriver                        0x0000000102b3d7c2 chromedriver + 100290\n   4   chromedriver                        0x0000000102b3e155 chromedriver + 102741\n   5   chromedriver                        0x0000000102b3ff42 chromedriver + 110402\n   6   chromedriver                        0x0000000102b38c22 chromedriver + 80930\n   7   chromedriver                        0x0000000102b502b3 chromedriver + 176819\n   8   chromedriver                        0x0000000102bb3b0c chromedriver + 584460\n   9   chromedriver                        0x0000000102ba1c23 chromedriver + 511011\n   10  chromedriver                        0x0000000102b7775e chromedriver + 337758\n   11  chromedriver                        0x0000000102b78a95 chromedriver + 342677\n   12  chromedriver                        0x0000000102fc28ab __gxx_personality_v0 + 305803\n   13  chromedriver                        0x0000000102fd9863 __gxx_personality_v0 + 399939\n   14  chromedriver                        0x0000000102fdec7f __gxx_personality_v0 + 421471\n   15  chromedriver                        0x0000000102fdabba __gxx_personality_v0 + 404890\n   16  chromedriver                        0x0000000102fb6e51 __gxx_personality_v0 + 258097\n   17  chromedriver                        0x0000000102ff6158 __gxx_personality_v0 + 516920\n   18  chromedriver                        0x0000000102ff62e1 __gxx_personality_v0 + 517313\n   19  chromedriver                        0x000000010300d6f8 __gxx_personality_v0 + 612568\n   20  libsystem_pthread.dylib             0x00007ff81e8084f4 _pthread_start + 125\n   21  libsystem_pthread.dylib             0x00007ff81e80400f thread_start + 15\n", "test_name": "test_nav_to_mainpage_from_discounts[chromium]", "rerun": "0"}, "20": {"status": "FAIL", "message": "   selenium.common.exceptions.WebDriverException: Message: chrome not reachable\n     (Session info: chrome=97.0.4692.71)\n   Stacktrace:\n   0   chromedriver                        0x0000000103006269 __gxx_personality_v0 + 582729\n   1   chromedriver                        0x0000000102f91c33 __gxx_personality_v0 + 106003\n   2   chromedriver                        0x0000000102b4ecdf chromedriver + 171231\n   3   chromedriver                        0x0000000102b3d7c2 chromedriver + 100290\n   4   chromedriver                        0x0000000102b3e155 chromedriver + 102741\n   5   chromedriver                        0x0000000102b3ff42 chromedriver + 110402\n   6   chromedriver                        0x0000000102b38c22 chromedriver + 80930\n   7   chromedriver                        0x0000000102b502b3 chromedriver + 176819\n   8   chromedriver                        0x0000000102bb3b0c chromedriver + 584460\n   9   chromedriver                        0x0000000102ba1c23 chromedriver + 511011\n   10  chromedriver                        0x0000000102b7775e chromedriver + 337758\n   11  chromedriver                        0x0000000102b78a95 chromedriver + 342677\n   12  chromedriver                        0x0000000102fc28ab __gxx_personality_v0 + 305803\n   13  chromedriver                        0x0000000102fd9863 __gxx_personality_v0 + 399939\n   14  chromedriver                        0x0000000102fdec7f __gxx_personality_v0 + 421471\n   15  chromedriver                        0x0000000102fdabba __gxx_personality_v0 + 404890\n   16  chromedriver                        0x0000000102fb6e51 __gxx_personality_v0 + 258097\n   17  chromedriver                        0x0000000102ff6158 __gxx_personality_v0 + 516920\n   18  chromedriver                        0x0000000102ff62e1 __gxx_personality_v0 + 517313\n   19  chromedriver                        0x000000010300d6f8 __gxx_personality_v0 + 612568\n   20  libsystem_pthread.dylib             0x00007ff81e8084f4 _pthread_start + 125\n   21  libsystem_pthread.dylib             0x00007ff81e80400f thread_start + 15\n", "test_name": "test_nav_to_contacts[chromium]", "rerun": "0"}, "21": {"status": "FAIL", "message": "   selenium.common.exceptions.WebDriverException: Message: chrome not reachable\n     (Session info: chrome=97.0.4692.71)\n   Stacktrace:\n   0   chromedriver                        0x0000000103006269 __gxx_personality_v0 + 582729\n   1   chromedriver                        0x0000000102f91c33 __gxx_personality_v0 + 106003\n   2   chromedriver                        0x0000000102b4ecdf chromedriver + 171231\n   3   chromedriver                        0x0000000102b3d7c2 chromedriver + 100290\n   4   chromedriver                        0x0000000102b3e155 chromedriver + 102741\n   5   chromedriver                        0x0000000102b3ff42 chromedriver + 110402\n   6   chromedriver                        0x0000000102b38c22 chromedriver + 80930\n   7   chromedriver                        0x0000000102b502b3 chromedriver + 176819\n   8   chromedriver                        0x0000000102bb3b0c chromedriver + 584460\n   9   chromedriver                        0x0000000102ba1c23 chromedriver + 511011\n   10  chromedriver                        0x0000000102b7775e chromedriver + 337758\n   11  chromedriver                        0x0000000102b78a95 chromedriver + 342677\n   12  chromedriver                        0x0000000102fc28ab __gxx_personality_v0 + 305803\n   13  chromedriver                        0x0000000102fd9863 __gxx_personality_v0 + 399939\n   14  chromedriver                        0x0000000102fdec7f __gxx_personality_v0 + 421471\n   15  chromedriver                        0x0000000102fdabba __gxx_personality_v0 + 404890\n   16  chromedriver                        0x0000000102fb6e51 __gxx_personality_v0 + 258097\n   17  chromedriver                        0x0000000102ff6158 __gxx_personality_v0 + 516920\n   18  chromedriver                        0x0000000102ff62e1 __gxx_personality_v0 + 517313\n   19  chromedriver                        0x000000010300d6f8 __gxx_personality_v0 + 612568\n   20  libsystem_pthread.dylib             0x00007ff81e8084f4 _pthread_start + 125\n   21  libsystem_pthread.dylib             0x00007ff81e80400f thread_start + 15\n", "test_name": "test_get_contacts_page_title[chromium]", "rerun": "0"}, "22": {"status": "FAIL", "message": "   selenium.common.exceptions.WebDriverException: Message: chrome not reachable\n     (Session info: chrome=97.0.4692.71)\n   Stacktrace:\n   0   chromedriver                        0x0000000103006269 __gxx_personality_v0 + 582729\n   1   chromedriver                        0x0000000102f91c33 __gxx_personality_v0 + 106003\n   2   chromedriver                        0x0000000102b4ecdf chromedriver + 171231\n   3   chromedriver                        0x0000000102b3d7c2 chromedriver + 100290\n   4   chromedriver                        0x0000000102b3e155 chromedriver + 102741\n   5   chromedriver                        0x0000000102b3ff42 chromedriver + 110402\n   6   chromedriver                        0x0000000102b38c22 chromedriver + 80930\n   7   chromedriver                        0x0000000102b502b3 chromedriver + 176819\n   8   chromedriver                        0x0000000102bb3b0c chromedriver + 584460\n   9   chromedriver                        0x0000000102ba1c23 chromedriver + 511011\n   10  chromedriver                        0x0000000102b7775e chromedriver + 337758\n   11  chromedriver                        0x0000000102b78a95 chromedriver + 342677\n   12  chromedriver                        0x0000000102fc28ab __gxx_personality_v0 + 305803\n   13  chromedriver                        0x0000000102fd9863 __gxx_personality_v0 + 399939\n   14  chromedriver                        0x0000000102fdec7f __gxx_personality_v0 + 421471\n   15  chromedriver                        0x0000000102fdabba __gxx_personality_v0 + 404890\n   16  chromedriver                        0x0000000102fb6e51 __gxx_personality_v0 + 258097\n   17  chromedriver                        0x0000000102ff6158 __gxx_personality_v0 + 516920\n   18  chromedriver                        0x0000000102ff62e1 __gxx_personality_v0 + 517313\n   19  chromedriver                        0x000000010300d6f8 __gxx_personality_v0 + 612568\n   20  libsystem_pthread.dylib             0x00007ff81e8084f4 _pthread_start + 125\n   21  libsystem_pthread.dylib             0x00007ff81e80400f thread_start + 15\n", "test_name": "test_nav_to_mainpage_from_contacts[chromium]", "rerun": "0"}}, "status": {"total_pass": 12, "total_skip": 0, "total_xpass": 0, "total_xfail": 0, "total_rerun": 0, "total_fail": 11, "total_error": 0}}, "5": {"suite_name": "Navigation/test_nav_trainings_projectmanagement.py", "tests": {"0": {"status": "FAIL", "message": "   selenium.common.exceptions.WebDriverException: Message: chrome not reachable\n     (Session info: chrome=97.0.4692.71)\n   Stacktrace:\n   0   chromedriver                        0x0000000103006269 __gxx_personality_v0 + 582729\n   1   chromedriver                        0x0000000102f91c33 __gxx_personality_v0 + 106003\n   2   chromedriver                        0x0000000102b4ecdf chromedriver + 171231\n   3   chromedriver                        0x0000000102b3d7c2 chromedriver + 100290\n   4   chromedriver                        0x0000000102b3e155 chromedriver + 102741\n   5   chromedriver                        0x0000000102b3ff42 chromedriver + 110402\n   6   chromedriver                        0x0000000102b38c22 chromedriver + 80930\n   7   chromedriver                        0x0000000102b502b3 chromedriver + 176819\n   8   chromedriver                        0x0000000102bb3b0c chromedriver + 584460\n   9   chromedriver                        0x0000000102ba1c23 chromedriver + 511011\n   10  chromedriver                        0x0000000102b7775e chromedriver + 337758\n   11  chromedriver                        0x0000000102b78a95 chromedriver + 342677\n   12  chromedriver                        0x0000000102fc28ab __gxx_personality_v0 + 305803\n   13  chromedriver                        0x0000000102fd9863 __gxx_personality_v0 + 399939\n   14  chromedriver                        0x0000000102fdec7f __gxx_personality_v0 + 421471\n   15  chromedriver                        0x0000000102fdabba __gxx_personality_v0 + 404890\n   16  chromedriver                        0x0000000102fb6e51 __gxx_personality_v0 + 258097\n   17  chromedriver                        0x0000000102ff6158 __gxx_personality_v0 + 516920\n   18  chromedriver                        0x0000000102ff62e1 __gxx_personality_v0 + 517313\n   19  chromedriver                        0x000000010300d6f8 __gxx_personality_v0 + 612568\n   20  libsystem_pthread.dylib             0x00007ff81e8084f4 _pthread_start + 125\n   21  libsystem_pthread.dylib             0x00007ff81e80400f thread_start + 15\n", "test_name": "test_get_trainings_projectmanagement_title[chromium]", "rerun": "0"}, "1": {"status": "FAIL", "message": "   selenium.common.exceptions.WebDriverException: Message: chrome not reachable\n     (Session info: chrome=97.0.4692.71)\n   Stacktrace:\n   0   chromedriver                        0x0000000103006269 __gxx_personality_v0 + 582729\n   1   chromedriver                        0x0000000102f91c33 __gxx_personality_v0 + 106003\n   2   chromedriver                        0x0000000102b4ecdf chromedriver + 171231\n   3   chromedriver                        0x0000000102b3d7c2 chromedriver + 100290\n   4   chromedriver                        0x0000000102b3e155 chromedriver + 102741\n   5   chromedriver                        0x0000000102b3ff42 chromedriver + 110402\n   6   chromedriver                        0x0000000102b38c22 chromedriver + 80930\n   7   chromedriver                        0x0000000102b502b3 chromedriver + 176819\n   8   chromedriver                        0x0000000102bb3b0c chromedriver + 584460\n   9   chromedriver                        0x0000000102ba1c23 chromedriver + 511011\n   10  chromedriver                        0x0000000102b7775e chromedriver + 337758\n   11  chromedriver                        0x0000000102b78a95 chromedriver + 342677\n   12  chromedriver                        0x0000000102fc28ab __gxx_personality_v0 + 305803\n   13  chromedriver                        0x0000000102fd9863 __gxx_personality_v0 + 399939\n   14  chromedriver                        0x0000000102fdec7f __gxx_personality_v0 + 421471\n   15  chromedriver                        0x0000000102fdabba __gxx_personality_v0 + 404890\n   16  chromedriver                        0x0000000102fb6e51 __gxx_personality_v0 + 258097\n   17  chromedriver                        0x0000000102ff6158 __gxx_personality_v0 + 516920\n   18  chromedriver                        0x0000000102ff62e1 __gxx_personality_v0 + 517313\n   19  chromedriver                        0x000000010300d6f8 __gxx_personality_v0 + 612568\n   20  libsystem_pthread.dylib             0x00007ff81e8084f4 _pthread_start + 125\n   21  libsystem_pthread.dylib             0x00007ff81e80400f thread_start + 15\n", "test_name": "test_btn_projectmanagement_traditional_exists[chromium]", "rerun": "0"}, "2": {"status": "FAIL", "message": "   selenium.common.exceptions.WebDriverException: Message: chrome not reachable\n     (Session info: chrome=97.0.4692.71)\n   Stacktrace:\n   0   chromedriver                        0x0000000103006269 __gxx_personality_v0 + 582729\n   1   chromedriver                        0x0000000102f91c33 __gxx_personality_v0 + 106003\n   2   chromedriver                        0x0000000102b4ecdf chromedriver + 171231\n   3   chromedriver                        0x0000000102b3d7c2 chromedriver + 100290\n   4   chromedriver                        0x0000000102b3e155 chromedriver + 102741\n   5   chromedriver                        0x0000000102b3ff42 chromedriver + 110402\n   6   chromedriver                        0x0000000102b38c22 chromedriver + 80930\n   7   chromedriver                        0x0000000102b502b3 chromedriver + 176819\n   8   chromedriver                        0x0000000102bb3b0c chromedriver + 584460\n   9   chromedriver                        0x0000000102ba1c23 chromedriver + 511011\n   10  chromedriver                        0x0000000102b7775e chromedriver + 337758\n   11  chromedriver                        0x0000000102b78a95 chromedriver + 342677\n   12  chromedriver                        0x0000000102fc28ab __gxx_personality_v0 + 305803\n   13  chromedriver                        0x0000000102fd9863 __gxx_personality_v0 + 399939\n   14  chromedriver                        0x0000000102fdec7f __gxx_personality_v0 + 421471\n   15  chromedriver                        0x0000000102fdabba __gxx_personality_v0 + 404890\n   16  chromedriver                        0x0000000102fb6e51 __gxx_personality_v0 + 258097\n   17  chromedriver                        0x0000000102ff6158 __gxx_personality_v0 + 516920\n   18  chromedriver                        0x0000000102ff62e1 __gxx_personality_v0 + 517313\n   19  chromedriver                        0x000000010300d6f8 __gxx_personality_v0 + 612568\n   20  libsystem_pthread.dylib             0x00007ff81e8084f4 _pthread_start + 125\n   21  libsystem_pthread.dylib             0x00007ff81e80400f thread_start + 15\n", "test_name": "test_btn_projectmanagement_agile_exists[chromium]", "rerun": "0"}, "3": {"status": "FAIL", "message": "   selenium.common.exceptions.WebDriverException: Message: chrome not reachable\n     (Session info: chrome=97.0.4692.71)\n   Stacktrace:\n   0   chromedriver                        0x0000000103006269 __gxx_personality_v0 + 582729\n   1   chromedriver                        0x0000000102f91c33 __gxx_personality_v0 + 106003\n   2   chromedriver                        0x0000000102b4ecdf chromedriver + 171231\n   3   chromedriver                        0x0000000102b3d7c2 chromedriver + 100290\n   4   chromedriver                        0x0000000102b3e155 chromedriver + 102741\n   5   chromedriver                        0x0000000102b3ff42 chromedriver + 110402\n   6   chromedriver                        0x0000000102b38c22 chromedriver + 80930\n   7   chromedriver                        0x0000000102b502b3 chromedriver + 176819\n   8   chromedriver                        0x0000000102bb3b0c chromedriver + 584460\n   9   chromedriver                        0x0000000102ba1c23 chromedriver + 511011\n   10  chromedriver                        0x0000000102b7775e chromedriver + 337758\n   11  chromedriver                        0x0000000102b78a95 chromedriver + 342677\n   12  chromedriver                        0x0000000102fc28ab __gxx_personality_v0 + 305803\n   13  chromedriver                        0x0000000102fd9863 __gxx_personality_v0 + 399939\n   14  chromedriver                        0x0000000102fdec7f __gxx_personality_v0 + 421471\n   15  chromedriver                        0x0000000102fdabba __gxx_personality_v0 + 404890\n   16  chromedriver                        0x0000000102fb6e51 __gxx_personality_v0 + 258097\n   17  chromedriver                        0x0000000102ff6158 __gxx_personality_v0 + 516920\n   18  chromedriver                        0x0000000102ff62e1 __gxx_personality_v0 + 517313\n   19  chromedriver                        0x000000010300d6f8 __gxx_personality_v0 + 612568\n   20  libsystem_pthread.dylib             0x00007ff81e8084f4 _pthread_start + 125\n   21  libsystem_pthread.dylib             0x00007ff81e80400f thread_start + 15\n", "test_name": "test_btn_projectmanagement_lean_exists[chromium]", "rerun": "0"}, "4": {"status": "FAIL", "message": "   selenium.common.exceptions.WebDriverException: Message: chrome not reachable\n     (Session info: chrome=97.0.4692.71)\n   Stacktrace:\n   0   chromedriver                        0x0000000103006269 __gxx_personality_v0 + 582729\n   1   chromedriver                        0x0000000102f91c33 __gxx_personality_v0 + 106003\n   2   chromedriver                        0x0000000102b4ecdf chromedriver + 171231\n   3   chromedriver                        0x0000000102b3d7c2 chromedriver + 100290\n   4   chromedriver                        0x0000000102b3e155 chromedriver + 102741\n   5   chromedriver                        0x0000000102b3ff42 chromedriver + 110402\n   6   chromedriver                        0x0000000102b38c22 chromedriver + 80930\n   7   chromedriver                        0x0000000102b502b3 chromedriver + 176819\n   8   chromedriver                        0x0000000102bb3b0c chromedriver + 584460\n   9   chromedriver                        0x0000000102ba1c23 chromedriver + 511011\n   10  chromedriver                        0x0000000102b7775e chromedriver + 337758\n   11  chromedriver                        0x0000000102b78a95 chromedriver + 342677\n   12  chromedriver                        0x0000000102fc28ab __gxx_personality_v0 + 305803\n   13  chromedriver                        0x0000000102fd9863 __gxx_personality_v0 + 399939\n   14  chromedriver                        0x0000000102fdec7f __gxx_personality_v0 + 421471\n   15  chromedriver                        0x0000000102fdabba __gxx_personality_v0 + 404890\n   16  chromedriver                        0x0000000102fb6e51 __gxx_personality_v0 + 258097\n   17  chromedriver                        0x0000000102ff6158 __gxx_personality_v0 + 516920\n   18  chromedriver                        0x0000000102ff62e1 __gxx_personality_v0 + 517313\n   19  chromedriver                        0x000000010300d6f8 __gxx_personality_v0 + 612568\n   20  libsystem_pthread.dylib             0x00007ff81e8084f4 _pthread_start + 125\n   21  libsystem_pthread.dylib             0x00007ff81e80400f thread_start + 15\n", "test_name": "test_nav_to_projectmanagement_traditional[chromium]", "rerun": "0"}, "5": {"status": "FAIL", "message": "   selenium.common.exceptions.WebDriverException: Message: chrome not reachable\n     (Session info: chrome=97.0.4692.71)\n   Stacktrace:\n   0   chromedriver                        0x0000000103006269 __gxx_personality_v0 + 582729\n   1   chromedriver                        0x0000000102f91c33 __gxx_personality_v0 + 106003\n   2   chromedriver                        0x0000000102b4ecdf chromedriver + 171231\n   3   chromedriver                        0x0000000102b3d7c2 chromedriver + 100290\n   4   chromedriver                        0x0000000102b3e155 chromedriver + 102741\n   5   chromedriver                        0x0000000102b3ff42 chromedriver + 110402\n   6   chromedriver                        0x0000000102b38c22 chromedriver + 80930\n   7   chromedriver                        0x0000000102b502b3 chromedriver + 176819\n   8   chromedriver                        0x0000000102bb3b0c chromedriver + 584460\n   9   chromedriver                        0x0000000102ba1c23 chromedriver + 511011\n   10  chromedriver                        0x0000000102b7775e chromedriver + 337758\n   11  chromedriver                        0x0000000102b78a95 chromedriver + 342677\n   12  chromedriver                        0x0000000102fc28ab __gxx_personality_v0 + 305803\n   13  chromedriver                        0x0000000102fd9863 __gxx_personality_v0 + 399939\n   14  chromedriver                        0x0000000102fdec7f __gxx_personality_v0 + 421471\n   15  chromedriver                        0x0000000102fdabba __gxx_personality_v0 + 404890\n   16  chromedriver                        0x0000000102fb6e51 __gxx_personality_v0 + 258097\n   17  chromedriver                        0x0000000102ff6158 __gxx_personality_v0 + 516920\n   18  chromedriver                        0x0000000102ff62e1 __gxx_personality_v0 + 517313\n   19  chromedriver                        0x000000010300d6f8 __gxx_personality_v0 + 612568\n   20  libsystem_pthread.dylib             0x00007ff81e8084f4 _pthread_start + 125\n   21  libsystem_pthread.dylib             0x00007ff81e80400f thread_start + 15\n", "test_name": "test_get_projectmanagement_traditional_title[chromium]", "rerun": "0"}, "6": {"status": "FAIL", "message": "   selenium.common.exceptions.WebDriverException: Message: chrome not reachable\n     (Session info: chrome=97.0.4692.71)\n   Stacktrace:\n   0   chromedriver                        0x0000000103006269 __gxx_personality_v0 + 582729\n   1   chromedriver                        0x0000000102f91c33 __gxx_personality_v0 + 106003\n   2   chromedriver                        0x0000000102b4ecdf chromedriver + 171231\n   3   chromedriver                        0x0000000102b3d7c2 chromedriver + 100290\n   4   chromedriver                        0x0000000102b3e155 chromedriver + 102741\n   5   chromedriver                        0x0000000102b3ff42 chromedriver + 110402\n   6   chromedriver                        0x0000000102b38c22 chromedriver + 80930\n   7   chromedriver                        0x0000000102b502b3 chromedriver + 176819\n   8   chromedriver                        0x0000000102bb3b0c chromedriver + 584460\n   9   chromedriver                        0x0000000102ba1c23 chromedriver + 511011\n   10  chromedriver                        0x0000000102b7775e chromedriver + 337758\n   11  chromedriver                        0x0000000102b78a95 chromedriver + 342677\n   12  chromedriver                        0x0000000102fc28ab __gxx_personality_v0 + 305803\n   13  chromedriver                        0x0000000102fd9863 __gxx_personality_v0 + 399939\n   14  chromedriver                        0x0000000102fdec7f __gxx_personality_v0 + 421471\n   15  chromedriver                        0x0000000102fdabba __gxx_personality_v0 + 404890\n   16  chromedriver                        0x0000000102fb6e51 __gxx_personality_v0 + 258097\n   17  chromedriver                        0x0000000102ff6158 __gxx_personality_v0 + 516920\n   18  chromedriver                        0x0000000102ff62e1 __gxx_personality_v0 + 517313\n   19  chromedriver                        0x000000010300d6f8 __gxx_personality_v0 + 612568\n   20  libsystem_pthread.dylib             0x00007ff81e8084f4 _pthread_start + 125\n   21  libsystem_pthread.dylib             0x00007ff81e80400f thread_start + 15\n", "test_name": "test_nav_back1[chromium]", "rerun": "0"}, "7": {"status": "FAIL", "message": "   selenium.common.exceptions.WebDriverException: Message: chrome not reachable\n     (Session info: chrome=97.0.4692.71)\n   Stacktrace:\n   0   chromedriver                        0x0000000103006269 __gxx_personality_v0 + 582729\n   1   chromedriver                        0x0000000102f91c33 __gxx_personality_v0 + 106003\n   2   chromedriver                        0x0000000102b4ecdf chromedriver + 171231\n   3   chromedriver                        0x0000000102b3d7c2 chromedriver + 100290\n   4   chromedriver                        0x0000000102b3e155 chromedriver + 102741\n   5   chromedriver                        0x0000000102b3ff42 chromedriver + 110402\n   6   chromedriver                        0x0000000102b38c22 chromedriver + 80930\n   7   chromedriver                        0x0000000102b502b3 chromedriver + 176819\n   8   chromedriver                        0x0000000102bb3b0c chromedriver + 584460\n   9   chromedriver                        0x0000000102ba1c23 chromedriver + 511011\n   10  chromedriver                        0x0000000102b7775e chromedriver + 337758\n   11  chromedriver                        0x0000000102b78a95 chromedriver + 342677\n   12  chromedriver                        0x0000000102fc28ab __gxx_personality_v0 + 305803\n   13  chromedriver                        0x0000000102fd9863 __gxx_personality_v0 + 399939\n   14  chromedriver                        0x0000000102fdec7f __gxx_personality_v0 + 421471\n   15  chromedriver                        0x0000000102fdabba __gxx_personality_v0 + 404890\n   16  chromedriver                        0x0000000102fb6e51 __gxx_personality_v0 + 258097\n   17  chromedriver                        0x0000000102ff6158 __gxx_personality_v0 + 516920\n   18  chromedriver                        0x0000000102ff62e1 __gxx_personality_v0 + 517313\n   19  chromedriver                        0x000000010300d6f8 __gxx_personality_v0 + 612568\n   20  libsystem_pthread.dylib             0x00007ff81e8084f4 _pthread_start + 125\n   21  libsystem_pthread.dylib             0x00007ff81e80400f thread_start + 15\n", "test_name": "test_nav_to_projectmanagement_agile[chromium]", "rerun": "0"}, "8": {"status": "FAIL", "message": "   selenium.common.exceptions.WebDriverException: Message: chrome not reachable\n     (Session info: chrome=97.0.4692.71)\n   Stacktrace:\n   0   chromedriver                        0x0000000103006269 __gxx_personality_v0 + 582729\n   1   chromedriver                        0x0000000102f91c33 __gxx_personality_v0 + 106003\n   2   chromedriver                        0x0000000102b4ecdf chromedriver + 171231\n   3   chromedriver                        0x0000000102b3d7c2 chromedriver + 100290\n   4   chromedriver                        0x0000000102b3e155 chromedriver + 102741\n   5   chromedriver                        0x0000000102b3ff42 chromedriver + 110402\n   6   chromedriver                        0x0000000102b38c22 chromedriver + 80930\n   7   chromedriver                        0x0000000102b502b3 chromedriver + 176819\n   8   chromedriver                        0x0000000102bb3b0c chromedriver + 584460\n   9   chromedriver                        0x0000000102ba1c23 chromedriver + 511011\n   10  chromedriver                        0x0000000102b7775e chromedriver + 337758\n   11  chromedriver                        0x0000000102b78a95 chromedriver + 342677\n   12  chromedriver                        0x0000000102fc28ab __gxx_personality_v0 + 305803\n   13  chromedriver                        0x0000000102fd9863 __gxx_personality_v0 + 399939\n   14  chromedriver                        0x0000000102fdec7f __gxx_personality_v0 + 421471\n   15  chromedriver                        0x0000000102fdabba __gxx_personality_v0 + 404890\n   16  chromedriver                        0x0000000102fb6e51 __gxx_personality_v0 + 258097\n   17  chromedriver                        0x0000000102ff6158 __gxx_personality_v0 + 516920\n   18  chromedriver                        0x0000000102ff62e1 __gxx_personality_v0 + 517313\n   19  chromedriver                        0x000000010300d6f8 __gxx_personality_v0 + 612568\n   20  libsystem_pthread.dylib             0x00007ff81e8084f4 _pthread_start + 125\n   21  libsystem_pthread.dylib             0x00007ff81e80400f thread_start + 15\n", "test_name": "test_get_projectmanagement_agile_title[chromium]", "rerun": "0"}, "9": {"status": "FAIL", "message": "   selenium.common.exceptions.WebDriverException: Message: chrome not reachable\n     (Session info: chrome=97.0.4692.71)\n   Stacktrace:\n   0   chromedriver                        0x0000000103006269 __gxx_personality_v0 + 582729\n   1   chromedriver                        0x0000000102f91c33 __gxx_personality_v0 + 106003\n   2   chromedriver                        0x0000000102b4ecdf chromedriver + 171231\n   3   chromedriver                        0x0000000102b3d7c2 chromedriver + 100290\n   4   chromedriver                        0x0000000102b3e155 chromedriver + 102741\n   5   chromedriver                        0x0000000102b3ff42 chromedriver + 110402\n   6   chromedriver                        0x0000000102b38c22 chromedriver + 80930\n   7   chromedriver                        0x0000000102b502b3 chromedriver + 176819\n   8   chromedriver                        0x0000000102bb3b0c chromedriver + 584460\n   9   chromedriver                        0x0000000102ba1c23 chromedriver + 511011\n   10  chromedriver                        0x0000000102b7775e chromedriver + 337758\n   11  chromedriver                        0x0000000102b78a95 chromedriver + 342677\n   12  chromedriver                        0x0000000102fc28ab __gxx_personality_v0 + 305803\n   13  chromedriver                        0x0000000102fd9863 __gxx_personality_v0 + 399939\n   14  chromedriver                        0x0000000102fdec7f __gxx_personality_v0 + 421471\n   15  chromedriver                        0x0000000102fdabba __gxx_personality_v0 + 404890\n   16  chromedriver                        0x0000000102fb6e51 __gxx_personality_v0 + 258097\n   17  chromedriver                        0x0000000102ff6158 __gxx_personality_v0 + 516920\n   18  chromedriver                        0x0000000102ff62e1 __gxx_personality_v0 + 517313\n   19  chromedriver                        0x000000010300d6f8 __gxx_personality_v0 + 612568\n   20  libsystem_pthread.dylib             0x00007ff81e8084f4 _pthread_start + 125\n   21  libsystem_pthread.dylib             0x00007ff81e80400f thread_start + 15\n", "test_name": "test_nav_back2[chromium]", "rerun": "0"}, "10": {"status": "FAIL", "message": "   selenium.common.exceptions.WebDriverException: Message: chrome not reachable\n     (Session info: chrome=97.0.4692.71)\n   Stacktrace:\n   0   chromedriver                        0x0000000103006269 __gxx_personality_v0 + 582729\n   1   chromedriver                        0x0000000102f91c33 __gxx_personality_v0 + 106003\n   2   chromedriver                        0x0000000102b4ecdf chromedriver + 171231\n   3   chromedriver                        0x0000000102b3d7c2 chromedriver + 100290\n   4   chromedriver                        0x0000000102b3e155 chromedriver + 102741\n   5   chromedriver                        0x0000000102b3ff42 chromedriver + 110402\n   6   chromedriver                        0x0000000102b38c22 chromedriver + 80930\n   7   chromedriver                        0x0000000102b502b3 chromedriver + 176819\n   8   chromedriver                        0x0000000102bb3b0c chromedriver + 584460\n   9   chromedriver                        0x0000000102ba1c23 chromedriver + 511011\n   10  chromedriver                        0x0000000102b7775e chromedriver + 337758\n   11  chromedriver                        0x0000000102b78a95 chromedriver + 342677\n   12  chromedriver                        0x0000000102fc28ab __gxx_personality_v0 + 305803\n   13  chromedriver                        0x0000000102fd9863 __gxx_personality_v0 + 399939\n   14  chromedriver                        0x0000000102fdec7f __gxx_personality_v0 + 421471\n   15  chromedriver                        0x0000000102fdabba __gxx_personality_v0 + 404890\n   16  chromedriver                        0x0000000102fb6e51 __gxx_personality_v0 + 258097\n   17  chromedriver                        0x0000000102ff6158 __gxx_personality_v0 + 516920\n   18  chromedriver                        0x0000000102ff62e1 __gxx_personality_v0 + 517313\n   19  chromedriver                        0x000000010300d6f8 __gxx_personality_v0 + 612568\n   20  libsystem_pthread.dylib             0x00007ff81e8084f4 _pthread_start + 125\n   21  libsystem_pthread.dylib             0x00007ff81e80400f thread_start + 15\n", "test_name": "test_nav_to_projectmanagement_lean[chromium]", "rerun": "0"}, "11": {"status": "FAIL", "message": "   selenium.common.exceptions.WebDriverException: Message: chrome not reachable\n     (Session info: chrome=97.0.4692.71)\n   Stacktrace:\n   0   chromedriver                        0x0000000103006269 __gxx_personality_v0 + 582729\n   1   chromedriver                        0x0000000102f91c33 __gxx_personality_v0 + 106003\n   2   chromedriver                        0x0000000102b4ecdf chromedriver + 171231\n   3   chromedriver                        0x0000000102b3d7c2 chromedriver + 100290\n   4   chromedriver                        0x0000000102b3e155 chromedriver + 102741\n   5   chromedriver                        0x0000000102b3ff42 chromedriver + 110402\n   6   chromedriver                        0x0000000102b38c22 chromedriver + 80930\n   7   chromedriver                        0x0000000102b502b3 chromedriver + 176819\n   8   chromedriver                        0x0000000102bb3b0c chromedriver + 584460\n   9   chromedriver                        0x0000000102ba1c23 chromedriver + 511011\n   10  chromedriver                        0x0000000102b7775e chromedriver + 337758\n   11  chromedriver                        0x0000000102b78a95 chromedriver + 342677\n   12  chromedriver                        0x0000000102fc28ab __gxx_personality_v0 + 305803\n   13  chromedriver                        0x0000000102fd9863 __gxx_personality_v0 + 399939\n   14  chromedriver                        0x0000000102fdec7f __gxx_personality_v0 + 421471\n   15  chromedriver                        0x0000000102fdabba __gxx_personality_v0 + 404890\n   16  chromedriver                        0x0000000102fb6e51 __gxx_personality_v0 + 258097\n   17  chromedriver                        0x0000000102ff6158 __gxx_personality_v0 + 516920\n   18  chromedriver                        0x0000000102ff62e1 __gxx_personality_v0 + 517313\n   19  chromedriver                        0x000000010300d6f8 __gxx_personality_v0 + 612568\n   20  libsystem_pthread.dylib             0x00007ff81e8084f4 _pthread_start + 125\n   21  libsystem_pthread.dylib             0x00007ff81e80400f thread_start + 15\n", "test_name": "test_get_projectmanagement_lean_title[chromium]", "rerun": "0"}, "12": {"status": "FAIL", "message": "   selenium.common.exceptions.WebDriverException: Message: chrome not reachable\n     (Session info: chrome=97.0.4692.71)\n   Stacktrace:\n   0   chromedriver                        0x0000000103006269 __gxx_personality_v0 + 582729\n   1   chromedriver                        0x0000000102f91c33 __gxx_personality_v0 + 106003\n   2   chromedriver                        0x0000000102b4ecdf chromedriver + 171231\n   3   chromedriver                        0x0000000102b3d7c2 chromedriver + 100290\n   4   chromedriver                        0x0000000102b3e155 chromedriver + 102741\n   5   chromedriver                        0x0000000102b3ff42 chromedriver + 110402\n   6   chromedriver                        0x0000000102b38c22 chromedriver + 80930\n   7   chromedriver                        0x0000000102b502b3 chromedriver + 176819\n   8   chromedriver                        0x0000000102bb3b0c chromedriver + 584460\n   9   chromedriver                        0x0000000102ba1c23 chromedriver + 511011\n   10  chromedriver                        0x0000000102b7775e chromedriver + 337758\n   11  chromedriver                        0x0000000102b78a95 chromedriver + 342677\n   12  chromedriver                        0x0000000102fc28ab __gxx_personality_v0 + 305803\n   13  chromedriver                        0x0000000102fd9863 __gxx_personality_v0 + 399939\n   14  chromedriver                        0x0000000102fdec7f __gxx_personality_v0 + 421471\n   15  chromedriver                        0x0000000102fdabba __gxx_personality_v0 + 404890\n   16  chromedriver                        0x0000000102fb6e51 __gxx_personality_v0 + 258097\n   17  chromedriver                        0x0000000102ff6158 __gxx_personality_v0 + 516920\n   18  chromedriver                        0x0000000102ff62e1 __gxx_personality_v0 + 517313\n   19  chromedriver                        0x000000010300d6f8 __gxx_personality_v0 + 612568\n   20  libsystem_pthread.dylib             0x00007ff81e8084f4 _pthread_start + 125\n   21  libsystem_pthread.dylib             0x00007ff81e80400f thread_start + 15\n", "test_name": "test_nav_back3[chromium]", "rerun": "0"}}, "status": {"total_pass": 0, "total_skip": 0, "total_xpass": 0, "total_xfail": 0, "total_rerun": 0, "total_fail": 13, "total_error": 0}}, "6": {"suite_name": "Navigation/test_nav_trainings_softskill.py", "tests": {"0": {"status": "FAIL", "message": "   selenium.common.exceptions.WebDriverException: Message: chrome not reachable\n     (Session info: chrome=97.0.4692.71)\n   Stacktrace:\n   0   chromedriver                        0x0000000103006269 __gxx_personality_v0 + 582729\n   1   chromedriver                        0x0000000102f91c33 __gxx_personality_v0 + 106003\n   2   chromedriver                        0x0000000102b4ecdf chromedriver + 171231\n   3   chromedriver                        0x0000000102b3d7c2 chromedriver + 100290\n   4   chromedriver                        0x0000000102b3e155 chromedriver + 102741\n   5   chromedriver                        0x0000000102b3ff42 chromedriver + 110402\n   6   chromedriver                        0x0000000102b38c22 chromedriver + 80930\n   7   chromedriver                        0x0000000102b502b3 chromedriver + 176819\n   8   chromedriver                        0x0000000102bb3b0c chromedriver + 584460\n   9   chromedriver                        0x0000000102ba1c23 chromedriver + 511011\n   10  chromedriver                        0x0000000102b7775e chromedriver + 337758\n   11  chromedriver                        0x0000000102b78a95 chromedriver + 342677\n   12  chromedriver                        0x0000000102fc28ab __gxx_personality_v0 + 305803\n   13  chromedriver                        0x0000000102fd9863 __gxx_personality_v0 + 399939\n   14  chromedriver                        0x0000000102fdec7f __gxx_personality_v0 + 421471\n   15  chromedriver                        0x0000000102fdabba __gxx_personality_v0 + 404890\n   16  chromedriver                        0x0000000102fb6e51 __gxx_personality_v0 + 258097\n   17  chromedriver                        0x0000000102ff6158 __gxx_personality_v0 + 516920\n   18  chromedriver                        0x0000000102ff62e1 __gxx_personality_v0 + 517313\n   19  chromedriver                        0x000000010300d6f8 __gxx_personality_v0 + 612568\n   20  libsystem_pthread.dylib             0x00007ff81e8084f4 _pthread_start + 125\n   21  libsystem_pthread.dylib             0x00007ff81e80400f thread_start + 15\n", "test_name": "test_get_trainings_softskill_title[chromium]", "rerun": "0"}, "1": {"status": "FAIL", "message": "   selenium.common.exceptions.WebDriverException: Message: chrome not reachable\n     (Session info: chrome=97.0.4692.71)\n   Stacktrace:\n   0   chromedriver                        0x0000000103006269 __gxx_personality_v0 + 582729\n   1   chromedriver                        0x0000000102f91c33 __gxx_personality_v0 + 106003\n   2   chromedriver                        0x0000000102b4ecdf chromedriver + 171231\n   3   chromedriver                        0x0000000102b3d7c2 chromedriver + 100290\n   4   chromedriver                        0x0000000102b3e155 chromedriver + 102741\n   5   chromedriver                        0x0000000102b3ff42 chromedriver + 110402\n   6   chromedriver                        0x0000000102b38c22 chromedriver + 80930\n   7   chromedriver                        0x0000000102b502b3 chromedriver + 176819\n   8   chromedriver                        0x0000000102bb3b0c chromedriver + 584460\n   9   chromedriver                        0x0000000102ba1c23 chromedriver + 511011\n   10  chromedriver                        0x0000000102b7775e chromedriver + 337758\n   11  chromedriver                        0x0000000102b78a95 chromedriver + 342677\n   12  chromedriver                        0x0000000102fc28ab __gxx_personality_v0 + 305803\n   13  chromedriver                        0x0000000102fd9863 __gxx_personality_v0 + 399939\n   14  chromedriver                        0x0000000102fdec7f __gxx_personality_v0 + 421471\n   15  chromedriver                        0x0000000102fdabba __gxx_personality_v0 + 404890\n   16  chromedriver                        0x0000000102fb6e51 __gxx_personality_v0 + 258097\n   17  chromedriver                        0x0000000102ff6158 __gxx_personality_v0 + 516920\n   18  chromedriver                        0x0000000102ff62e1 __gxx_personality_v0 + 517313\n   19  chromedriver                        0x000000010300d6f8 __gxx_personality_v0 + 612568\n   20  libsystem_pthread.dylib             0x00007ff81e8084f4 _pthread_start + 125\n   21  libsystem_pthread.dylib             0x00007ff81e80400f thread_start + 15\n", "test_name": "test_btn_leader_trainings_exists[chromium]", "rerun": "0"}, "2": {"status": "FAIL", "message": "   selenium.common.exceptions.WebDriverException: Message: chrome not reachable\n     (Session info: chrome=97.0.4692.71)\n   Stacktrace:\n   0   chromedriver                        0x0000000103006269 __gxx_personality_v0 + 582729\n   1   chromedriver                        0x0000000102f91c33 __gxx_personality_v0 + 106003\n   2   chromedriver                        0x0000000102b4ecdf chromedriver + 171231\n   3   chromedriver                        0x0000000102b3d7c2 chromedriver + 100290\n   4   chromedriver                        0x0000000102b3e155 chromedriver + 102741\n   5   chromedriver                        0x0000000102b3ff42 chromedriver + 110402\n   6   chromedriver                        0x0000000102b38c22 chromedriver + 80930\n   7   chromedriver                        0x0000000102b502b3 chromedriver + 176819\n   8   chromedriver                        0x0000000102bb3b0c chromedriver + 584460\n   9   chromedriver                        0x0000000102ba1c23 chromedriver + 511011\n   10  chromedriver                        0x0000000102b7775e chromedriver + 337758\n   11  chromedriver                        0x0000000102b78a95 chromedriver + 342677\n   12  chromedriver                        0x0000000102fc28ab __gxx_personality_v0 + 305803\n   13  chromedriver                        0x0000000102fd9863 __gxx_personality_v0 + 399939\n   14  chromedriver                        0x0000000102fdec7f __gxx_personality_v0 + 421471\n   15  chromedriver                        0x0000000102fdabba __gxx_personality_v0 + 404890\n   16  chromedriver                        0x0000000102fb6e51 __gxx_personality_v0 + 258097\n   17  chromedriver                        0x0000000102ff6158 __gxx_personality_v0 + 516920\n   18  chromedriver                        0x0000000102ff62e1 __gxx_personality_v0 + 517313\n   19  chromedriver                        0x000000010300d6f8 __gxx_personality_v0 + 612568\n   20  libsystem_pthread.dylib             0x00007ff81e8084f4 _pthread_start + 125\n   21  libsystem_pthread.dylib             0x00007ff81e80400f thread_start + 15\n", "test_name": "test_btn_salesforce_trainings_exists[chromium]", "rerun": "0"}, "3": {"status": "FAIL", "message": "   selenium.common.exceptions.WebDriverException: Message: chrome not reachable\n     (Session info: chrome=97.0.4692.71)\n   Stacktrace:\n   0   chromedriver                        0x0000000103006269 __gxx_personality_v0 + 582729\n   1   chromedriver                        0x0000000102f91c33 __gxx_personality_v0 + 106003\n   2   chromedriver                        0x0000000102b4ecdf chromedriver + 171231\n   3   chromedriver                        0x0000000102b3d7c2 chromedriver + 100290\n   4   chromedriver                        0x0000000102b3e155 chromedriver + 102741\n   5   chromedriver                        0x0000000102b3ff42 chromedriver + 110402\n   6   chromedriver                        0x0000000102b38c22 chromedriver + 80930\n   7   chromedriver                        0x0000000102b502b3 chromedriver + 176819\n   8   chromedriver                        0x0000000102bb3b0c chromedriver + 584460\n   9   chromedriver                        0x0000000102ba1c23 chromedriver + 511011\n   10  chromedriver                        0x0000000102b7775e chromedriver + 337758\n   11  chromedriver                        0x0000000102b78a95 chromedriver + 342677\n   12  chromedriver                        0x0000000102fc28ab __gxx_personality_v0 + 305803\n   13  chromedriver                        0x0000000102fd9863 __gxx_personality_v0 + 399939\n   14  chromedriver                        0x0000000102fdec7f __gxx_personality_v0 + 421471\n   15  chromedriver                        0x0000000102fdabba __gxx_personality_v0 + 404890\n   16  chromedriver                        0x0000000102fb6e51 __gxx_personality_v0 + 258097\n   17  chromedriver                        0x0000000102ff6158 __gxx_personality_v0 + 516920\n   18  chromedriver                        0x0000000102ff62e1 __gxx_personality_v0 + 517313\n   19  chromedriver                        0x000000010300d6f8 __gxx_personality_v0 + 612568\n   20  libsystem_pthread.dylib             0x00007ff81e8084f4 _pthread_start + 125\n   21  libsystem_pthread.dylib             0x00007ff81e80400f thread_start + 15\n", "test_name": "test_btn_competence_improvement_trainings_exists[chromium]", "rerun": "0"}, "4": {"status": "FAIL", "message": "   selenium.common.exceptions.WebDriverException: Message: chrome not reachable\n     (Session info: chrome=97.0.4692.71)\n   Stacktrace:\n   0   chromedriver                        0x0000000103006269 __gxx_personality_v0 + 582729\n   1   chromedriver                        0x0000000102f91c33 __gxx_personality_v0 + 106003\n   2   chromedriver                        0x0000000102b4ecdf chromedriver + 171231\n   3   chromedriver                        0x0000000102b3d7c2 chromedriver + 100290\n   4   chromedriver                        0x0000000102b3e155 chromedriver + 102741\n   5   chromedriver                        0x0000000102b3ff42 chromedriver + 110402\n   6   chromedriver                        0x0000000102b38c22 chromedriver + 80930\n   7   chromedriver                        0x0000000102b502b3 chromedriver + 176819\n   8   chromedriver                        0x0000000102bb3b0c chromedriver + 584460\n   9   chromedriver                        0x0000000102ba1c23 chromedriver + 511011\n   10  chromedriver                        0x0000000102b7775e chromedriver + 337758\n   11  chromedriver                        0x0000000102b78a95 chromedriver + 342677\n   12  chromedriver                        0x0000000102fc28ab __gxx_personality_v0 + 305803\n   13  chromedriver                        0x0000000102fd9863 __gxx_personality_v0 + 399939\n   14  chromedriver                        0x0000000102fdec7f __gxx_personality_v0 + 421471\n   15  chromedriver                        0x0000000102fdabba __gxx_personality_v0 + 404890\n   16  chromedriver                        0x0000000102fb6e51 __gxx_personality_v0 + 258097\n   17  chromedriver                        0x0000000102ff6158 __gxx_personality_v0 + 516920\n   18  chromedriver                        0x0000000102ff62e1 __gxx_personality_v0 + 517313\n   19  chromedriver                        0x000000010300d6f8 __gxx_personality_v0 + 612568\n   20  libsystem_pthread.dylib             0x00007ff81e8084f4 _pthread_start + 125\n   21  libsystem_pthread.dylib             0x00007ff81e80400f thread_start + 15\n", "test_name": "test_btn_coaching_exists[chromium]", "rerun": "0"}, "5": {"status": "FAIL", "message": "   selenium.common.exceptions.WebDriverException: Message: chrome not reachable\n     (Session info: chrome=97.0.4692.71)\n   Stacktrace:\n   0   chromedriver                        0x0000000103006269 __gxx_personality_v0 + 582729\n   1   chromedriver                        0x0000000102f91c33 __gxx_personality_v0 + 106003\n   2   chromedriver                        0x0000000102b4ecdf chromedriver + 171231\n   3   chromedriver                        0x0000000102b3d7c2 chromedriver + 100290\n   4   chromedriver                        0x0000000102b3e155 chromedriver + 102741\n   5   chromedriver                        0x0000000102b3ff42 chromedriver + 110402\n   6   chromedriver                        0x0000000102b38c22 chromedriver + 80930\n   7   chromedriver                        0x0000000102b502b3 chromedriver + 176819\n   8   chromedriver                        0x0000000102bb3b0c chromedriver + 584460\n   9   chromedriver                        0x0000000102ba1c23 chromedriver + 511011\n   10  chromedriver                        0x0000000102b7775e chromedriver + 337758\n   11  chromedriver                        0x0000000102b78a95 chromedriver + 342677\n   12  chromedriver                        0x0000000102fc28ab __gxx_personality_v0 + 305803\n   13  chromedriver                        0x0000000102fd9863 __gxx_personality_v0 + 399939\n   14  chromedriver                        0x0000000102fdec7f __gxx_personality_v0 + 421471\n   15  chromedriver                        0x0000000102fdabba __gxx_personality_v0 + 404890\n   16  chromedriver                        0x0000000102fb6e51 __gxx_personality_v0 + 258097\n   17  chromedriver                        0x0000000102ff6158 __gxx_personality_v0 + 516920\n   18  chromedriver                        0x0000000102ff62e1 __gxx_personality_v0 + 517313\n   19  chromedriver                        0x000000010300d6f8 __gxx_personality_v0 + 612568\n   20  libsystem_pthread.dylib             0x00007ff81e8084f4 _pthread_start + 125\n   21  libsystem_pthread.dylib             0x00007ff81e80400f thread_start + 15\n", "test_name": "test_nav_to_leader_trainings[chromium]", "rerun": "0"}, "6": {"status": "FAIL", "message": "   selenium.common.exceptions.WebDriverException: Message: chrome not reachable\n     (Session info: chrome=97.0.4692.71)\n   Stacktrace:\n   0   chromedriver                        0x0000000103006269 __gxx_personality_v0 + 582729\n   1   chromedriver                        0x0000000102f91c33 __gxx_personality_v0 + 106003\n   2   chromedriver                        0x0000000102b4ecdf chromedriver + 171231\n   3   chromedriver                        0x0000000102b3d7c2 chromedriver + 100290\n   4   chromedriver                        0x0000000102b3e155 chromedriver + 102741\n   5   chromedriver                        0x0000000102b3ff42 chromedriver + 110402\n   6   chromedriver                        0x0000000102b38c22 chromedriver + 80930\n   7   chromedriver                        0x0000000102b502b3 chromedriver + 176819\n   8   chromedriver                        0x0000000102bb3b0c chromedriver + 584460\n   9   chromedriver                        0x0000000102ba1c23 chromedriver + 511011\n   10  chromedriver                        0x0000000102b7775e chromedriver + 337758\n   11  chromedriver                        0x0000000102b78a95 chromedriver + 342677\n   12  chromedriver                        0x0000000102fc28ab __gxx_personality_v0 + 305803\n   13  chromedriver                        0x0000000102fd9863 __gxx_personality_v0 + 399939\n   14  chromedriver                        0x0000000102fdec7f __gxx_personality_v0 + 421471\n   15  chromedriver                        0x0000000102fdabba __gxx_personality_v0 + 404890\n   16  chromedriver                        0x0000000102fb6e51 __gxx_personality_v0 + 258097\n   17  chromedriver                        0x0000000102ff6158 __gxx_personality_v0 + 516920\n   18  chromedriver                        0x0000000102ff62e1 __gxx_personality_v0 + 517313\n   19  chromedriver                        0x000000010300d6f8 __gxx_personality_v0 + 612568\n   20  libsystem_pthread.dylib             0x00007ff81e8084f4 _pthread_start + 125\n   21  libsystem_pthread.dylib             0x00007ff81e80400f thread_start + 15\n", "test_name": "test_get_trainings_softskill_leader_trainings_title[chromium]", "rerun": "0"}, "7": {"status": "FAIL", "message": "   selenium.common.exceptions.WebDriverException: Message: chrome not reachable\n     (Session info: chrome=97.0.4692.71)\n   Stacktrace:\n   0   chromedriver                        0x0000000103006269 __gxx_personality_v0 + 582729\n   1   chromedriver                        0x0000000102f91c33 __gxx_personality_v0 + 106003\n   2   chromedriver                        0x0000000102b4ecdf chromedriver + 171231\n   3   chromedriver                        0x0000000102b3d7c2 chromedriver + 100290\n   4   chromedriver                        0x0000000102b3e155 chromedriver + 102741\n   5   chromedriver                        0x0000000102b3ff42 chromedriver + 110402\n   6   chromedriver                        0x0000000102b38c22 chromedriver + 80930\n   7   chromedriver                        0x0000000102b502b3 chromedriver + 176819\n   8   chromedriver                        0x0000000102bb3b0c chromedriver + 584460\n   9   chromedriver                        0x0000000102ba1c23 chromedriver + 511011\n   10  chromedriver                        0x0000000102b7775e chromedriver + 337758\n   11  chromedriver                        0x0000000102b78a95 chromedriver + 342677\n   12  chromedriver                        0x0000000102fc28ab __gxx_personality_v0 + 305803\n   13  chromedriver                        0x0000000102fd9863 __gxx_personality_v0 + 399939\n   14  chromedriver                        0x0000000102fdec7f __gxx_personality_v0 + 421471\n   15  chromedriver                        0x0000000102fdabba __gxx_personality_v0 + 404890\n   16  chromedriver                        0x0000000102fb6e51 __gxx_personality_v0 + 258097\n   17  chromedriver                        0x0000000102ff6158 __gxx_personality_v0 + 516920\n   18  chromedriver                        0x0000000102ff62e1 __gxx_personality_v0 + 517313\n   19  chromedriver                        0x000000010300d6f8 __gxx_personality_v0 + 612568\n   20  libsystem_pthread.dylib             0x00007ff81e8084f4 _pthread_start + 125\n   21  libsystem_pthread.dylib             0x00007ff81e80400f thread_start + 15\n", "test_name": "test_nav_back1[chromium]", "rerun": "0"}, "8": {"status": "FAIL", "message": "   selenium.common.exceptions.WebDriverException: Message: chrome not reachable\n     (Session info: chrome=97.0.4692.71)\n   Stacktrace:\n   0   chromedriver                        0x0000000103006269 __gxx_personality_v0 + 582729\n   1   chromedriver                        0x0000000102f91c33 __gxx_personality_v0 + 106003\n   2   chromedriver                        0x0000000102b4ecdf chromedriver + 171231\n   3   chromedriver                        0x0000000102b3d7c2 chromedriver + 100290\n   4   chromedriver                        0x0000000102b3e155 chromedriver + 102741\n   5   chromedriver                        0x0000000102b3ff42 chromedriver + 110402\n   6   chromedriver                        0x0000000102b38c22 chromedriver + 80930\n   7   chromedriver                        0x0000000102b502b3 chromedriver + 176819\n   8   chromedriver                        0x0000000102bb3b0c chromedriver + 584460\n   9   chromedriver                        0x0000000102ba1c23 chromedriver + 511011\n   10  chromedriver                        0x0000000102b7775e chromedriver + 337758\n   11  chromedriver                        0x0000000102b78a95 chromedriver + 342677\n   12  chromedriver                        0x0000000102fc28ab __gxx_personality_v0 + 305803\n   13  chromedriver                        0x0000000102fd9863 __gxx_personality_v0 + 399939\n   14  chromedriver                        0x0000000102fdec7f __gxx_personality_v0 + 421471\n   15  chromedriver                        0x0000000102fdabba __gxx_personality_v0 + 404890\n   16  chromedriver                        0x0000000102fb6e51 __gxx_personality_v0 + 258097\n   17  chromedriver                        0x0000000102ff6158 __gxx_personality_v0 + 516920\n   18  chromedriver                        0x0000000102ff62e1 __gxx_personality_v0 + 517313\n   19  chromedriver                        0x000000010300d6f8 __gxx_personality_v0 + 612568\n   20  libsystem_pthread.dylib             0x00007ff81e8084f4 _pthread_start + 125\n   21  libsystem_pthread.dylib             0x00007ff81e80400f thread_start + 15\n", "test_name": "test_nav_to_salesforce_trainings[chromium]", "rerun": "0"}, "9": {"status": "FAIL", "message": "   selenium.common.exceptions.WebDriverException: Message: chrome not reachable\n     (Session info: chrome=97.0.4692.71)\n   Stacktrace:\n   0   chromedriver                        0x0000000103006269 __gxx_personality_v0 + 582729\n   1   chromedriver                        0x0000000102f91c33 __gxx_personality_v0 + 106003\n   2   chromedriver                        0x0000000102b4ecdf chromedriver + 171231\n   3   chromedriver                        0x0000000102b3d7c2 chromedriver + 100290\n   4   chromedriver                        0x0000000102b3e155 chromedriver + 102741\n   5   chromedriver                        0x0000000102b3ff42 chromedriver + 110402\n   6   chromedriver                        0x0000000102b38c22 chromedriver + 80930\n   7   chromedriver                        0x0000000102b502b3 chromedriver + 176819\n   8   chromedriver                        0x0000000102bb3b0c chromedriver + 584460\n   9   chromedriver                        0x0000000102ba1c23 chromedriver + 511011\n   10  chromedriver                        0x0000000102b7775e chromedriver + 337758\n   11  chromedriver                        0x0000000102b78a95 chromedriver + 342677\n   12  chromedriver                        0x0000000102fc28ab __gxx_personality_v0 + 305803\n   13  chromedriver                        0x0000000102fd9863 __gxx_personality_v0 + 399939\n   14  chromedriver                        0x0000000102fdec7f __gxx_personality_v0 + 421471\n   15  chromedriver                        0x0000000102fdabba __gxx_personality_v0 + 404890\n   16  chromedriver                        0x0000000102fb6e51 __gxx_personality_v0 + 258097\n   17  chromedriver                        0x0000000102ff6158 __gxx_personality_v0 + 516920\n   18  chromedriver                        0x0000000102ff62e1 __gxx_personality_v0 + 517313\n   19  chromedriver                        0x000000010300d6f8 __gxx_personality_v0 + 612568\n   20  libsystem_pthread.dylib             0x00007ff81e8084f4 _pthread_start + 125\n   21  libsystem_pthread.dylib             0x00007ff81e80400f thread_start + 15\n", "test_name": "test_get_trainings_softskill_salesforce_trainings_title[chromium]", "rerun": "0"}, "10": {"status": "FAIL", "message": "   selenium.common.exceptions.WebDriverException: Message: chrome not reachable\n     (Session info: chrome=97.0.4692.71)\n   Stacktrace:\n   0   chromedriver                        0x0000000103006269 __gxx_personality_v0 + 582729\n   1   chromedriver                        0x0000000102f91c33 __gxx_personality_v0 + 106003\n   2   chromedriver                        0x0000000102b4ecdf chromedriver + 171231\n   3   chromedriver                        0x0000000102b3d7c2 chromedriver + 100290\n   4   chromedriver                        0x0000000102b3e155 chromedriver + 102741\n   5   chromedriver                        0x0000000102b3ff42 chromedriver + 110402\n   6   chromedriver                        0x0000000102b38c22 chromedriver + 80930\n   7   chromedriver                        0x0000000102b502b3 chromedriver + 176819\n   8   chromedriver                        0x0000000102bb3b0c chromedriver + 584460\n   9   chromedriver                        0x0000000102ba1c23 chromedriver + 511011\n   10  chromedriver                        0x0000000102b7775e chromedriver + 337758\n   11  chromedriver                        0x0000000102b78a95 chromedriver + 342677\n   12  chromedriver                        0x0000000102fc28ab __gxx_personality_v0 + 305803\n   13  chromedriver                        0x0000000102fd9863 __gxx_personality_v0 + 399939\n   14  chromedriver                        0x0000000102fdec7f __gxx_personality_v0 + 421471\n   15  chromedriver                        0x0000000102fdabba __gxx_personality_v0 + 404890\n   16  chromedriver                        0x0000000102fb6e51 __gxx_personality_v0 + 258097\n   17  chromedriver                        0x0000000102ff6158 __gxx_personality_v0 + 516920\n   18  chromedriver                        0x0000000102ff62e1 __gxx_personality_v0 + 517313\n   19  chromedriver                        0x000000010300d6f8 __gxx_personality_v0 + 612568\n   20  libsystem_pthread.dylib             0x00007ff81e8084f4 _pthread_start + 125\n   21  libsystem_pthread.dylib             0x00007ff81e80400f thread_start + 15\n", "test_name": "test_nav_back2[chromium]", "rerun": "0"}, "11": {"status": "FAIL", "message": "   selenium.common.exceptions.WebDriverException: Message: chrome not reachable\n     (Session info: chrome=97.0.4692.71)\n   Stacktrace:\n   0   chromedriver                        0x0000000103006269 __gxx_personality_v0 + 582729\n   1   chromedriver                        0x0000000102f91c33 __gxx_personality_v0 + 106003\n   2   chromedriver                        0x0000000102b4ecdf chromedriver + 171231\n   3   chromedriver                        0x0000000102b3d7c2 chromedriver + 100290\n   4   chromedriver                        0x0000000102b3e155 chromedriver + 102741\n   5   chromedriver                        0x0000000102b3ff42 chromedriver + 110402\n   6   chromedriver                        0x0000000102b38c22 chromedriver + 80930\n   7   chromedriver                        0x0000000102b502b3 chromedriver + 176819\n   8   chromedriver                        0x0000000102bb3b0c chromedriver + 584460\n   9   chromedriver                        0x0000000102ba1c23 chromedriver + 511011\n   10  chromedriver                        0x0000000102b7775e chromedriver + 337758\n   11  chromedriver                        0x0000000102b78a95 chromedriver + 342677\n   12  chromedriver                        0x0000000102fc28ab __gxx_personality_v0 + 305803\n   13  chromedriver                        0x0000000102fd9863 __gxx_personality_v0 + 399939\n   14  chromedriver                        0x0000000102fdec7f __gxx_personality_v0 + 421471\n   15  chromedriver                        0x0000000102fdabba __gxx_personality_v0 + 404890\n   16  chromedriver                        0x0000000102fb6e51 __gxx_personality_v0 + 258097\n   17  chromedriver                        0x0000000102ff6158 __gxx_personality_v0 + 516920\n   18  chromedriver                        0x0000000102ff62e1 __gxx_personality_v0 + 517313\n   19  chromedriver                        0x000000010300d6f8 __gxx_personality_v0 + 612568\n   20  libsystem_pthread.dylib             0x00007ff81e8084f4 _pthread_start + 125\n   21  libsystem_pthread.dylib             0x00007ff81e80400f thread_start + 15\n", "test_name": "test_nav_to_competence_improvement_trainings[chromium]", "rerun": "0"}, "12": {"status": "FAIL", "message": "   selenium.common.exceptions.WebDriverException: Message: chrome not reachable\n     (Session info: chrome=97.0.4692.71)\n   Stacktrace:\n   0   chromedriver                        0x0000000103006269 __gxx_personality_v0 + 582729\n   1   chromedriver                        0x0000000102f91c33 __gxx_personality_v0 + 106003\n   2   chromedriver                        0x0000000102b4ecdf chromedriver + 171231\n   3   chromedriver                        0x0000000102b3d7c2 chromedriver + 100290\n   4   chromedriver                        0x0000000102b3e155 chromedriver + 102741\n   5   chromedriver                        0x0000000102b3ff42 chromedriver + 110402\n   6   chromedriver                        0x0000000102b38c22 chromedriver + 80930\n   7   chromedriver                        0x0000000102b502b3 chromedriver + 176819\n   8   chromedriver                        0x0000000102bb3b0c chromedriver + 584460\n   9   chromedriver                        0x0000000102ba1c23 chromedriver + 511011\n   10  chromedriver                        0x0000000102b7775e chromedriver + 337758\n   11  chromedriver                        0x0000000102b78a95 chromedriver + 342677\n   12  chromedriver                        0x0000000102fc28ab __gxx_personality_v0 + 305803\n   13  chromedriver                        0x0000000102fd9863 __gxx_personality_v0 + 399939\n   14  chromedriver                        0x0000000102fdec7f __gxx_personality_v0 + 421471\n   15  chromedriver                        0x0000000102fdabba __gxx_personality_v0 + 404890\n   16  chromedriver                        0x0000000102fb6e51 __gxx_personality_v0 + 258097\n   17  chromedriver                        0x0000000102ff6158 __gxx_personality_v0 + 516920\n   18  chromedriver                        0x0000000102ff62e1 __gxx_personality_v0 + 517313\n   19  chromedriver                        0x000000010300d6f8 __gxx_personality_v0 + 612568\n   20  libsystem_pthread.dylib             0x00007ff81e8084f4 _pthread_start + 125\n   21  libsystem_pthread.dylib             0x00007ff81e80400f thread_start + 15\n", "test_name": "test_get_trainings_softskill_competenve_improvement_trainings_title[chromium]", "rerun": "0"}, "13": {"status": "FAIL", "message": "   selenium.common.exceptions.WebDriverException: Message: chrome not reachable\n     (Session info: chrome=97.0.4692.71)\n   Stacktrace:\n   0   chromedriver                        0x0000000103006269 __gxx_personality_v0 + 582729\n   1   chromedriver                        0x0000000102f91c33 __gxx_personality_v0 + 106003\n   2   chromedriver                        0x0000000102b4ecdf chromedriver + 171231\n   3   chromedriver                        0x0000000102b3d7c2 chromedriver + 100290\n   4   chromedriver                        0x0000000102b3e155 chromedriver + 102741\n   5   chromedriver                        0x0000000102b3ff42 chromedriver + 110402\n   6   chromedriver                        0x0000000102b38c22 chromedriver + 80930\n   7   chromedriver                        0x0000000102b502b3 chromedriver + 176819\n   8   chromedriver                        0x0000000102bb3b0c chromedriver + 584460\n   9   chromedriver                        0x0000000102ba1c23 chromedriver + 511011\n   10  chromedriver                        0x0000000102b7775e chromedriver + 337758\n   11  chromedriver                        0x0000000102b78a95 chromedriver + 342677\n   12  chromedriver                        0x0000000102fc28ab __gxx_personality_v0 + 305803\n   13  chromedriver                        0x0000000102fd9863 __gxx_personality_v0 + 399939\n   14  chromedriver                        0x0000000102fdec7f __gxx_personality_v0 + 421471\n   15  chromedriver                        0x0000000102fdabba __gxx_personality_v0 + 404890\n   16  chromedriver                        0x0000000102fb6e51 __gxx_personality_v0 + 258097\n   17  chromedriver                        0x0000000102ff6158 __gxx_personality_v0 + 516920\n   18  chromedriver                        0x0000000102ff62e1 __gxx_personality_v0 + 517313\n   19  chromedriver                        0x000000010300d6f8 __gxx_personality_v0 + 612568\n   20  libsystem_pthread.dylib             0x00007ff81e8084f4 _pthread_start + 125\n   21  libsystem_pthread.dylib             0x00007ff81e80400f thread_start + 15\n", "test_name": "test_nav_back3[chromium]", "rerun": "0"}, "14": {"status": "FAIL", "message": "   selenium.common.exceptions.WebDriverException: Message: chrome not reachable\n     (Session info: chrome=97.0.4692.71)\n   Stacktrace:\n   0   chromedriver                        0x0000000103006269 __gxx_personality_v0 + 582729\n   1   chromedriver                        0x0000000102f91c33 __gxx_personality_v0 + 106003\n   2   chromedriver                        0x0000000102b4ecdf chromedriver + 171231\n   3   chromedriver                        0x0000000102b3d7c2 chromedriver + 100290\n   4   chromedriver                        0x0000000102b3e155 chromedriver + 102741\n   5   chromedriver                        0x0000000102b3ff42 chromedriver + 110402\n   6   chromedriver                        0x0000000102b38c22 chromedriver + 80930\n   7   chromedriver                        0x0000000102b502b3 chromedriver + 176819\n   8   chromedriver                        0x0000000102bb3b0c chromedriver + 584460\n   9   chromedriver                        0x0000000102ba1c23 chromedriver + 511011\n   10  chromedriver                        0x0000000102b7775e chromedriver + 337758\n   11  chromedriver                        0x0000000102b78a95 chromedriver + 342677\n   12  chromedriver                        0x0000000102fc28ab __gxx_personality_v0 + 305803\n   13  chromedriver                        0x0000000102fd9863 __gxx_personality_v0 + 399939\n   14  chromedriver                        0x0000000102fdec7f __gxx_personality_v0 + 421471\n   15  chromedriver                        0x0000000102fdabba __gxx_personality_v0 + 404890\n   16  chromedriver                        0x0000000102fb6e51 __gxx_personality_v0 + 258097\n   17  chromedriver                        0x0000000102ff6158 __gxx_personality_v0 + 516920\n   18  chromedriver                        0x0000000102ff62e1 __gxx_personality_v0 + 517313\n   19  chromedriver                        0x000000010300d6f8 __gxx_personality_v0 + 612568\n   20  libsystem_pthread.dylib             0x00007ff81e8084f4 _pthread_start + 125\n   21  libsystem_pthread.dylib             0x00007ff81e80400f thread_start + 15\n", "test_name": "test_nav_to_coaching[chromium]", "rerun": "0"}, "15": {"status": "FAIL", "message": "   selenium.common.exceptions.WebDriverException: Message: chrome not reachable\n     (Session info: chrome=97.0.4692.71)\n   Stacktrace:\n   0   chromedriver                        0x0000000103006269 __gxx_personality_v0 + 582729\n   1   chromedriver                        0x0000000102f91c33 __gxx_personality_v0 + 106003\n   2   chromedriver                        0x0000000102b4ecdf chromedriver + 171231\n   3   chromedriver                        0x0000000102b3d7c2 chromedriver + 100290\n   4   chromedriver                        0x0000000102b3e155 chromedriver + 102741\n   5   chromedriver                        0x0000000102b3ff42 chromedriver + 110402\n   6   chromedriver                        0x0000000102b38c22 chromedriver + 80930\n   7   chromedriver                        0x0000000102b502b3 chromedriver + 176819\n   8   chromedriver                        0x0000000102bb3b0c chromedriver + 584460\n   9   chromedriver                        0x0000000102ba1c23 chromedriver + 511011\n   10  chromedriver                        0x0000000102b7775e chromedriver + 337758\n   11  chromedriver                        0x0000000102b78a95 chromedriver + 342677\n   12  chromedriver                        0x0000000102fc28ab __gxx_personality_v0 + 305803\n   13  chromedriver                        0x0000000102fd9863 __gxx_personality_v0 + 399939\n   14  chromedriver                        0x0000000102fdec7f __gxx_personality_v0 + 421471\n   15  chromedriver                        0x0000000102fdabba __gxx_personality_v0 + 404890\n   16  chromedriver                        0x0000000102fb6e51 __gxx_personality_v0 + 258097\n   17  chromedriver                        0x0000000102ff6158 __gxx_personality_v0 + 516920\n   18  chromedriver                        0x0000000102ff62e1 __gxx_personality_v0 + 517313\n   19  chromedriver                        0x000000010300d6f8 __gxx_personality_v0 + 612568\n   20  libsystem_pthread.dylib             0x00007ff81e8084f4 _pthread_start + 125\n   21  libsystem_pthread.dylib             0x00007ff81e80400f thread_start + 15\n", "test_name": "test_get_trainings_softskill_coaching_title[chromium]", "rerun": "0"}, "16": {"status": "FAIL", "message": "   selenium.common.exceptions.WebDriverException: Message: chrome not reachable\n     (Session info: chrome=97.0.4692.71)\n   Stacktrace:\n   0   chromedriver                        0x0000000103006269 __gxx_personality_v0 + 582729\n   1   chromedriver                        0x0000000102f91c33 __gxx_personality_v0 + 106003\n   2   chromedriver                        0x0000000102b4ecdf chromedriver + 171231\n   3   chromedriver                        0x0000000102b3d7c2 chromedriver + 100290\n   4   chromedriver                        0x0000000102b3e155 chromedriver + 102741\n   5   chromedriver                        0x0000000102b3ff42 chromedriver + 110402\n   6   chromedriver                        0x0000000102b38c22 chromedriver + 80930\n   7   chromedriver                        0x0000000102b502b3 chromedriver + 176819\n   8   chromedriver                        0x0000000102bb3b0c chromedriver + 584460\n   9   chromedriver                        0x0000000102ba1c23 chromedriver + 511011\n   10  chromedriver                        0x0000000102b7775e chromedriver + 337758\n   11  chromedriver                        0x0000000102b78a95 chromedriver + 342677\n   12  chromedriver                        0x0000000102fc28ab __gxx_personality_v0 + 305803\n   13  chromedriver                        0x0000000102fd9863 __gxx_personality_v0 + 399939\n   14  chromedriver                        0x0000000102fdec7f __gxx_personality_v0 + 421471\n   15  chromedriver                        0x0000000102fdabba __gxx_personality_v0 + 404890\n   16  chromedriver                        0x0000000102fb6e51 __gxx_personality_v0 + 258097\n   17  chromedriver                        0x0000000102ff6158 __gxx_personality_v0 + 516920\n   18  chromedriver                        0x0000000102ff62e1 __gxx_personality_v0 + 517313\n   19  chromedriver                        0x000000010300d6f8 __gxx_personality_v0 + 612568\n   20  libsystem_pthread.dylib             0x00007ff81e8084f4 _pthread_start + 125\n   21  libsystem_pthread.dylib             0x00007ff81e80400f thread_start + 15\n", "test_name": "test_nav_back4[chromium]", "rerun": "0"}}, "status": {"total_pass": 0, "total_skip": 0, "total_xpass": 0, "total_xfail": 0, "total_rerun": 0, "total_fail": 17, "total_error": 0}}, "7": {"suite_name": "Navigation/test_nav_trainings_trainings.py", "tests": {"0": {"status": "FAIL", "message": "   selenium.common.exceptions.WebDriverException: Message: chrome not reachable\n     (Session info: chrome=97.0.4692.71)\n   Stacktrace:\n   0   chromedriver                        0x0000000103006269 __gxx_personality_v0 + 582729\n   1   chromedriver                        0x0000000102f91c33 __gxx_personality_v0 + 106003\n   2   chromedriver                        0x0000000102b4ecdf chromedriver + 171231\n   3   chromedriver                        0x0000000102b3d7c2 chromedriver + 100290\n   4   chromedriver                        0x0000000102b3e155 chromedriver + 102741\n   5   chromedriver                        0x0000000102b3ff42 chromedriver + 110402\n   6   chromedriver                        0x0000000102b38c22 chromedriver + 80930\n   7   chromedriver                        0x0000000102b502b3 chromedriver + 176819\n   8   chromedriver                        0x0000000102bb3b0c chromedriver + 584460\n   9   chromedriver                        0x0000000102ba1c23 chromedriver + 511011\n   10  chromedriver                        0x0000000102b7775e chromedriver + 337758\n   11  chromedriver                        0x0000000102b78a95 chromedriver + 342677\n   12  chromedriver                        0x0000000102fc28ab __gxx_personality_v0 + 305803\n   13  chromedriver                        0x0000000102fd9863 __gxx_personality_v0 + 399939\n   14  chromedriver                        0x0000000102fdec7f __gxx_personality_v0 + 421471\n   15  chromedriver                        0x0000000102fdabba __gxx_personality_v0 + 404890\n   16  chromedriver                        0x0000000102fb6e51 __gxx_personality_v0 + 258097\n   17  chromedriver                        0x0000000102ff6158 __gxx_personality_v0 + 516920\n   18  chromedriver                        0x0000000102ff62e1 __gxx_personality_v0 + 517313\n   19  chromedriver                        0x000000010300d6f8 __gxx_personality_v0 + 612568\n   20  libsystem_pthread.dylib             0x00007ff81e8084f4 _pthread_start + 125\n   21  libsystem_pthread.dylib             0x00007ff81e80400f thread_start + 15\n", "test_name": "test_get_trainings_trainings_title[chromium]", "rerun": "0"}, "1": {"status": "FAIL", "message": "   selenium.common.exceptions.WebDriverException: Message: chrome not reachable\n     (Session info: chrome=97.0.4692.71)\n   Stacktrace:\n   0   chromedriver                        0x0000000103006269 __gxx_personality_v0 + 582729\n   1   chromedriver                        0x0000000102f91c33 __gxx_personality_v0 + 106003\n   2   chromedriver                        0x0000000102b4ecdf chromedriver + 171231\n   3   chromedriver                        0x0000000102b3d7c2 chromedriver + 100290\n   4   chromedriver                        0x0000000102b3e155 chromedriver + 102741\n   5   chromedriver                        0x0000000102b3ff42 chromedriver + 110402\n   6   chromedriver                        0x0000000102b38c22 chromedriver + 80930\n   7   chromedriver                        0x0000000102b502b3 chromedriver + 176819\n   8   chromedriver                        0x0000000102bb3b0c chromedriver + 584460\n   9   chromedriver                        0x0000000102ba1c23 chromedriver + 511011\n   10  chromedriver                        0x0000000102b7775e chromedriver + 337758\n   11  chromedriver                        0x0000000102b78a95 chromedriver + 342677\n   12  chromedriver                        0x0000000102fc28ab __gxx_personality_v0 + 305803\n   13  chromedriver                        0x0000000102fd9863 __gxx_personality_v0 + 399939\n   14  chromedriver                        0x0000000102fdec7f __gxx_personality_v0 + 421471\n   15  chromedriver                        0x0000000102fdabba __gxx_personality_v0 + 404890\n   16  chromedriver                        0x0000000102fb6e51 __gxx_personality_v0 + 258097\n   17  chromedriver                        0x0000000102ff6158 __gxx_personality_v0 + 516920\n   18  chromedriver                        0x0000000102ff62e1 __gxx_personality_v0 + 517313\n   19  chromedriver                        0x000000010300d6f8 __gxx_personality_v0 + 612568\n   20  libsystem_pthread.dylib             0x00007ff81e8084f4 _pthread_start + 125\n   21  libsystem_pthread.dylib             0x00007ff81e80400f thread_start + 15\n", "test_name": "test_btn_soft_skill_trainings_exists[chromium]", "rerun": "0"}, "2": {"status": "FAIL", "message": "   selenium.common.exceptions.WebDriverException: Message: chrome not reachable\n     (Session info: chrome=97.0.4692.71)\n   Stacktrace:\n   0   chromedriver                        0x0000000103006269 __gxx_personality_v0 + 582729\n   1   chromedriver                        0x0000000102f91c33 __gxx_personality_v0 + 106003\n   2   chromedriver                        0x0000000102b4ecdf chromedriver + 171231\n   3   chromedriver                        0x0000000102b3d7c2 chromedriver + 100290\n   4   chromedriver                        0x0000000102b3e155 chromedriver + 102741\n   5   chromedriver                        0x0000000102b3ff42 chromedriver + 110402\n   6   chromedriver                        0x0000000102b38c22 chromedriver + 80930\n   7   chromedriver                        0x0000000102b502b3 chromedriver + 176819\n   8   chromedriver                        0x0000000102bb3b0c chromedriver + 584460\n   9   chromedriver                        0x0000000102ba1c23 chromedriver + 511011\n   10  chromedriver                        0x0000000102b7775e chromedriver + 337758\n   11  chromedriver                        0x0000000102b78a95 chromedriver + 342677\n   12  chromedriver                        0x0000000102fc28ab __gxx_personality_v0 + 305803\n   13  chromedriver                        0x0000000102fd9863 __gxx_personality_v0 + 399939\n   14  chromedriver                        0x0000000102fdec7f __gxx_personality_v0 + 421471\n   15  chromedriver                        0x0000000102fdabba __gxx_personality_v0 + 404890\n   16  chromedriver                        0x0000000102fb6e51 __gxx_personality_v0 + 258097\n   17  chromedriver                        0x0000000102ff6158 __gxx_personality_v0 + 516920\n   18  chromedriver                        0x0000000102ff62e1 __gxx_personality_v0 + 517313\n   19  chromedriver                        0x000000010300d6f8 __gxx_personality_v0 + 612568\n   20  libsystem_pthread.dylib             0x00007ff81e8084f4 _pthread_start + 125\n   21  libsystem_pthread.dylib             0x00007ff81e80400f thread_start + 15\n", "test_name": "test_btn_projectmanagement_exists[chromium]", "rerun": "0"}, "3": {"status": "FAIL", "message": "   selenium.common.exceptions.WebDriverException: Message: chrome not reachable\n     (Session info: chrome=97.0.4692.71)\n   Stacktrace:\n   0   chromedriver                        0x0000000103006269 __gxx_personality_v0 + 582729\n   1   chromedriver                        0x0000000102f91c33 __gxx_personality_v0 + 106003\n   2   chromedriver                        0x0000000102b4ecdf chromedriver + 171231\n   3   chromedriver                        0x0000000102b3d7c2 chromedriver + 100290\n   4   chromedriver                        0x0000000102b3e155 chromedriver + 102741\n   5   chromedriver                        0x0000000102b3ff42 chromedriver + 110402\n   6   chromedriver                        0x0000000102b38c22 chromedriver + 80930\n   7   chromedriver                        0x0000000102b502b3 chromedriver + 176819\n   8   chromedriver                        0x0000000102bb3b0c chromedriver + 584460\n   9   chromedriver                        0x0000000102ba1c23 chromedriver + 511011\n   10  chromedriver                        0x0000000102b7775e chromedriver + 337758\n   11  chromedriver                        0x0000000102b78a95 chromedriver + 342677\n   12  chromedriver                        0x0000000102fc28ab __gxx_personality_v0 + 305803\n   13  chromedriver                        0x0000000102fd9863 __gxx_personality_v0 + 399939\n   14  chromedriver                        0x0000000102fdec7f __gxx_personality_v0 + 421471\n   15  chromedriver                        0x0000000102fdabba __gxx_personality_v0 + 404890\n   16  chromedriver                        0x0000000102fb6e51 __gxx_personality_v0 + 258097\n   17  chromedriver                        0x0000000102ff6158 __gxx_personality_v0 + 516920\n   18  chromedriver                        0x0000000102ff62e1 __gxx_personality_v0 + 517313\n   19  chromedriver                        0x000000010300d6f8 __gxx_personality_v0 + 612568\n   20  libsystem_pthread.dylib             0x00007ff81e8084f4 _pthread_start + 125\n   21  libsystem_pthread.dylib             0x00007ff81e80400f thread_start + 15\n", "test_name": "test_btn_trainings_open_trainings_schedule_exists[chromium]", "rerun": "0"}, "4": {"status": "FAIL", "message": "   selenium.common.exceptions.WebDriverException: Message: chrome not reachable\n     (Session info: chrome=97.0.4692.71)\n   Stacktrace:\n   0   chromedriver                        0x0000000103006269 __gxx_personality_v0 + 582729\n   1   chromedriver                        0x0000000102f91c33 __gxx_personality_v0 + 106003\n   2   chromedriver                        0x0000000102b4ecdf chromedriver + 171231\n   3   chromedriver                        0x0000000102b3d7c2 chromedriver + 100290\n   4   chromedriver                        0x0000000102b3e155 chromedriver + 102741\n   5   chromedriver                        0x0000000102b3ff42 chromedriver + 110402\n   6   chromedriver                        0x0000000102b38c22 chromedriver + 80930\n   7   chromedriver                        0x0000000102b502b3 chromedriver + 176819\n   8   chromedriver                        0x0000000102bb3b0c chromedriver + 584460\n   9   chromedriver                        0x0000000102ba1c23 chromedriver + 511011\n   10  chromedriver                        0x0000000102b7775e chromedriver + 337758\n   11  chromedriver                        0x0000000102b78a95 chromedriver + 342677\n   12  chromedriver                        0x0000000102fc28ab __gxx_personality_v0 + 305803\n   13  chromedriver                        0x0000000102fd9863 __gxx_personality_v0 + 399939\n   14  chromedriver                        0x0000000102fdec7f __gxx_personality_v0 + 421471\n   15  chromedriver                        0x0000000102fdabba __gxx_personality_v0 + 404890\n   16  chromedriver                        0x0000000102fb6e51 __gxx_personality_v0 + 258097\n   17  chromedriver                        0x0000000102ff6158 __gxx_personality_v0 + 516920\n   18  chromedriver                        0x0000000102ff62e1 __gxx_personality_v0 + 517313\n   19  chromedriver                        0x000000010300d6f8 __gxx_personality_v0 + 612568\n   20  libsystem_pthread.dylib             0x00007ff81e8084f4 _pthread_start + 125\n   21  libsystem_pthread.dylib             0x00007ff81e80400f thread_start + 15\n", "test_name": "test_btn_trainings_catalogue_exists[chromium]", "rerun": "0"}, "5": {"status": "FAIL", "message": "   selenium.common.exceptions.WebDriverException: Message: chrome not reachable\n     (Session info: chrome=97.0.4692.71)\n   Stacktrace:\n   0   chromedriver                        0x0000000103006269 __gxx_personality_v0 + 582729\n   1   chromedriver                        0x0000000102f91c33 __gxx_personality_v0 + 106003\n   2   chromedriver                        0x0000000102b4ecdf chromedriver + 171231\n   3   chromedriver                        0x0000000102b3d7c2 chromedriver + 100290\n   4   chromedriver                        0x0000000102b3e155 chromedriver + 102741\n   5   chromedriver                        0x0000000102b3ff42 chromedriver + 110402\n   6   chromedriver                        0x0000000102b38c22 chromedriver + 80930\n   7   chromedriver                        0x0000000102b502b3 chromedriver + 176819\n   8   chromedriver                        0x0000000102bb3b0c chromedriver + 584460\n   9   chromedriver                        0x0000000102ba1c23 chromedriver + 511011\n   10  chromedriver                        0x0000000102b7775e chromedriver + 337758\n   11  chromedriver                        0x0000000102b78a95 chromedriver + 342677\n   12  chromedriver                        0x0000000102fc28ab __gxx_personality_v0 + 305803\n   13  chromedriver                        0x0000000102fd9863 __gxx_personality_v0 + 399939\n   14  chromedriver                        0x0000000102fdec7f __gxx_personality_v0 + 421471\n   15  chromedriver                        0x0000000102fdabba __gxx_personality_v0 + 404890\n   16  chromedriver                        0x0000000102fb6e51 __gxx_personality_v0 + 258097\n   17  chromedriver                        0x0000000102ff6158 __gxx_personality_v0 + 516920\n   18  chromedriver                        0x0000000102ff62e1 __gxx_personality_v0 + 517313\n   19  chromedriver                        0x000000010300d6f8 __gxx_personality_v0 + 612568\n   20  libsystem_pthread.dylib             0x00007ff81e8084f4 _pthread_start + 125\n   21  libsystem_pthread.dylib             0x00007ff81e80400f thread_start + 15\n", "test_name": "test_nav_to_softskill_trainings[chromium]", "rerun": "0"}, "6": {"status": "FAIL", "message": "   selenium.common.exceptions.WebDriverException: Message: chrome not reachable\n     (Session info: chrome=97.0.4692.71)\n   Stacktrace:\n   0   chromedriver                        0x0000000103006269 __gxx_personality_v0 + 582729\n   1   chromedriver                        0x0000000102f91c33 __gxx_personality_v0 + 106003\n   2   chromedriver                        0x0000000102b4ecdf chromedriver + 171231\n   3   chromedriver                        0x0000000102b3d7c2 chromedriver + 100290\n   4   chromedriver                        0x0000000102b3e155 chromedriver + 102741\n   5   chromedriver                        0x0000000102b3ff42 chromedriver + 110402\n   6   chromedriver                        0x0000000102b38c22 chromedriver + 80930\n   7   chromedriver                        0x0000000102b502b3 chromedriver + 176819\n   8   chromedriver                        0x0000000102bb3b0c chromedriver + 584460\n   9   chromedriver                        0x0000000102ba1c23 chromedriver + 511011\n   10  chromedriver                        0x0000000102b7775e chromedriver + 337758\n   11  chromedriver                        0x0000000102b78a95 chromedriver + 342677\n   12  chromedriver                        0x0000000102fc28ab __gxx_personality_v0 + 305803\n   13  chromedriver                        0x0000000102fd9863 __gxx_personality_v0 + 399939\n   14  chromedriver                        0x0000000102fdec7f __gxx_personality_v0 + 421471\n   15  chromedriver                        0x0000000102fdabba __gxx_personality_v0 + 404890\n   16  chromedriver                        0x0000000102fb6e51 __gxx_personality_v0 + 258097\n   17  chromedriver                        0x0000000102ff6158 __gxx_personality_v0 + 516920\n   18  chromedriver                        0x0000000102ff62e1 __gxx_personality_v0 + 517313\n   19  chromedriver                        0x000000010300d6f8 __gxx_personality_v0 + 612568\n   20  libsystem_pthread.dylib             0x00007ff81e8084f4 _pthread_start + 125\n   21  libsystem_pthread.dylib             0x00007ff81e80400f thread_start + 15\n", "test_name": "test_get_trainings_softskill_title[chromium]", "rerun": "0"}, "7": {"status": "FAIL", "message": "   selenium.common.exceptions.WebDriverException: Message: chrome not reachable\n     (Session info: chrome=97.0.4692.71)\n   Stacktrace:\n   0   chromedriver                        0x0000000103006269 __gxx_personality_v0 + 582729\n   1   chromedriver                        0x0000000102f91c33 __gxx_personality_v0 + 106003\n   2   chromedriver                        0x0000000102b4ecdf chromedriver + 171231\n   3   chromedriver                        0x0000000102b3d7c2 chromedriver + 100290\n   4   chromedriver                        0x0000000102b3e155 chromedriver + 102741\n   5   chromedriver                        0x0000000102b3ff42 chromedriver + 110402\n   6   chromedriver                        0x0000000102b38c22 chromedriver + 80930\n   7   chromedriver                        0x0000000102b502b3 chromedriver + 176819\n   8   chromedriver                        0x0000000102bb3b0c chromedriver + 584460\n   9   chromedriver                        0x0000000102ba1c23 chromedriver + 511011\n   10  chromedriver                        0x0000000102b7775e chromedriver + 337758\n   11  chromedriver                        0x0000000102b78a95 chromedriver + 342677\n   12  chromedriver                        0x0000000102fc28ab __gxx_personality_v0 + 305803\n   13  chromedriver                        0x0000000102fd9863 __gxx_personality_v0 + 399939\n   14  chromedriver                        0x0000000102fdec7f __gxx_personality_v0 + 421471\n   15  chromedriver                        0x0000000102fdabba __gxx_personality_v0 + 404890\n   16  chromedriver                        0x0000000102fb6e51 __gxx_personality_v0 + 258097\n   17  chromedriver                        0x0000000102ff6158 __gxx_personality_v0 + 516920\n   18  chromedriver                        0x0000000102ff62e1 __gxx_personality_v0 + 517313\n   19  chromedriver                        0x000000010300d6f8 __gxx_personality_v0 + 612568\n   20  libsystem_pthread.dylib             0x00007ff81e8084f4 _pthread_start + 125\n   21  libsystem_pthread.dylib             0x00007ff81e80400f thread_start + 15\n", "test_name": "test_nav_back1[chromium]", "rerun": "0"}, "8": {"status": "FAIL", "message": "   selenium.common.exceptions.WebDriverException: Message: chrome not reachable\n     (Session info: chrome=97.0.4692.71)\n   Stacktrace:\n   0   chromedriver                        0x0000000103006269 __gxx_personality_v0 + 582729\n   1   chromedriver                        0x0000000102f91c33 __gxx_personality_v0 + 106003\n   2   chromedriver                        0x0000000102b4ecdf chromedriver + 171231\n   3   chromedriver                        0x0000000102b3d7c2 chromedriver + 100290\n   4   chromedriver                        0x0000000102b3e155 chromedriver + 102741\n   5   chromedriver                        0x0000000102b3ff42 chromedriver + 110402\n   6   chromedriver                        0x0000000102b38c22 chromedriver + 80930\n   7   chromedriver                        0x0000000102b502b3 chromedriver + 176819\n   8   chromedriver                        0x0000000102bb3b0c chromedriver + 584460\n   9   chromedriver                        0x0000000102ba1c23 chromedriver + 511011\n   10  chromedriver                        0x0000000102b7775e chromedriver + 337758\n   11  chromedriver                        0x0000000102b78a95 chromedriver + 342677\n   12  chromedriver                        0x0000000102fc28ab __gxx_personality_v0 + 305803\n   13  chromedriver                        0x0000000102fd9863 __gxx_personality_v0 + 399939\n   14  chromedriver                        0x0000000102fdec7f __gxx_personality_v0 + 421471\n   15  chromedriver                        0x0000000102fdabba __gxx_personality_v0 + 404890\n   16  chromedriver                        0x0000000102fb6e51 __gxx_personality_v0 + 258097\n   17  chromedriver                        0x0000000102ff6158 __gxx_personality_v0 + 516920\n   18  chromedriver                        0x0000000102ff62e1 __gxx_personality_v0 + 517313\n   19  chromedriver                        0x000000010300d6f8 __gxx_personality_v0 + 612568\n   20  libsystem_pthread.dylib             0x00007ff81e8084f4 _pthread_start + 125\n   21  libsystem_pthread.dylib             0x00007ff81e80400f thread_start + 15\n", "test_name": "test_nav_to_projectmanagement[chromium]", "rerun": "0"}, "9": {"status": "FAIL", "message": "   selenium.common.exceptions.WebDriverException: Message: chrome not reachable\n     (Session info: chrome=97.0.4692.71)\n   Stacktrace:\n   0   chromedriver                        0x0000000103006269 __gxx_personality_v0 + 582729\n   1   chromedriver                        0x0000000102f91c33 __gxx_personality_v0 + 106003\n   2   chromedriver                        0x0000000102b4ecdf chromedriver + 171231\n   3   chromedriver                        0x0000000102b3d7c2 chromedriver + 100290\n   4   chromedriver                        0x0000000102b3e155 chromedriver + 102741\n   5   chromedriver                        0x0000000102b3ff42 chromedriver + 110402\n   6   chromedriver                        0x0000000102b38c22 chromedriver + 80930\n   7   chromedriver                        0x0000000102b502b3 chromedriver + 176819\n   8   chromedriver                        0x0000000102bb3b0c chromedriver + 584460\n   9   chromedriver                        0x0000000102ba1c23 chromedriver + 511011\n   10  chromedriver                        0x0000000102b7775e chromedriver + 337758\n   11  chromedriver                        0x0000000102b78a95 chromedriver + 342677\n   12  chromedriver                        0x0000000102fc28ab __gxx_personality_v0 + 305803\n   13  chromedriver                        0x0000000102fd9863 __gxx_personality_v0 + 399939\n   14  chromedriver                        0x0000000102fdec7f __gxx_personality_v0 + 421471\n   15  chromedriver                        0x0000000102fdabba __gxx_personality_v0 + 404890\n   16  chromedriver                        0x0000000102fb6e51 __gxx_personality_v0 + 258097\n   17  chromedriver                        0x0000000102ff6158 __gxx_personality_v0 + 516920\n   18  chromedriver                        0x0000000102ff62e1 __gxx_personality_v0 + 517313\n   19  chromedriver                        0x000000010300d6f8 __gxx_personality_v0 + 612568\n   20  libsystem_pthread.dylib             0x00007ff81e8084f4 _pthread_start + 125\n   21  libsystem_pthread.dylib             0x00007ff81e80400f thread_start + 15\n", "test_name": "test_get_projectmanagement_title[chromium]", "rerun": "0"}, "10": {"status": "FAIL", "message": "   selenium.common.exceptions.WebDriverException: Message: chrome not reachable\n     (Session info: chrome=97.0.4692.71)\n   Stacktrace:\n   0   chromedriver                        0x0000000103006269 __gxx_personality_v0 + 582729\n   1   chromedriver                        0x0000000102f91c33 __gxx_personality_v0 + 106003\n   2   chromedriver                        0x0000000102b4ecdf chromedriver + 171231\n   3   chromedriver                        0x0000000102b3d7c2 chromedriver + 100290\n   4   chromedriver                        0x0000000102b3e155 chromedriver + 102741\n   5   chromedriver                        0x0000000102b3ff42 chromedriver + 110402\n   6   chromedriver                        0x0000000102b38c22 chromedriver + 80930\n   7   chromedriver                        0x0000000102b502b3 chromedriver + 176819\n   8   chromedriver                        0x0000000102bb3b0c chromedriver + 584460\n   9   chromedriver                        0x0000000102ba1c23 chromedriver + 511011\n   10  chromedriver                        0x0000000102b7775e chromedriver + 337758\n   11  chromedriver                        0x0000000102b78a95 chromedriver + 342677\n   12  chromedriver                        0x0000000102fc28ab __gxx_personality_v0 + 305803\n   13  chromedriver                        0x0000000102fd9863 __gxx_personality_v0 + 399939\n   14  chromedriver                        0x0000000102fdec7f __gxx_personality_v0 + 421471\n   15  chromedriver                        0x0000000102fdabba __gxx_personality_v0 + 404890\n   16  chromedriver                        0x0000000102fb6e51 __gxx_personality_v0 + 258097\n   17  chromedriver                        0x0000000102ff6158 __gxx_personality_v0 + 516920\n   18  chromedriver                        0x0000000102ff62e1 __gxx_personality_v0 + 517313\n   19  chromedriver                        0x000000010300d6f8 __gxx_personality_v0 + 612568\n   20  libsystem_pthread.dylib             0x00007ff81e8084f4 _pthread_start + 125\n   21  libsystem_pthread.dylib             0x00007ff81e80400f thread_start + 15\n", "test_name": "test_nav_back2[chromium]", "rerun": "0"}, "11": {"status": "FAIL", "message": "   selenium.common.exceptions.WebDriverException: Message: chrome not reachable\n     (Session info: chrome=97.0.4692.71)\n   Stacktrace:\n   0   chromedriver                        0x0000000103006269 __gxx_personality_v0 + 582729\n   1   chromedriver                        0x0000000102f91c33 __gxx_personality_v0 + 106003\n   2   chromedriver                        0x0000000102b4ecdf chromedriver + 171231\n   3   chromedriver                        0x0000000102b3d7c2 chromedriver + 100290\n   4   chromedriver                        0x0000000102b3e155 chromedriver + 102741\n   5   chromedriver                        0x0000000102b3ff42 chromedriver + 110402\n   6   chromedriver                        0x0000000102b38c22 chromedriver + 80930\n   7   chromedriver                        0x0000000102b502b3 chromedriver + 176819\n   8   chromedriver                        0x0000000102bb3b0c chromedriver + 584460\n   9   chromedriver                        0x0000000102ba1c23 chromedriver + 511011\n   10  chromedriver                        0x0000000102b7775e chromedriver + 337758\n   11  chromedriver                        0x0000000102b78a95 chromedriver + 342677\n   12  chromedriver                        0x0000000102fc28ab __gxx_personality_v0 + 305803\n   13  chromedriver                        0x0000000102fd9863 __gxx_personality_v0 + 399939\n   14  chromedriver                        0x0000000102fdec7f __gxx_personality_v0 + 421471\n   15  chromedriver                        0x0000000102fdabba __gxx_personality_v0 + 404890\n   16  chromedriver                        0x0000000102fb6e51 __gxx_personality_v0 + 258097\n   17  chromedriver                        0x0000000102ff6158 __gxx_personality_v0 + 516920\n   18  chromedriver                        0x0000000102ff62e1 __gxx_personality_v0 + 517313\n   19  chromedriver                        0x000000010300d6f8 __gxx_personality_v0 + 612568\n   20  libsystem_pthread.dylib             0x00007ff81e8084f4 _pthread_start + 125\n   21  libsystem_pthread.dylib             0x00007ff81e80400f thread_start + 15\n", "test_name": "test_nav_to_trainings_open_trainings_schedule[chromium]", "rerun": "0"}, "12": {"status": "FAIL", "message": "   selenium.common.exceptions.WebDriverException: Message: chrome not reachable\n     (Session info: chrome=97.0.4692.71)\n   Stacktrace:\n   0   chromedriver                        0x0000000103006269 __gxx_personality_v0 + 582729\n   1   chromedriver                        0x0000000102f91c33 __gxx_personality_v0 + 106003\n   2   chromedriver                        0x0000000102b4ecdf chromedriver + 171231\n   3   chromedriver                        0x0000000102b3d7c2 chromedriver + 100290\n   4   chromedriver                        0x0000000102b3e155 chromedriver + 102741\n   5   chromedriver                        0x0000000102b3ff42 chromedriver + 110402\n   6   chromedriver                        0x0000000102b38c22 chromedriver + 80930\n   7   chromedriver                        0x0000000102b502b3 chromedriver + 176819\n   8   chromedriver                        0x0000000102bb3b0c chromedriver + 584460\n   9   chromedriver                        0x0000000102ba1c23 chromedriver + 511011\n   10  chromedriver                        0x0000000102b7775e chromedriver + 337758\n   11  chromedriver                        0x0000000102b78a95 chromedriver + 342677\n   12  chromedriver                        0x0000000102fc28ab __gxx_personality_v0 + 305803\n   13  chromedriver                        0x0000000102fd9863 __gxx_personality_v0 + 399939\n   14  chromedriver                        0x0000000102fdec7f __gxx_personality_v0 + 421471\n   15  chromedriver                        0x0000000102fdabba __gxx_personality_v0 + 404890\n   16  chromedriver                        0x0000000102fb6e51 __gxx_personality_v0 + 258097\n   17  chromedriver                        0x0000000102ff6158 __gxx_personality_v0 + 516920\n   18  chromedriver                        0x0000000102ff62e1 __gxx_personality_v0 + 517313\n   19  chromedriver                        0x000000010300d6f8 __gxx_personality_v0 + 612568\n   20  libsystem_pthread.dylib             0x00007ff81e8084f4 _pthread_start + 125\n   21  libsystem_pthread.dylib             0x00007ff81e80400f thread_start + 15\n", "test_name": "test_get_trainings_trainings_open_trainings_schedule[chromium]", "rerun": "0"}, "13": {"status": "FAIL", "message": "   selenium.common.exceptions.WebDriverException: Message: chrome not reachable\n     (Session info: chrome=97.0.4692.71)\n   Stacktrace:\n   0   chromedriver                        0x0000000103006269 __gxx_personality_v0 + 582729\n   1   chromedriver                        0x0000000102f91c33 __gxx_personality_v0 + 106003\n   2   chromedriver                        0x0000000102b4ecdf chromedriver + 171231\n   3   chromedriver                        0x0000000102b3d7c2 chromedriver + 100290\n   4   chromedriver                        0x0000000102b3e155 chromedriver + 102741\n   5   chromedriver                        0x0000000102b3ff42 chromedriver + 110402\n   6   chromedriver                        0x0000000102b38c22 chromedriver + 80930\n   7   chromedriver                        0x0000000102b502b3 chromedriver + 176819\n   8   chromedriver                        0x0000000102bb3b0c chromedriver + 584460\n   9   chromedriver                        0x0000000102ba1c23 chromedriver + 511011\n   10  chromedriver                        0x0000000102b7775e chromedriver + 337758\n   11  chromedriver                        0x0000000102b78a95 chromedriver + 342677\n   12  chromedriver                        0x0000000102fc28ab __gxx_personality_v0 + 305803\n   13  chromedriver                        0x0000000102fd9863 __gxx_personality_v0 + 399939\n   14  chromedriver                        0x0000000102fdec7f __gxx_personality_v0 + 421471\n   15  chromedriver                        0x0000000102fdabba __gxx_personality_v0 + 404890\n   16  chromedriver                        0x0000000102fb6e51 __gxx_personality_v0 + 258097\n   17  chromedriver                        0x0000000102ff6158 __gxx_personality_v0 + 516920\n   18  chromedriver                        0x0000000102ff62e1 __gxx_personality_v0 + 517313\n   19  chromedriver                        0x000000010300d6f8 __gxx_personality_v0 + 612568\n   20  libsystem_pthread.dylib             0x00007ff81e8084f4 _pthread_start + 125\n   21  libsystem_pthread.dylib             0x00007ff81e80400f thread_start + 15\n", "test_name": "test_nav_to_trainings_catalogue[chromium]", "rerun": "0"}, "14": {"status": "FAIL", "message": "   selenium.common.exceptions.WebDriverException: Message: chrome not reachable\n     (Session info: chrome=97.0.4692.71)\n   Stacktrace:\n   0   chromedriver                        0x0000000103006269 __gxx_personality_v0 + 582729\n   1   chromedriver                        0x0000000102f91c33 __gxx_personality_v0 + 106003\n   2   chromedriver                        0x0000000102b4ecdf chromedriver + 171231\n   3   chromedriver                        0x0000000102b3d7c2 chromedriver + 100290\n   4   chromedriver                        0x0000000102b3e155 chromedriver + 102741\n   5   chromedriver                        0x0000000102b3ff42 chromedriver + 110402\n   6   chromedriver                        0x0000000102b38c22 chromedriver + 80930\n   7   chromedriver                        0x0000000102b502b3 chromedriver + 176819\n   8   chromedriver                        0x0000000102bb3b0c chromedriver + 584460\n   9   chromedriver                        0x0000000102ba1c23 chromedriver + 511011\n   10  chromedriver                        0x0000000102b7775e chromedriver + 337758\n   11  chromedriver                        0x0000000102b78a95 chromedriver + 342677\n   12  chromedriver                        0x0000000102fc28ab __gxx_personality_v0 + 305803\n   13  chromedriver                        0x0000000102fd9863 __gxx_personality_v0 + 399939\n   14  chromedriver                        0x0000000102fdec7f __gxx_personality_v0 + 421471\n   15  chromedriver                        0x0000000102fdabba __gxx_personality_v0 + 404890\n   16  chromedriver                        0x0000000102fb6e51 __gxx_personality_v0 + 258097\n   17  chromedriver                        0x0000000102ff6158 __gxx_personality_v0 + 516920\n   18  chromedriver                        0x0000000102ff62e1 __gxx_personality_v0 + 517313\n   19  chromedriver                        0x000000010300d6f8 __gxx_personality_v0 + 612568\n   20  libsystem_pthread.dylib             0x00007ff81e8084f4 _pthread_start + 125\n   21  libsystem_pthread.dylib             0x00007ff81e80400f thread_start + 15\n", "test_name": "test_get_trainings_trainings_catalogue_title[chromium]", "rerun": "0"}, "15": {"status": "FAIL", "message": "   selenium.common.exceptions.WebDriverException: Message: chrome not reachable\n     (Session info: chrome=97.0.4692.71)\n   Stacktrace:\n   0   chromedriver                        0x0000000103006269 __gxx_personality_v0 + 582729\n   1   chromedriver                        0x0000000102f91c33 __gxx_personality_v0 + 106003\n   2   chromedriver                        0x0000000102b4ecdf chromedriver + 171231\n   3   chromedriver                        0x0000000102b3d7c2 chromedriver + 100290\n   4   chromedriver                        0x0000000102b3e155 chromedriver + 102741\n   5   chromedriver                        0x0000000102b3ff42 chromedriver + 110402\n   6   chromedriver                        0x0000000102b38c22 chromedriver + 80930\n   7   chromedriver                        0x0000000102b502b3 chromedriver + 176819\n   8   chromedriver                        0x0000000102bb3b0c chromedriver + 584460\n   9   chromedriver                        0x0000000102ba1c23 chromedriver + 511011\n   10  chromedriver                        0x0000000102b7775e chromedriver + 337758\n   11  chromedriver                        0x0000000102b78a95 chromedriver + 342677\n   12  chromedriver                        0x0000000102fc28ab __gxx_personality_v0 + 305803\n   13  chromedriver                        0x0000000102fd9863 __gxx_personality_v0 + 399939\n   14  chromedriver                        0x0000000102fdec7f __gxx_personality_v0 + 421471\n   15  chromedriver                        0x0000000102fdabba __gxx_personality_v0 + 404890\n   16  chromedriver                        0x0000000102fb6e51 __gxx_personality_v0 + 258097\n   17  chromedriver                        0x0000000102ff6158 __gxx_personality_v0 + 516920\n   18  chromedriver                        0x0000000102ff62e1 __gxx_personality_v0 + 517313\n   19  chromedriver                        0x000000010300d6f8 __gxx_personality_v0 + 612568\n   20  libsystem_pthread.dylib             0x00007ff81e8084f4 _pthread_start + 125\n   21  libsystem_pthread.dylib             0x00007ff81e80400f thread_start + 15\n", "test_name": "test_nav_back3[chromium]", "rerun": "0"}}, "status": {"total_pass": 0, "total_skip": 0, "total_xpass": 0, "total_xfail": 0, "total_rerun": 0, "total_fail": 16, "total_error": 0}}}}, "date": "January 25, 2022", "start_time": 1643080524.225088, "total_suite": 8, "status": "FAIL", "status_list": {"pass": "19", "fail": "82", "skip": "0", "error": "0", "xpass": "0", "xfail": "0", "rerun": "0"}, "total_tests": "101"}