{"content": {"suites": {"0": {"status": {"total_pass": 0, "total_skip": 0, "total_xpass": 0, "total_xfail": 0, "total_rerun": 0, "total_fail": 0, "total_error": 4}, "tests": {"0": {"status": "ERROR", "message": "request = <SubRequest 'init_driver' for <Function test_loginpage_title[Chrome]>>\n\n    @pytest.fixture(params=['Chrome'], scope ='class')\n    def init_driver(request):\n    \n        if request.param == 'Chrome':\n>           browser = webdriver.Chrome(executable_path=Testdata.PATH)\n\n../../Configs/conftest.py:15: \n_ _ _ _ _ _ _ _ _ _ _ _ _ _ _ _ _ _ _ _ _ _ _ _ _ _ _ _ _ _ _ _ _ _ _ _ _ _ _ _ _ _ _ _ _ _ _ _ _ _ _ _ _ _ _ _ _ _ _ _ _ _ _ _ _ _ _ _ _ _ _ _ _ _ _ _ _ _ _ _ _ _ _ _ _ _ _ _ _ _ _ _ _\n/usr/local/lib/python3.9/site-packages/selenium/webdriver/chrome/webdriver.py:70: in __init__\n    super(WebDriver, self).__init__(DesiredCapabilities.CHROME['browserName'], \"goog\",\n/usr/local/lib/python3.9/site-packages/selenium/webdriver/chromium/webdriver.py:90: in __init__\n    self.service.start()\n/usr/local/lib/python3.9/site-packages/selenium/webdriver/common/service.py:98: in start\n    self.assert_process_still_running()\n_ _ _ _ _ _ _ _ _ _ _ _ _ _ _ _ _ _ _ _ _ _ _ _ _ _ _ _ _ _ _ _ _ _ _ _ _ _ _ _ _ _ _ _ _ _ _ _ _ _ _ _ _ _ _ _ _ _ _ _ _ _ _ _ _ _ _ _ _ _ _ _ _ _ _ _ _ _ _ _ _ _ _ _ _ _ _ _ _ _ _ _ _\n\nself = <selenium.webdriver.chrome.service.Service object at 0x10e4321f0>\n\n    def assert_process_still_running(self):\n        return_code = self.process.poll()\n        if return_code:\n>           raise WebDriverException(\n                'Service %s unexpectedly exited. Status code was: %s'\n                % (self.path, return_code)\n            )\nE           selenium.common.exceptions.WebDriverException: Message: Service /Users/openmindschooling/MyStuff/Web/Chrome_webdriver/chromedriver unexpectedly exited. Status code was: -9\n\n/usr/local/lib/python3.9/site-packages/selenium/webdriver/common/service.py:110: WebDriverException\n", "test_name": "test_loginpage_title[Chrome]", "rerun": "0"}, "1": {"status": "ERROR", "message": "request = <SubRequest 'init_driver' for <Function test_loginpage_title[Chrome]>>\n\n    @pytest.fixture(params=['Chrome'], scope ='class')\n    def init_driver(request):\n    \n        if request.param == 'Chrome':\n>           browser = webdriver.Chrome(executable_path=Testdata.PATH)\n\n../../Configs/conftest.py:15: \n_ _ _ _ _ _ _ _ _ _ _ _ _ _ _ _ _ _ _ _ _ _ _ _ _ _ _ _ _ _ _ _ _ _ _ _ _ _ _ _ _ _ _ _ _ _ _ _ _ _ _ _ _ _ _ _ _ _ _ _ _ _ _ _ _ _ _ _ _ _ _ _ _ _ _ _ _ _ _ _ _ _ _ _ _ _ _ _ _ _ _ _ _\n/usr/local/lib/python3.9/site-packages/selenium/webdriver/chrome/webdriver.py:70: in __init__\n    super(WebDriver, self).__init__(DesiredCapabilities.CHROME['browserName'], \"goog\",\n/usr/local/lib/python3.9/site-packages/selenium/webdriver/chromium/webdriver.py:90: in __init__\n    self.service.start()\n/usr/local/lib/python3.9/site-packages/selenium/webdriver/common/service.py:98: in start\n    self.assert_process_still_running()\n_ _ _ _ _ _ _ _ _ _ _ _ _ _ _ _ _ _ _ _ _ _ _ _ _ _ _ _ _ _ _ _ _ _ _ _ _ _ _ _ _ _ _ _ _ _ _ _ _ _ _ _ _ _ _ _ _ _ _ _ _ _ _ _ _ _ _ _ _ _ _ _ _ _ _ _ _ _ _ _ _ _ _ _ _ _ _ _ _ _ _ _ _\n\nself = <selenium.webdriver.chrome.service.Service object at 0x10e4321f0>\n\n    def assert_process_still_running(self):\n        return_code = self.process.poll()\n        if return_code:\n>           raise WebDriverException(\n                'Service %s unexpectedly exited. Status code was: %s'\n                % (self.path, return_code)\n            )\nE           selenium.common.exceptions.WebDriverException: Message: Service /Users/openmindschooling/MyStuff/Web/Chrome_webdriver/chromedriver unexpectedly exited. Status code was: -9\n\n/usr/local/lib/python3.9/site-packages/selenium/webdriver/common/service.py:110: WebDriverException\n", "test_name": "test_signup_link_visible[Chrome]", "rerun": "0"}, "2": {"status": "ERROR", "message": "request = <SubRequest 'init_driver' for <Function test_loginpage_title[Chrome]>>\n\n    @pytest.fixture(params=['Chrome'], scope ='class')\n    def init_driver(request):\n    \n        if request.param == 'Chrome':\n>           browser = webdriver.Chrome(executable_path=Testdata.PATH)\n\n../../Configs/conftest.py:15: \n_ _ _ _ _ _ _ _ _ _ _ _ _ _ _ _ _ _ _ _ _ _ _ _ _ _ _ _ _ _ _ _ _ _ _ _ _ _ _ _ _ _ _ _ _ _ _ _ _ _ _ _ _ _ _ _ _ _ _ _ _ _ _ _ _ _ _ _ _ _ _ _ _ _ _ _ _ _ _ _ _ _ _ _ _ _ _ _ _ _ _ _ _\n/usr/local/lib/python3.9/site-packages/selenium/webdriver/chrome/webdriver.py:70: in __init__\n    super(WebDriver, self).__init__(DesiredCapabilities.CHROME['browserName'], \"goog\",\n/usr/local/lib/python3.9/site-packages/selenium/webdriver/chromium/webdriver.py:90: in __init__\n    self.service.start()\n/usr/local/lib/python3.9/site-packages/selenium/webdriver/common/service.py:98: in start\n    self.assert_process_still_running()\n_ _ _ _ _ _ _ _ _ _ _ _ _ _ _ _ _ _ _ _ _ _ _ _ _ _ _ _ _ _ _ _ _ _ _ _ _ _ _ _ _ _ _ _ _ _ _ _ _ _ _ _ _ _ _ _ _ _ _ _ _ _ _ _ _ _ _ _ _ _ _ _ _ _ _ _ _ _ _ _ _ _ _ _ _ _ _ _ _ _ _ _ _\n\nself = <selenium.webdriver.chrome.service.Service object at 0x10e4321f0>\n\n    def assert_process_still_running(self):\n        return_code = self.process.poll()\n        if return_code:\n>           raise WebDriverException(\n                'Service %s unexpectedly exited. Status code was: %s'\n                % (self.path, return_code)\n            )\nE           selenium.common.exceptions.WebDriverException: Message: Service /Users/openmindschooling/MyStuff/Web/Chrome_webdriver/chromedriver unexpectedly exited. Status code was: -9\n\n/usr/local/lib/python3.9/site-packages/selenium/webdriver/common/service.py:110: WebDriverException\n", "test_name": "test_login[Chrome]", "rerun": "0"}, "3": {"status": "ERROR", "message": "request = <SubRequest 'init_driver' for <Function test_loginpage_title[Chrome]>>\n\n    @pytest.fixture(params=['Chrome'], scope ='class')\n    def init_driver(request):\n    \n        if request.param == 'Chrome':\n>           browser = webdriver.Chrome(executable_path=Testdata.PATH)\n\n../../Configs/conftest.py:15: \n_ _ _ _ _ _ _ _ _ _ _ _ _ _ _ _ _ _ _ _ _ _ _ _ _ _ _ _ _ _ _ _ _ _ _ _ _ _ _ _ _ _ _ _ _ _ _ _ _ _ _ _ _ _ _ _ _ _ _ _ _ _ _ _ _ _ _ _ _ _ _ _ _ _ _ _ _ _ _ _ _ _ _ _ _ _ _ _ _ _ _ _ _\n/usr/local/lib/python3.9/site-packages/selenium/webdriver/chrome/webdriver.py:70: in __init__\n    super(WebDriver, self).__init__(DesiredCapabilities.CHROME['browserName'], \"goog\",\n/usr/local/lib/python3.9/site-packages/selenium/webdriver/chromium/webdriver.py:90: in __init__\n    self.service.start()\n/usr/local/lib/python3.9/site-packages/selenium/webdriver/common/service.py:98: in start\n    self.assert_process_still_running()\n_ _ _ _ _ _ _ _ _ _ _ _ _ _ _ _ _ _ _ _ _ _ _ _ _ _ _ _ _ _ _ _ _ _ _ _ _ _ _ _ _ _ _ _ _ _ _ _ _ _ _ _ _ _ _ _ _ _ _ _ _ _ _ _ _ _ _ _ _ _ _ _ _ _ _ _ _ _ _ _ _ _ _ _ _ _ _ _ _ _ _ _ _\n\nself = <selenium.webdriver.chrome.service.Service object at 0x10e4321f0>\n\n    def assert_process_still_running(self):\n        return_code = self.process.poll()\n        if return_code:\n>           raise WebDriverException(\n                'Service %s unexpectedly exited. Status code was: %s'\n                % (self.path, return_code)\n            )\nE           selenium.common.exceptions.WebDriverException: Message: Service /Users/openmindschooling/MyStuff/Web/Chrome_webdriver/chromedriver unexpectedly exited. Status code was: -9\n\n/usr/local/lib/python3.9/site-packages/selenium/webdriver/common/service.py:110: WebDriverException\n", "test_name": "test_check_login_succesful[Chrome]", "rerun": "0"}}, "suite_name": "test_login.py"}}}, "date": "February 15, 2022", "start_time": 1644937667.996178, "total_suite": 1, "status": "FAIL", "status_list": {"pass": "0", "fail": "0", "skip": "0", "error": "4", "xpass": "0", "xfail": "0", "rerun": "0"}, "total_tests": "4"}