{"name": "test_btn_leader_courses_exists[Chrome]", "status": "broken", "statusDetails": {"message": "selenium.common.exceptions.TimeoutException: Message:", "trace": "self = <test_mainpage_units.Test_MainPage_Units object at 0x107642fd0>\n\n    def test_btn_leader_courses_exists(self):\n        self.browser = Mainpage_It_Courses_Dropdown(self.browser)\n>       visible = self.browser.btn_leader_courses_exists()\n\nTests/Unit/test_mainpage_units.py:190: \n_ _ _ _ _ _ _ _ _ _ _ _ _ _ _ _ _ _ _ _ _ _ _ _ _ _ _ _ _ _ _ _ _ _ _ _ _ _ _ _ \n../../../MyStuff/Web/Training360/AutomatedTests/Pages/mainpage_it_courses_dropdown.py:47: in btn_leader_courses_exists\n    return self.is_visible(Locators.btn_leader_courses)\n../../../MyStuff/Web/Training360/AutomatedTests/Configs/basemethods.py:44: in is_visible\n    element = wait(self.browser, 10).until(EC.element_to_be_clickable(by_locator))\n_ _ _ _ _ _ _ _ _ _ _ _ _ _ _ _ _ _ _ _ _ _ _ _ _ _ _ _ _ _ _ _ _ _ _ _ _ _ _ _ \n\nself = <selenium.webdriver.support.wait.WebDriverWait (session=\"4995d2e3555f6f4eafed8cf892448b7a\")>\nmethod = <function element_to_be_clickable.<locals>._predicate at 0x107805af0>\nmessage = ''\n\n    def until(self, method, message: str = \"\"):\n        \"\"\"Calls the method provided with the driver as an argument until the \\\n        return value does not evaluate to ``False``.\n    \n        :param method: callable(WebDriver)\n        :param message: optional message for :exc:`TimeoutException`\n        :returns: the result of the last call to `method`\n        :raises: :exc:`selenium.common.exceptions.TimeoutException` if timeout occurs\n        \"\"\"\n        screen = None\n        stacktrace = None\n    \n        end_time = time.monotonic() + self._timeout\n        while True:\n            try:\n                value = method(self._driver)\n                if value:\n                    return value\n            except self._ignored_exceptions as exc:\n                screen = getattr(exc, \"screen\", None)\n                stacktrace = getattr(exc, \"stacktrace\", None)\n            time.sleep(self._poll)\n            if time.monotonic() > end_time:\n                break\n>       raise TimeoutException(message, screen, stacktrace)\nE       selenium.common.exceptions.TimeoutException: Message:\n\n../../../MyStuff/Web/Training360/AutomatedTests/env/lib/python3.9/site-packages/selenium/webdriver/support/wait.py:95: TimeoutException"}, "parameters": [{"name": "init_driver", "value": "'Chrome'"}], "start": 1669006721470, "stop": 1669006731481, "uuid": "aee9fc51-2d70-4477-b477-a48640af34e1", "historyId": "1cb1f7793f58769d6fdd6a174c128b1d", "testCaseId": "bcc3f60844afa4c2482526f923544195", "fullName": "Tests.Unit.test_mainpage_units.Test_MainPage_Units#test_btn_leader_courses_exists", "labels": [{"name": "tag", "value": "@pytest.mark.usefixtures('init_driver')"}, {"name": "parentSuite", "value": "Tests.Unit"}, {"name": "suite", "value": "test_mainpage_units"}, {"name": "subSuite", "value": "Test_MainPage_Units"}, {"name": "host", "value": "Opens-Air.home"}, {"name": "thread", "value": "2682-MainThread"}, {"name": "framework", "value": "pytest"}, {"name": "language", "value": "cpython3"}, {"name": "package", "value": "Tests.Unit.test_mainpage_units"}]}