{"content": {"suites": {"0": {"status": {"total_pass": 20, "total_skip": 0, "total_xpass": 0, "total_xfail": 0, "total_rerun": 0, "total_fail": 30, "total_error": 0}, "tests": {"0": {"status": "PASS", "message": "", "test_name": "test_close_popup[Chrome]", "rerun": "0"}, "1": {"status": "PASS", "message": "", "test_name": "test_get_main_page_title[Chrome]", "rerun": "0"}, "2": {"status": "FAIL", "message": "   AttributeError: 'MainPage' object has no attribute 'maximize_window'\n", "test_name": "test_nav_bar_it_courses[Chrome]", "rerun": "0"}, "3": {"status": "PASS", "message": "", "test_name": "test_btn_it_courses_exists[Chrome]", "rerun": "0"}, "4": {"status": "PASS", "message": "", "test_name": "test_btn_it_courses_admin_exists[Chrome]", "rerun": "0"}, "5": {"status": "PASS", "message": "", "test_name": "test_btn_it_courses_dev_exists[Chrome]", "rerun": "0"}, "6": {"status": "PASS", "message": "", "test_name": "test_btn_leader_courses_exists[Chrome]", "rerun": "0"}, "7": {"status": "PASS", "message": "", "test_name": "test_btn_creating_value_exists[Chrome]", "rerun": "0"}, "8": {"status": "PASS", "message": "", "test_name": "test_btn_it_courses_admin_aws_exists[Chrome]", "rerun": "0"}, "9": {"status": "FAIL", "message": "   selenium.common.exceptions.TimeoutException: Message: \n   Stacktrace:\n   0   chromedriver                        0x000000010ffcdee9 chromedriver + 5013225\n   1   chromedriver                        0x000000010ff591d3 chromedriver + 4534739\n   2   chromedriver                        0x000000010fb2fa68 chromedriver + 170600\n   3   chromedriver                        0x000000010fb64152 chromedriver + 385362\n   4   chromedriver                        0x000000010fb64311 chromedriver + 385809\n   5   chromedriver                        0x000000010fb96324 chromedriver + 590628\n   6   chromedriver                        0x000000010fb8180d chromedriver + 505869\n   7   chromedriver                        0x000000010fb94074 chromedriver + 581748\n   8   chromedriver                        0x000000010fb816d3 chromedriver + 505555\n   9   chromedriver                        0x000000010fb5776e chromedriver + 333678\n   10  chromedriver                        0x000000010fb58745 chromedriver + 337733\n   11  chromedriver                        0x000000010ff89efe chromedriver + 4734718\n   12  chromedriver                        0x000000010ffa3a19 chromedriver + 4839961\n   13  chromedriver                        0x000000010ffa91c8 chromedriver + 4862408\n   14  chromedriver                        0x000000010ffa43aa chromedriver + 4842410\n   15  chromedriver                        0x000000010ff7ea01 chromedriver + 4688385\n   16  chromedriver                        0x000000010ffbf538 chromedriver + 4953400\n   17  chromedriver                        0x000000010ffbf6c1 chromedriver + 4953793\n   18  chromedriver                        0x000000010ffd5225 chromedriver + 5042725\n   19  libsystem_pthread.dylib             0x00007ff81ed7b4f4 _pthread_start + 125\n   20  libsystem_pthread.dylib             0x00007ff81ed7700f thread_start + 15\n", "test_name": "test_btn_it_courses_admin_microsoft_exists[Chrome]", "rerun": "0"}, "10": {"status": "FAIL", "message": "   selenium.common.exceptions.TimeoutException: Message: \n   Stacktrace:\n   0   chromedriver                        0x000000010ffcdee9 chromedriver + 5013225\n   1   chromedriver                        0x000000010ff591d3 chromedriver + 4534739\n   2   chromedriver                        0x000000010fb2fa68 chromedriver + 170600\n   3   chromedriver                        0x000000010fb64152 chromedriver + 385362\n   4   chromedriver                        0x000000010fb64311 chromedriver + 385809\n   5   chromedriver                        0x000000010fb96324 chromedriver + 590628\n   6   chromedriver                        0x000000010fb8180d chromedriver + 505869\n   7   chromedriver                        0x000000010fb94074 chromedriver + 581748\n   8   chromedriver                        0x000000010fb816d3 chromedriver + 505555\n   9   chromedriver                        0x000000010fb5776e chromedriver + 333678\n   10  chromedriver                        0x000000010fb58745 chromedriver + 337733\n   11  chromedriver                        0x000000010ff89efe chromedriver + 4734718\n   12  chromedriver                        0x000000010ffa3a19 chromedriver + 4839961\n   13  chromedriver                        0x000000010ffa91c8 chromedriver + 4862408\n   14  chromedriver                        0x000000010ffa43aa chromedriver + 4842410\n   15  chromedriver                        0x000000010ff7ea01 chromedriver + 4688385\n   16  chromedriver                        0x000000010ffbf538 chromedriver + 4953400\n   17  chromedriver                        0x000000010ffbf6c1 chromedriver + 4953793\n   18  chromedriver                        0x000000010ffd5225 chromedriver + 5042725\n   19  libsystem_pthread.dylib             0x00007ff81ed7b4f4 _pthread_start + 125\n   20  libsystem_pthread.dylib             0x00007ff81ed7700f thread_start + 15\n", "test_name": "test_btn_it_courses_admin_cisco_exists[Chrome]", "rerun": "0"}, "11": {"status": "FAIL", "message": "   selenium.common.exceptions.TimeoutException: Message: \n   Stacktrace:\n   0   chromedriver                        0x000000010ffcdee9 chromedriver + 5013225\n   1   chromedriver                        0x000000010ff591d3 chromedriver + 4534739\n   2   chromedriver                        0x000000010fb2fa68 chromedriver + 170600\n   3   chromedriver                        0x000000010fb64152 chromedriver + 385362\n   4   chromedriver                        0x000000010fb64311 chromedriver + 385809\n   5   chromedriver                        0x000000010fb96324 chromedriver + 590628\n   6   chromedriver                        0x000000010fb8180d chromedriver + 505869\n   7   chromedriver                        0x000000010fb94074 chromedriver + 581748\n   8   chromedriver                        0x000000010fb816d3 chromedriver + 505555\n   9   chromedriver                        0x000000010fb5776e chromedriver + 333678\n   10  chromedriver                        0x000000010fb58745 chromedriver + 337733\n   11  chromedriver                        0x000000010ff89efe chromedriver + 4734718\n   12  chromedriver                        0x000000010ffa3a19 chromedriver + 4839961\n   13  chromedriver                        0x000000010ffa91c8 chromedriver + 4862408\n   14  chromedriver                        0x000000010ffa43aa chromedriver + 4842410\n   15  chromedriver                        0x000000010ff7ea01 chromedriver + 4688385\n   16  chromedriver                        0x000000010ffbf538 chromedriver + 4953400\n   17  chromedriver                        0x000000010ffbf6c1 chromedriver + 4953793\n   18  chromedriver                        0x000000010ffd5225 chromedriver + 5042725\n   19  libsystem_pthread.dylib             0x00007ff81ed7b4f4 _pthread_start + 125\n   20  libsystem_pthread.dylib             0x00007ff81ed7700f thread_start + 15\n", "test_name": "test_btn_it_courses_admin_oracle_exists[Chrome]", "rerun": "0"}, "12": {"status": "FAIL", "message": "   selenium.common.exceptions.TimeoutException: Message: \n   Stacktrace:\n   0   chromedriver                        0x000000010ffcdee9 chromedriver + 5013225\n   1   chromedriver                        0x000000010ff591d3 chromedriver + 4534739\n   2   chromedriver                        0x000000010fb2fa68 chromedriver + 170600\n   3   chromedriver                        0x000000010fb64152 chromedriver + 385362\n   4   chromedriver                        0x000000010fb64311 chromedriver + 385809\n   5   chromedriver                        0x000000010fb96324 chromedriver + 590628\n   6   chromedriver                        0x000000010fb8180d chromedriver + 505869\n   7   chromedriver                        0x000000010fb94074 chromedriver + 581748\n   8   chromedriver                        0x000000010fb816d3 chromedriver + 505555\n   9   chromedriver                        0x000000010fb5776e chromedriver + 333678\n   10  chromedriver                        0x000000010fb58745 chromedriver + 337733\n   11  chromedriver                        0x000000010ff89efe chromedriver + 4734718\n   12  chromedriver                        0x000000010ffa3a19 chromedriver + 4839961\n   13  chromedriver                        0x000000010ffa91c8 chromedriver + 4862408\n   14  chromedriver                        0x000000010ffa43aa chromedriver + 4842410\n   15  chromedriver                        0x000000010ff7ea01 chromedriver + 4688385\n   16  chromedriver                        0x000000010ffbf538 chromedriver + 4953400\n   17  chromedriver                        0x000000010ffbf6c1 chromedriver + 4953793\n   18  chromedriver                        0x000000010ffd5225 chromedriver + 5042725\n   19  libsystem_pthread.dylib             0x00007ff81ed7b4f4 _pthread_start + 125\n   20  libsystem_pthread.dylib             0x00007ff81ed7700f thread_start + 15\n", "test_name": "test_btn_it_courses_admin_vmware_exists[Chrome]", "rerun": "0"}, "13": {"status": "FAIL", "message": "   selenium.common.exceptions.TimeoutException: Message: \n   Stacktrace:\n   0   chromedriver                        0x000000010ffcdee9 chromedriver + 5013225\n   1   chromedriver                        0x000000010ff591d3 chromedriver + 4534739\n   2   chromedriver                        0x000000010fb2fa68 chromedriver + 170600\n   3   chromedriver                        0x000000010fb64152 chromedriver + 385362\n   4   chromedriver                        0x000000010fb64311 chromedriver + 385809\n   5   chromedriver                        0x000000010fb96324 chromedriver + 590628\n   6   chromedriver                        0x000000010fb8180d chromedriver + 505869\n   7   chromedriver                        0x000000010fb94074 chromedriver + 581748\n   8   chromedriver                        0x000000010fb816d3 chromedriver + 505555\n   9   chromedriver                        0x000000010fb5776e chromedriver + 333678\n   10  chromedriver                        0x000000010fb58745 chromedriver + 337733\n   11  chromedriver                        0x000000010ff89efe chromedriver + 4734718\n   12  chromedriver                        0x000000010ffa3a19 chromedriver + 4839961\n   13  chromedriver                        0x000000010ffa91c8 chromedriver + 4862408\n   14  chromedriver                        0x000000010ffa43aa chromedriver + 4842410\n   15  chromedriver                        0x000000010ff7ea01 chromedriver + 4688385\n   16  chromedriver                        0x000000010ffbf538 chromedriver + 4953400\n   17  chromedriver                        0x000000010ffbf6c1 chromedriver + 4953793\n   18  chromedriver                        0x000000010ffd5225 chromedriver + 5042725\n   19  libsystem_pthread.dylib             0x00007ff81ed7b4f4 _pthread_start + 125\n   20  libsystem_pthread.dylib             0x00007ff81ed7700f thread_start + 15\n", "test_name": "test_btn_it_courses_admin_ibm_exists[Chrome]", "rerun": "0"}, "14": {"status": "FAIL", "message": "   selenium.common.exceptions.TimeoutException: Message: \n   Stacktrace:\n   0   chromedriver                        0x000000010ffcdee9 chromedriver + 5013225\n   1   chromedriver                        0x000000010ff591d3 chromedriver + 4534739\n   2   chromedriver                        0x000000010fb2fa68 chromedriver + 170600\n   3   chromedriver                        0x000000010fb64152 chromedriver + 385362\n   4   chromedriver                        0x000000010fb64311 chromedriver + 385809\n   5   chromedriver                        0x000000010fb96324 chromedriver + 590628\n   6   chromedriver                        0x000000010fb8180d chromedriver + 505869\n   7   chromedriver                        0x000000010fb94074 chromedriver + 581748\n   8   chromedriver                        0x000000010fb816d3 chromedriver + 505555\n   9   chromedriver                        0x000000010fb5776e chromedriver + 333678\n   10  chromedriver                        0x000000010fb58745 chromedriver + 337733\n   11  chromedriver                        0x000000010ff89efe chromedriver + 4734718\n   12  chromedriver                        0x000000010ffa3a19 chromedriver + 4839961\n   13  chromedriver                        0x000000010ffa91c8 chromedriver + 4862408\n   14  chromedriver                        0x000000010ffa43aa chromedriver + 4842410\n   15  chromedriver                        0x000000010ff7ea01 chromedriver + 4688385\n   16  chromedriver                        0x000000010ffbf538 chromedriver + 4953400\n   17  chromedriver                        0x000000010ffbf6c1 chromedriver + 4953793\n   18  chromedriver                        0x000000010ffd5225 chromedriver + 5042725\n   19  libsystem_pthread.dylib             0x00007ff81ed7b4f4 _pthread_start + 125\n   20  libsystem_pthread.dylib             0x00007ff81ed7700f thread_start + 15\n", "test_name": "test_btn_it_courses_admin_linux_exists[Chrome]", "rerun": "0"}, "15": {"status": "PASS", "message": "", "test_name": "test_btn_it_courses_admin_other_exists[Chrome]", "rerun": "0"}, "16": {"status": "PASS", "message": "", "test_name": "test_btn_it_courses_dev_aws_exists[Chrome]", "rerun": "0"}, "17": {"status": "FAIL", "message": "   selenium.common.exceptions.TimeoutException: Message: \n   Stacktrace:\n   0   chromedriver                        0x000000010ffcdee9 chromedriver + 5013225\n   1   chromedriver                        0x000000010ff591d3 chromedriver + 4534739\n   2   chromedriver                        0x000000010fb2fa68 chromedriver + 170600\n   3   chromedriver                        0x000000010fb64152 chromedriver + 385362\n   4   chromedriver                        0x000000010fb64311 chromedriver + 385809\n   5   chromedriver                        0x000000010fb96324 chromedriver + 590628\n   6   chromedriver                        0x000000010fb8180d chromedriver + 505869\n   7   chromedriver                        0x000000010fb94074 chromedriver + 581748\n   8   chromedriver                        0x000000010fb816d3 chromedriver + 505555\n   9   chromedriver                        0x000000010fb5776e chromedriver + 333678\n   10  chromedriver                        0x000000010fb58745 chromedriver + 337733\n   11  chromedriver                        0x000000010ff89efe chromedriver + 4734718\n   12  chromedriver                        0x000000010ffa3a19 chromedriver + 4839961\n   13  chromedriver                        0x000000010ffa91c8 chromedriver + 4862408\n   14  chromedriver                        0x000000010ffa43aa chromedriver + 4842410\n   15  chromedriver                        0x000000010ff7ea01 chromedriver + 4688385\n   16  chromedriver                        0x000000010ffbf538 chromedriver + 4953400\n   17  chromedriver                        0x000000010ffbf6c1 chromedriver + 4953793\n   18  chromedriver                        0x000000010ffd5225 chromedriver + 5042725\n   19  libsystem_pthread.dylib             0x00007ff81ed7b4f4 _pthread_start + 125\n   20  libsystem_pthread.dylib             0x00007ff81ed7700f thread_start + 15\n", "test_name": "test_btn_it_courses_dev_micr_exists[Chrome]", "rerun": "0"}, "18": {"status": "FAIL", "message": "   selenium.common.exceptions.TimeoutException: Message: \n   Stacktrace:\n   0   chromedriver                        0x000000010ffcdee9 chromedriver + 5013225\n   1   chromedriver                        0x000000010ff591d3 chromedriver + 4534739\n   2   chromedriver                        0x000000010fb2fa68 chromedriver + 170600\n   3   chromedriver                        0x000000010fb64152 chromedriver + 385362\n   4   chromedriver                        0x000000010fb64311 chromedriver + 385809\n   5   chromedriver                        0x000000010fb96324 chromedriver + 590628\n   6   chromedriver                        0x000000010fb8180d chromedriver + 505869\n   7   chromedriver                        0x000000010fb94074 chromedriver + 581748\n   8   chromedriver                        0x000000010fb816d3 chromedriver + 505555\n   9   chromedriver                        0x000000010fb5776e chromedriver + 333678\n   10  chromedriver                        0x000000010fb58745 chromedriver + 337733\n   11  chromedriver                        0x000000010ff89efe chromedriver + 4734718\n   12  chromedriver                        0x000000010ffa3a19 chromedriver + 4839961\n   13  chromedriver                        0x000000010ffa91c8 chromedriver + 4862408\n   14  chromedriver                        0x000000010ffa43aa chromedriver + 4842410\n   15  chromedriver                        0x000000010ff7ea01 chromedriver + 4688385\n   16  chromedriver                        0x000000010ffbf538 chromedriver + 4953400\n   17  chromedriver                        0x000000010ffbf6c1 chromedriver + 4953793\n   18  chromedriver                        0x000000010ffd5225 chromedriver + 5042725\n   19  libsystem_pthread.dylib             0x00007ff81ed7b4f4 _pthread_start + 125\n   20  libsystem_pthread.dylib             0x00007ff81ed7700f thread_start + 15\n", "test_name": "test_btn_it_courses_dev_java_exists[Chrome]", "rerun": "0"}, "19": {"status": "PASS", "message": "", "test_name": "test_btn_it_courses_dev_webdev_exists[Chrome]", "rerun": "0"}, "20": {"status": "PASS", "message": "", "test_name": "test_btn_it_courses_dev_mobdev_exists[Chrome]", "rerun": "0"}, "21": {"status": "PASS", "message": "", "test_name": "test_btn_it_courses_dev_pyth_exists[Chrome]", "rerun": "0"}, "22": {"status": "PASS", "message": "", "test_name": "test_btn_it_courses_dev_other_exists[Chrome]", "rerun": "0"}, "23": {"status": "PASS", "message": "", "test_name": "test_btn_leader_courses_itil_exists[Chrome]", "rerun": "0"}, "24": {"status": "PASS", "message": "", "test_name": "test_btn_leader_courses_risk_exists[Chrome]", "rerun": "0"}, "25": {"status": "PASS", "message": "", "test_name": "test_btn_leader_courses_busn_an_exists[Chrome]", "rerun": "0"}, "26": {"status": "FAIL", "message": "   selenium.common.exceptions.TimeoutException: Message: \n   Stacktrace:\n   0   chromedriver                        0x000000010ffcdee9 chromedriver + 5013225\n   1   chromedriver                        0x000000010ff591d3 chromedriver + 4534739\n   2   chromedriver                        0x000000010fb2fa68 chromedriver + 170600\n   3   chromedriver                        0x000000010fb64152 chromedriver + 385362\n   4   chromedriver                        0x000000010fb64311 chromedriver + 385809\n   5   chromedriver                        0x000000010fb96324 chromedriver + 590628\n   6   chromedriver                        0x000000010fb8180d chromedriver + 505869\n   7   chromedriver                        0x000000010fb94074 chromedriver + 581748\n   8   chromedriver                        0x000000010fb816d3 chromedriver + 505555\n   9   chromedriver                        0x000000010fb5776e chromedriver + 333678\n   10  chromedriver                        0x000000010fb58745 chromedriver + 337733\n   11  chromedriver                        0x000000010ff89efe chromedriver + 4734718\n   12  chromedriver                        0x000000010ffa3a19 chromedriver + 4839961\n   13  chromedriver                        0x000000010ffa91c8 chromedriver + 4862408\n   14  chromedriver                        0x000000010ffa43aa chromedriver + 4842410\n   15  chromedriver                        0x000000010ff7ea01 chromedriver + 4688385\n   16  chromedriver                        0x000000010ffbf538 chromedriver + 4953400\n   17  chromedriver                        0x000000010ffbf6c1 chromedriver + 4953793\n   18  chromedriver                        0x000000010ffd5225 chromedriver + 5042725\n   19  libsystem_pthread.dylib             0x00007ff81ed7b4f4 _pthread_start + 125\n   20  libsystem_pthread.dylib             0x00007ff81ed7700f thread_start + 15\n", "test_name": "test_btn_creating_value_agile_exists[Chrome]", "rerun": "0"}, "27": {"status": "FAIL", "message": "   selenium.common.exceptions.TimeoutException: Message: \n   Stacktrace:\n   0   chromedriver                        0x000000010ffcdee9 chromedriver + 5013225\n   1   chromedriver                        0x000000010ff591d3 chromedriver + 4534739\n   2   chromedriver                        0x000000010fb2fa68 chromedriver + 170600\n   3   chromedriver                        0x000000010fb64152 chromedriver + 385362\n   4   chromedriver                        0x000000010fb64311 chromedriver + 385809\n   5   chromedriver                        0x000000010fb96324 chromedriver + 590628\n   6   chromedriver                        0x000000010fb8180d chromedriver + 505869\n   7   chromedriver                        0x000000010fb94074 chromedriver + 581748\n   8   chromedriver                        0x000000010fb816d3 chromedriver + 505555\n   9   chromedriver                        0x000000010fb5776e chromedriver + 333678\n   10  chromedriver                        0x000000010fb58745 chromedriver + 337733\n   11  chromedriver                        0x000000010ff89efe chromedriver + 4734718\n   12  chromedriver                        0x000000010ffa3a19 chromedriver + 4839961\n   13  chromedriver                        0x000000010ffa91c8 chromedriver + 4862408\n   14  chromedriver                        0x000000010ffa43aa chromedriver + 4842410\n   15  chromedriver                        0x000000010ff7ea01 chromedriver + 4688385\n   16  chromedriver                        0x000000010ffbf538 chromedriver + 4953400\n   17  chromedriver                        0x000000010ffbf6c1 chromedriver + 4953793\n   18  chromedriver                        0x000000010ffd5225 chromedriver + 5042725\n   19  libsystem_pthread.dylib             0x00007ff81ed7b4f4 _pthread_start + 125\n   20  libsystem_pthread.dylib             0x00007ff81ed7700f thread_start + 15\n", "test_name": "test_btn_creating_value_devops_exists[Chrome]", "rerun": "0"}, "28": {"status": "PASS", "message": "", "test_name": "test_btn_office_exists[Chrome]", "rerun": "0"}, "29": {"status": "FAIL", "message": "   selenium.common.exceptions.TimeoutException: Message: \n   Stacktrace:\n   0   chromedriver                        0x000000010ffcdee9 chromedriver + 5013225\n   1   chromedriver                        0x000000010ff591d3 chromedriver + 4534739\n   2   chromedriver                        0x000000010fb2fa68 chromedriver + 170600\n   3   chromedriver                        0x000000010fb64152 chromedriver + 385362\n   4   chromedriver                        0x000000010fb64311 chromedriver + 385809\n   5   chromedriver                        0x000000010fb96324 chromedriver + 590628\n   6   chromedriver                        0x000000010fb8180d chromedriver + 505869\n   7   chromedriver                        0x000000010fb94074 chromedriver + 581748\n   8   chromedriver                        0x000000010fb816d3 chromedriver + 505555\n   9   chromedriver                        0x000000010fb5776e chromedriver + 333678\n   10  chromedriver                        0x000000010fb58745 chromedriver + 337733\n   11  chromedriver                        0x000000010ff89efe chromedriver + 4734718\n   12  chromedriver                        0x000000010ffa3a19 chromedriver + 4839961\n   13  chromedriver                        0x000000010ffa91c8 chromedriver + 4862408\n   14  chromedriver                        0x000000010ffa43aa chromedriver + 4842410\n   15  chromedriver                        0x000000010ff7ea01 chromedriver + 4688385\n   16  chromedriver                        0x000000010ffbf538 chromedriver + 4953400\n   17  chromedriver                        0x000000010ffbf6c1 chromedriver + 4953793\n   18  chromedriver                        0x000000010ffd5225 chromedriver + 5042725\n   19  libsystem_pthread.dylib             0x00007ff81ed7b4f4 _pthread_start + 125\n   20  libsystem_pthread.dylib             0x00007ff81ed7700f thread_start + 15\n", "test_name": "test_btn_office_mo_exists[Chrome]", "rerun": "0"}, "30": {"status": "FAIL", "message": "   selenium.common.exceptions.TimeoutException: Message: \n   Stacktrace:\n   0   chromedriver                        0x000000010ffcdee9 chromedriver + 5013225\n   1   chromedriver                        0x000000010ff591d3 chromedriver + 4534739\n   2   chromedriver                        0x000000010fb2fa68 chromedriver + 170600\n   3   chromedriver                        0x000000010fb64152 chromedriver + 385362\n   4   chromedriver                        0x000000010fb64311 chromedriver + 385809\n   5   chromedriver                        0x000000010fb96324 chromedriver + 590628\n   6   chromedriver                        0x000000010fb8180d chromedriver + 505869\n   7   chromedriver                        0x000000010fb94074 chromedriver + 581748\n   8   chromedriver                        0x000000010fb816d3 chromedriver + 505555\n   9   chromedriver                        0x000000010fb5776e chromedriver + 333678\n   10  chromedriver                        0x000000010fb58745 chromedriver + 337733\n   11  chromedriver                        0x000000010ff89efe chromedriver + 4734718\n   12  chromedriver                        0x000000010ffa3a19 chromedriver + 4839961\n   13  chromedriver                        0x000000010ffa91c8 chromedriver + 4862408\n   14  chromedriver                        0x000000010ffa43aa chromedriver + 4842410\n   15  chromedriver                        0x000000010ff7ea01 chromedriver + 4688385\n   16  chromedriver                        0x000000010ffbf538 chromedriver + 4953400\n   17  chromedriver                        0x000000010ffbf6c1 chromedriver + 4953793\n   18  chromedriver                        0x000000010ffd5225 chromedriver + 5042725\n   19  libsystem_pthread.dylib             0x00007ff81ed7b4f4 _pthread_start + 125\n   20  libsystem_pthread.dylib             0x00007ff81ed7700f thread_start + 15\n", "test_name": "test_btn_office_mo365_exists[Chrome]", "rerun": "0"}, "31": {"status": "FAIL", "message": "   selenium.common.exceptions.TimeoutException: Message:\n", "test_name": "test_btn_office_da_exists[Chrome]", "rerun": "0"}, "32": {"status": "FAIL", "message": "   selenium.common.exceptions.TimeoutException: Message: \n   Stacktrace:\n   0   chromedriver                        0x000000010ffcdee9 chromedriver + 5013225\n   1   chromedriver                        0x000000010ff591d3 chromedriver + 4534739\n   2   chromedriver                        0x000000010fb2fa68 chromedriver + 170600\n   3   chromedriver                        0x000000010fb64152 chromedriver + 385362\n   4   chromedriver                        0x000000010fb64311 chromedriver + 385809\n   5   chromedriver                        0x000000010fb96324 chromedriver + 590628\n   6   chromedriver                        0x000000010fb8180d chromedriver + 505869\n   7   chromedriver                        0x000000010fb94074 chromedriver + 581748\n   8   chromedriver                        0x000000010fb816d3 chromedriver + 505555\n   9   chromedriver                        0x000000010fb5776e chromedriver + 333678\n   10  chromedriver                        0x000000010fb58745 chromedriver + 337733\n   11  chromedriver                        0x000000010ff89efe chromedriver + 4734718\n   12  chromedriver                        0x000000010ffa3a19 chromedriver + 4839961\n   13  chromedriver                        0x000000010ffa91c8 chromedriver + 4862408\n   14  chromedriver                        0x000000010ffa43aa chromedriver + 4842410\n   15  chromedriver                        0x000000010ff7ea01 chromedriver + 4688385\n   16  chromedriver                        0x000000010ffbf538 chromedriver + 4953400\n   17  chromedriver                        0x000000010ffbf6c1 chromedriver + 4953793\n   18  chromedriver                        0x000000010ffd5225 chromedriver + 5042725\n   19  libsystem_pthread.dylib             0x00007ff81ed7b4f4 _pthread_start + 125\n   20  libsystem_pthread.dylib             0x00007ff81ed7700f thread_start + 15\n", "test_name": "test_btn_office_gwc_exists[Chrome]", "rerun": "0"}, "33": {"status": "PASS", "message": "", "test_name": "test_btn_comp_man_exists[Chrome]", "rerun": "0"}, "34": {"status": "FAIL", "message": "   selenium.common.exceptions.TimeoutException: Message: \n   Stacktrace:\n   0   chromedriver                        0x000000010ffcdee9 chromedriver + 5013225\n   1   chromedriver                        0x000000010ff591d3 chromedriver + 4534739\n   2   chromedriver                        0x000000010fb2fa68 chromedriver + 170600\n   3   chromedriver                        0x000000010fb64152 chromedriver + 385362\n   4   chromedriver                        0x000000010fb64311 chromedriver + 385809\n   5   chromedriver                        0x000000010fb96324 chromedriver + 590628\n   6   chromedriver                        0x000000010fb8180d chromedriver + 505869\n   7   chromedriver                        0x000000010fb94074 chromedriver + 581748\n   8   chromedriver                        0x000000010fb816d3 chromedriver + 505555\n   9   chromedriver                        0x000000010fb5776e chromedriver + 333678\n   10  chromedriver                        0x000000010fb58745 chromedriver + 337733\n   11  chromedriver                        0x000000010ff89efe chromedriver + 4734718\n   12  chromedriver                        0x000000010ffa3a19 chromedriver + 4839961\n   13  chromedriver                        0x000000010ffa91c8 chromedriver + 4862408\n   14  chromedriver                        0x000000010ffa43aa chromedriver + 4842410\n   15  chromedriver                        0x000000010ff7ea01 chromedriver + 4688385\n   16  chromedriver                        0x000000010ffbf538 chromedriver + 4953400\n   17  chromedriver                        0x000000010ffbf6c1 chromedriver + 4953793\n   18  chromedriver                        0x000000010ffd5225 chromedriver + 5042725\n   19  libsystem_pthread.dylib             0x00007ff81ed7b4f4 _pthread_start + 125\n   20  libsystem_pthread.dylib             0x00007ff81ed7700f thread_start + 15\n", "test_name": "test_btn_comp_man_sap_exists[Chrome]", "rerun": "0"}, "35": {"status": "FAIL", "message": "   selenium.common.exceptions.TimeoutException: Message: \n   Stacktrace:\n   0   chromedriver                        0x000000010ffcdee9 chromedriver + 5013225\n   1   chromedriver                        0x000000010ff591d3 chromedriver + 4534739\n   2   chromedriver                        0x000000010fb2fa68 chromedriver + 170600\n   3   chromedriver                        0x000000010fb64152 chromedriver + 385362\n   4   chromedriver                        0x000000010fb64311 chromedriver + 385809\n   5   chromedriver                        0x000000010fb96324 chromedriver + 590628\n   6   chromedriver                        0x000000010fb8180d chromedriver + 505869\n   7   chromedriver                        0x000000010fb94074 chromedriver + 581748\n   8   chromedriver                        0x000000010fb816d3 chromedriver + 505555\n   9   chromedriver                        0x000000010fb5776e chromedriver + 333678\n   10  chromedriver                        0x000000010fb58745 chromedriver + 337733\n   11  chromedriver                        0x000000010ff89efe chromedriver + 4734718\n   12  chromedriver                        0x000000010ffa3a19 chromedriver + 4839961\n   13  chromedriver                        0x000000010ffa91c8 chromedriver + 4862408\n   14  chromedriver                        0x000000010ffa43aa chromedriver + 4842410\n   15  chromedriver                        0x000000010ff7ea01 chromedriver + 4688385\n   16  chromedriver                        0x000000010ffbf538 chromedriver + 4953400\n   17  chromedriver                        0x000000010ffbf6c1 chromedriver + 4953793\n   18  chromedriver                        0x000000010ffd5225 chromedriver + 5042725\n   19  libsystem_pthread.dylib             0x00007ff81ed7b4f4 _pthread_start + 125\n   20  libsystem_pthread.dylib             0x00007ff81ed7700f thread_start + 15\n", "test_name": "test_btn_comp_man_sfc_exists[Chrome]", "rerun": "0"}, "36": {"status": "PASS", "message": "", "test_name": "test_btn_car_start_p_exists[Chrome]", "rerun": "0"}, "37": {"status": "FAIL", "message": "   selenium.common.exceptions.TimeoutException: Message: \n   Stacktrace:\n   0   chromedriver                        0x000000010ffcdee9 chromedriver + 5013225\n   1   chromedriver                        0x000000010ff591d3 chromedriver + 4534739\n   2   chromedriver                        0x000000010fb2fa68 chromedriver + 170600\n   3   chromedriver                        0x000000010fb64152 chromedriver + 385362\n   4   chromedriver                        0x000000010fb64311 chromedriver + 385809\n   5   chromedriver                        0x000000010fb96324 chromedriver + 590628\n   6   chromedriver                        0x000000010fb8180d chromedriver + 505869\n   7   chromedriver                        0x000000010fb94074 chromedriver + 581748\n   8   chromedriver                        0x000000010fb816d3 chromedriver + 505555\n   9   chromedriver                        0x000000010fb5776e chromedriver + 333678\n   10  chromedriver                        0x000000010fb58745 chromedriver + 337733\n   11  chromedriver                        0x000000010ff89efe chromedriver + 4734718\n   12  chromedriver                        0x000000010ffa3a19 chromedriver + 4839961\n   13  chromedriver                        0x000000010ffa91c8 chromedriver + 4862408\n   14  chromedriver                        0x000000010ffa43aa chromedriver + 4842410\n   15  chromedriver                        0x000000010ff7ea01 chromedriver + 4688385\n   16  chromedriver                        0x000000010ffbf538 chromedriver + 4953400\n   17  chromedriver                        0x000000010ffbf6c1 chromedriver + 4953793\n   18  chromedriver                        0x000000010ffd5225 chromedriver + 5042725\n   19  libsystem_pthread.dylib             0x00007ff81ed7b4f4 _pthread_start + 125\n   20  libsystem_pthread.dylib             0x00007ff81ed7700f thread_start + 15\n", "test_name": "test_btn_car_fy_exists[Chrome]", "rerun": "0"}, "38": {"status": "FAIL", "message": "   selenium.common.exceptions.TimeoutException: Message:\n", "test_name": "test_btn_for_emp_exists[Chrome]", "rerun": "0"}, "39": {"status": "FAIL", "message": "   selenium.common.exceptions.TimeoutException: Message:\n", "test_name": "test_btn_car_fy_jun_dev_exists[Chrome]", "rerun": "0"}, "40": {"status": "FAIL", "message": "   selenium.common.exceptions.TimeoutException: Message:\n", "test_name": "test_btn_car_fy_app_ad_exists[Chrome]", "rerun": "0"}, "41": {"status": "FAIL", "message": "   selenium.common.exceptions.TimeoutException: Message:\n", "test_name": "test_btn_car_fy_soft_exists[Chrome]", "rerun": "0"}, "42": {"status": "FAIL", "message": "   selenium.common.exceptions.TimeoutException: Message:\n", "test_name": "test_btn_car_fy_hir_proc_exists[Chrome]", "rerun": "0"}, "43": {"status": "FAIL", "message": "   selenium.common.exceptions.TimeoutException: Message:\n", "test_name": "test_btn_car_fy_apply_exists[Chrome]", "rerun": "0"}, "44": {"status": "FAIL", "message": "   selenium.common.exceptions.TimeoutException: Message: \n   Stacktrace:\n   0   chromedriver                        0x000000010ffcdee9 chromedriver + 5013225\n   1   chromedriver                        0x000000010ff591d3 chromedriver + 4534739\n   2   chromedriver                        0x000000010fb2fa68 chromedriver + 170600\n   3   chromedriver                        0x000000010fb64152 chromedriver + 385362\n   4   chromedriver                        0x000000010fb64311 chromedriver + 385809\n   5   chromedriver                        0x000000010fb96324 chromedriver + 590628\n   6   chromedriver                        0x000000010fb8180d chromedriver + 505869\n   7   chromedriver                        0x000000010fb94074 chromedriver + 581748\n   8   chromedriver                        0x000000010fb816d3 chromedriver + 505555\n   9   chromedriver                        0x000000010fb5776e chromedriver + 333678\n   10  chromedriver                        0x000000010fb58745 chromedriver + 337733\n   11  chromedriver                        0x000000010ff89efe chromedriver + 4734718\n   12  chromedriver                        0x000000010ffa3a19 chromedriver + 4839961\n   13  chromedriver                        0x000000010ffa91c8 chromedriver + 4862408\n   14  chromedriver                        0x000000010ffa43aa chromedriver + 4842410\n   15  chromedriver                        0x000000010ff7ea01 chromedriver + 4688385\n   16  chromedriver                        0x000000010ffbf538 chromedriver + 4953400\n   17  chromedriver                        0x000000010ffbf6c1 chromedriver + 4953793\n   18  chromedriver                        0x000000010ffd5225 chromedriver + 5042725\n   19  libsystem_pthread.dylib             0x00007ff81ed7b4f4 _pthread_start + 125\n   20  libsystem_pthread.dylib             0x00007ff81ed7700f thread_start + 15\n", "test_name": "test_btn_car_fy_faq_exists[Chrome]", "rerun": "0"}, "45": {"status": "FAIL", "message": "   selenium.common.exceptions.TimeoutException: Message:\n", "test_name": "test_btn_for_emp_prog_exists[Chrome]", "rerun": "0"}, "46": {"status": "FAIL", "message": "   selenium.common.exceptions.TimeoutException: Message:\n", "test_name": "test_btn_for_emp_jun_dev_exists[Chrome]", "rerun": "0"}, "47": {"status": "FAIL", "message": "   selenium.common.exceptions.TimeoutException: Message:\n", "test_name": "test_btn_for_emp_fin_exists[Chrome]", "rerun": "0"}, "48": {"status": "FAIL", "message": "   selenium.common.exceptions.TimeoutException: Message:\n", "test_name": "test_btn_for_emp_select_exists[Chrome]", "rerun": "0"}, "49": {"status": "FAIL", "message": "   selenium.common.exceptions.TimeoutException: Message:\n", "test_name": "test_btn_for_emp_grnt_exists[Chrome]", "rerun": "0"}}, "suite_name": "test_mainpage_units.py"}}}, "date": "February 17, 2022", "start_time": 1645133323.0178418, "total_suite": 1, "status": "FAIL", "status_list": {"pass": "20", "fail": "30", "skip": "0", "error": "0", "xpass": "0", "xfail": "0", "rerun": "0"}, "total_tests": "50"}