{"name": "test_login[Chrome]", "status": "failed", "statusDetails": {"message": "AssertionError: assert False", "trace": "self = <test_login.Test_login object at 0x10e2ac7f0>\n\n    def test_login(self):\n        self.browser = Login(self.browser)\n        try:\n            self.browser.do_login(Testdata.USERNAME, Testdata.PASSWORD)\n>           title_after_login = self.browser.get_title_after_login(Testdata.AFTER_LOGIN_PAGE_TITLE)\n\ntest_login.py:52: \n_ _ _ _ _ _ _ _ _ _ _ _ _ _ _ _ _ _ _ _ _ _ _ _ _ _ _ _ _ _ _ _ _ _ _ _ _ _ _ _ _ _ _ _ _ _ _ _ _ _ _ _ _ _ _ _ _ _ _ _ _ _ _ _ _ \n\nself = <login.Login object at 0x10e2e5430>, title = 'Az oldal nem tal치lhat칩 - Training360'\n\n    def get_title_after_login(self, title):\n>       return self.get_title(title)\n\n../../Pages/Navbar/login.py:48: \n_ _ _ _ _ _ _ _ _ _ _ _ _ _ _ _ _ _ _ _ _ _ _ _ _ _ _ _ _ _ _ _ _ _ _ _ _ _ _ _ _ _ _ _ _ _ _ _ _ _ _ _ _ _ _ _ _ _ _ _ _ _ _ _ _ \n\nself = <login.Login object at 0x10e2e5430>, title = 'Az oldal nem tal치lhat칩 - Training360'\n\n    def get_title(self, title):\n>       wait(self.browser, 10).until(EC.title_is(title))\n\n../../Configs/basemethods.py:32: \n_ _ _ _ _ _ _ _ _ _ _ _ _ _ _ _ _ _ _ _ _ _ _ _ _ _ _ _ _ _ _ _ _ _ _ _ _ _ _ _ _ _ _ _ _ _ _ _ _ _ _ _ _ _ _ _ _ _ _ _ _ _ _ _ _ \n\nself = <selenium.webdriver.support.wait.WebDriverWait (session=\"fac857d54930d004901844cfce272221\")>\nmethod = <function title_is.<locals>._predicate at 0x10e2e8280>, message = ''\n\n    def until(self, method, message=''):\n        \"\"\"Calls the method provided with the driver as an argument until the \\\n        return value does not evaluate to ``False``.\n    \n        :param method: callable(WebDriver)\n        :param message: optional message for :exc:`TimeoutException`\n        :returns: the result of the last call to `method`\n        :raises: :exc:`selenium.common.exceptions.TimeoutException` if timeout occurs\n        \"\"\"\n        screen = None\n        stacktrace = None\n    \n        end_time = time.time() + self._timeout\n        while True:\n            try:\n                value = method(self._driver)\n                if value:\n                    return value\n            except InvalidSelectorException as e:\n                raise e\n            except self._ignored_exceptions as exc:\n                screen = getattr(exc, 'screen', None)\n                stacktrace = getattr(exc, 'stacktrace', None)\n            time.sleep(self._poll)\n            if time.time() > end_time:\n                break\n>       raise TimeoutException(message, screen, stacktrace)\nE       selenium.common.exceptions.TimeoutException: Message:\n\n/usr/local/lib/python3.9/site-packages/selenium/webdriver/support/wait.py:89: TimeoutException\n\nDuring handling of the above exception, another exception occurred:\n\nself = <test_login.Test_login object at 0x10e2ac7f0>\n\n    def test_login(self):\n        self.browser = Login(self.browser)\n        try:\n            self.browser.do_login(Testdata.USERNAME, Testdata.PASSWORD)\n            title_after_login = self.browser.get_title_after_login(Testdata.AFTER_LOGIN_PAGE_TITLE)\n            assert title_after_login == Testdata.AFTER_LOGIN_PAGE_TITLE\n    \n        except:\n            screen_shot = 'test_login.png'\n            self.browser.save_screenshot(screen_shot)\n    \n            with open (screen_shot, mode= 'rb') as file:\n                f = file.read()\n            allure.attach(f, 'screenshot', allure.attachment_type.PNG )\n>           assert False\nE           assert False\n\ntest_login.py:62: AssertionError"}, "attachments": [{"name": "screenshot", "source": "1abed34f-6bf4-4384-a89b-85a6e023bebb-attachment.png", "type": "image/png"}], "parameters": [{"name": "init_driver", "value": "'Chrome'"}], "start": 1644972009896, "stop": 1644972023033, "uuid": "ef6e9bed-1980-49dd-aee8-0b1d703e33f5", "historyId": "1d337f6177ef84e5f0749769206941fd", "testCaseId": "3a813c8ad20c1605f15f92658026b13f", "fullName": "test_login.Test_login#test_login", "labels": [{"name": "tag", "value": "@pytest.mark.usefixtures('init_driver')"}, {"name": "suite", "value": "test_login"}, {"name": "subSuite", "value": "Test_login"}, {"name": "host", "value": "Opens-MacBook-Air.local"}, {"name": "thread", "value": "16520-MainThread"}, {"name": "framework", "value": "pytest"}, {"name": "language", "value": "cpython3"}, {"name": "package", "value": "test_login"}]}