{"content": {"suites": {"0": {"status": {"total_pass": 4, "total_skip": 0, "total_xpass": 0, "total_xfail": 0, "total_rerun": 0, "total_fail": 12, "total_error": 0}, "tests": {"0": {"status": "PASS", "message": "", "test_name": "test_get_trainings_trainings_title[chromium]", "rerun": "0"}, "1": {"status": "FAIL", "message": "   AttributeError: 'Trainings_Trainings' object has no attribute 'btn_soft_skill_trainings_exists'\n", "test_name": "test_btn_soft_skill_trainings_exists[chromium]", "rerun": "0"}, "2": {"status": "FAIL", "message": "   AttributeError: 'Trainings_Trainings' object has no attribute 'btn_projectmanagement_exists'\n", "test_name": "test_btn_projectmanagement_exists[chromium]", "rerun": "0"}, "3": {"status": "FAIL", "message": "   AttributeError: 'Trainings_Trainings' object has no attribute 'btn_trainings_open_trainings_schedule_exists'\n", "test_name": "test_btn_trainings_open_trainings_schedule_exists[chromium]", "rerun": "0"}, "4": {"status": "FAIL", "message": "   AttributeError: 'Trainings_Trainings' object has no attribute 'btn_trainings_catalogue_exists'\n", "test_name": "test_btn_trainings_catalogue_exists[chromium]", "rerun": "0"}, "5": {"status": "FAIL", "message": "   selenium.common.exceptions.ElementClickInterceptedException: Message: element click intercepted: Element <a href=\"/treningek/soft-skill\" class=\"btn btn-secondary btn--training-home\" role=\"button\">...</a> is not clickable at point (292, 670). Other element would receive the click: <div class=\"col-lg-9\">...</div>\n     (Session info: chrome=97.0.4692.71)\n", "test_name": "test_nav_to_softskill_trainings[chromium]", "rerun": "0"}, "6": {"status": "FAIL", "message": "   selenium.common.exceptions.TimeoutException: Message:\n", "test_name": "test_get_trainings_softskill_title[chromium]", "rerun": "0"}, "7": {"status": "PASS", "message": "", "test_name": "test_nav_back1[chromium]", "rerun": "0"}, "8": {"status": "FAIL", "message": "   selenium.common.exceptions.ElementClickInterceptedException: Message: element click intercepted: Element <a href=\"/treningek/projektmenedzsment\" class=\"btn btn-secondary btn--training-home\" role=\"button\">...</a> is not clickable at point (292, 670). Other element would receive the click: <div class=\"col-lg-9\">...</div>\n     (Session info: chrome=97.0.4692.71)\n", "test_name": "test_nav_to_projectmanagement[chromium]", "rerun": "0"}, "9": {"status": "PASS", "message": "", "test_name": "test_get_projectmanagement_title[chromium]", "rerun": "0"}, "10": {"status": "PASS", "message": "", "test_name": "test_nav_back2[chromium]", "rerun": "0"}, "11": {"status": "FAIL", "message": "   AttributeError: 'Trainings_Trainings' object has no attribute 'nav_to_projectmanagement_lean'\n", "test_name": "test_nav_to_trainings_open_trainings_schedule[chromium]", "rerun": "0"}, "12": {"status": "FAIL", "message": "   AttributeError: 'Trainings_Trainings_Open_Trainings_Schedule' object has no attribute 'get_trainings_trainings_open_trainings_schedule'\n", "test_name": "test_get_trainings_trainings_open_trainings_schedule[chromium]", "rerun": "0"}, "13": {"status": "FAIL", "message": "   selenium.common.exceptions.ElementClickInterceptedException: Message: element click intercepted: Element <a href=\"/treningek/katalogus\" class=\"btn btn-secondary btn--training-home\" role=\"button\">...</a> is not clickable at point (292, 670). Other element would receive the click: <div class=\"col-lg-9\">...</div>\n     (Session info: chrome=97.0.4692.71)\n", "test_name": "test_nav_to_trainings_catalogue[chromium]", "rerun": "0"}, "14": {"status": "FAIL", "message": "   AttributeError: 'Trainings_Trainings_Catalogue' object has no attribute 'get_trainings_trainings_catalogue_title'\n", "test_name": "test_get_trainings_trainings_catalogue_title[chromium]", "rerun": "0"}, "15": {"status": "FAIL", "message": "   AttributeError: 'Trainings_Trainings_Catalogue' object has no attribute 'go_back'\n", "test_name": "test_nav_back3[chromium]", "rerun": "0"}}, "suite_name": "test_nav_trainings_trainings.py"}}}, "date": "January 16, 2022", "start_time": 1642351899.4478521, "total_suite": 1, "status": "FAIL", "status_list": {"pass": "4", "fail": "12", "skip": "0", "error": "0", "xpass": "0", "xfail": "0", "rerun": "0"}, "total_tests": "16"}