{"content": {"suites": {"0": {"status": {"total_pass": 9, "total_skip": 0, "total_xpass": 0, "total_xfail": 0, "total_rerun": 0, "total_fail": 4, "total_error": 0}, "tests": {"0": {"status": "FAIL", "message": "   AttributeError: 'Trainings_Projectmanagement' object has no attribute 'get_trainings_softskill_title'\n", "test_name": "test_get_trainings_softskill_title[chromium]", "rerun": "0"}, "1": {"status": "PASS", "message": "", "test_name": "test_btn_projectmanagement_traditional_exists[chromium]", "rerun": "0"}, "2": {"status": "PASS", "message": "", "test_name": "test_btn_projectmanagement_agile_exists[chromium]", "rerun": "0"}, "3": {"status": "PASS", "message": "", "test_name": "test_btn_projectmanagement_lean_exists[chromium]", "rerun": "0"}, "4": {"status": "PASS", "message": "", "test_name": "test_nav_to_projectmanagement_traditional[chromium]", "rerun": "0"}, "5": {"status": "FAIL", "message": "   selenium.common.exceptions.TimeoutException: Message:\n", "test_name": "test_get_projectmanagement_traditional_title[chromium]", "rerun": "0"}, "6": {"status": "PASS", "message": "", "test_name": "test_nav_back1[chromium]", "rerun": "0"}, "7": {"status": "PASS", "message": "", "test_name": "test_nav_to_projectmanagement_agile[chromium]", "rerun": "0"}, "8": {"status": "FAIL", "message": "   selenium.common.exceptions.TimeoutException: Message:\n", "test_name": "test_get_nav_to_projectmanagement_agile_title[chromium]", "rerun": "0"}, "9": {"status": "PASS", "message": "", "test_name": "test_nav_back2[chromium]", "rerun": "0"}, "10": {"status": "PASS", "message": "", "test_name": "test_nav_to_projectmanagement_lean[chromium]", "rerun": "0"}, "11": {"status": "FAIL", "message": "   selenium.common.exceptions.TimeoutException: Message:\n", "test_name": "test_get_projectmanagement_lean_title[chromium]", "rerun": "0"}, "12": {"status": "PASS", "message": "", "test_name": "test_nav_back3[chromium]", "rerun": "0"}}, "suite_name": "test_nav_trainings_projectmanagement.py"}}}, "date": "January 16, 2022", "start_time": 1642349793.904556, "total_suite": 1, "status": "FAIL", "status_list": {"pass": "9", "fail": "4", "skip": "0", "error": "0", "xpass": "0", "xfail": "0", "rerun": "0"}, "total_tests": "13"}